ARM GAS  C:\Users\andywei\AppData\Local\Temp\ccn0Ow7h.s 			page 1


   1              		.cpu cortex-m4
   2              		.eabi_attribute 27, 1
   3              		.eabi_attribute 28, 1
   4              		.eabi_attribute 20, 1
   5              		.eabi_attribute 21, 1
   6              		.eabi_attribute 23, 3
   7              		.eabi_attribute 24, 1
   8              		.eabi_attribute 25, 1
   9              		.eabi_attribute 26, 1
  10              		.eabi_attribute 30, 1
  11              		.eabi_attribute 34, 1
  12              		.eabi_attribute 18, 4
  13              		.file	"fifo.c"
  14              		.text
  15              	.Ltext0:
  16              		.cfi_sections	.debug_frame
  17              		.section	.text.FifoNext,"ax",%progbits
  18              		.align	1
  19              		.arch armv7e-m
  20              		.syntax unified
  21              		.thumb
  22              		.thumb_func
  23              		.fpu fpv4-sp-d16
  25              	FifoNext:
  26              	.LVL0:
  27              	.LFB0:
  28              		.file 1 "Core/Src/system/fifo.c"
   1:Core/Src/system/fifo.c **** /*
   2:Core/Src/system/fifo.c ****  / _____)             _              | |
   3:Core/Src/system/fifo.c **** ( (____  _____ ____ _| |_ _____  ____| |__
   4:Core/Src/system/fifo.c ****  \____ \| ___ |    (_   _) ___ |/ ___)  _ \
   5:Core/Src/system/fifo.c ****  _____) ) ____| | | || |_| ____( (___| | | |
   6:Core/Src/system/fifo.c **** (______/|_____)_|_|_| \__)_____)\____)_| |_|
   7:Core/Src/system/fifo.c ****     (C)2013 Semtech
   8:Core/Src/system/fifo.c **** 
   9:Core/Src/system/fifo.c **** Description: Implements a FIFO buffer
  10:Core/Src/system/fifo.c **** 
  11:Core/Src/system/fifo.c **** License: Revised BSD License, see LICENSE.TXT file include in the project
  12:Core/Src/system/fifo.c **** 
  13:Core/Src/system/fifo.c **** Maintainer: Miguel Luis and Gregory Cristian
  14:Core/Src/system/fifo.c **** */
  15:Core/Src/system/fifo.c **** #include "fifo.h"
  16:Core/Src/system/fifo.c **** 
  17:Core/Src/system/fifo.c **** static uint16_t FifoNext( Fifo_t *fifo, uint16_t index )
  18:Core/Src/system/fifo.c **** {
  29              		.loc 1 18 1 view -0
  30              		.cfi_startproc
  31              		@ args = 0, pretend = 0, frame = 0
  32              		@ frame_needed = 0, uses_anonymous_args = 0
  33              		@ link register save eliminated.
  19:Core/Src/system/fifo.c ****     return ( index + 1 ) % fifo->Size;
  34              		.loc 1 19 5 view .LVU1
  35              		.loc 1 19 20 is_stmt 0 view .LVU2
  36 0000 0131     		adds	r1, r1, #1
  37              	.LVL1:
  38              		.loc 1 19 32 view .LVU3
  39 0002 0089     		ldrh	r0, [r0, #8]
ARM GAS  C:\Users\andywei\AppData\Local\Temp\ccn0Ow7h.s 			page 2


  40              	.LVL2:
  41              		.loc 1 19 26 view .LVU4
  42 0004 91FBF0F3 		sdiv	r3, r1, r0
  43 0008 00FB1310 		mls	r0, r0, r3, r1
  20:Core/Src/system/fifo.c **** }
  44              		.loc 1 20 1 view .LVU5
  45 000c 80B2     		uxth	r0, r0
  46 000e 7047     		bx	lr
  47              		.cfi_endproc
  48              	.LFE0:
  50              		.section	.text.FifoInit,"ax",%progbits
  51              		.align	1
  52              		.global	FifoInit
  53              		.syntax unified
  54              		.thumb
  55              		.thumb_func
  56              		.fpu fpv4-sp-d16
  58              	FifoInit:
  59              	.LVL3:
  60              	.LFB1:
  21:Core/Src/system/fifo.c **** 
  22:Core/Src/system/fifo.c **** void FifoInit( Fifo_t *fifo, uint8_t *buffer, uint16_t size )
  23:Core/Src/system/fifo.c **** {
  61              		.loc 1 23 1 is_stmt 1 view -0
  62              		.cfi_startproc
  63              		@ args = 0, pretend = 0, frame = 0
  64              		@ frame_needed = 0, uses_anonymous_args = 0
  65              		@ link register save eliminated.
  24:Core/Src/system/fifo.c ****     fifo->Begin = 0;
  66              		.loc 1 24 5 view .LVU7
  67              		.loc 1 24 17 is_stmt 0 view .LVU8
  68 0000 0023     		movs	r3, #0
  69 0002 0380     		strh	r3, [r0]	@ movhi
  25:Core/Src/system/fifo.c ****     fifo->End = 0;
  70              		.loc 1 25 5 is_stmt 1 view .LVU9
  71              		.loc 1 25 15 is_stmt 0 view .LVU10
  72 0004 4380     		strh	r3, [r0, #2]	@ movhi
  26:Core/Src/system/fifo.c ****     fifo->Data = buffer;
  73              		.loc 1 26 5 is_stmt 1 view .LVU11
  74              		.loc 1 26 16 is_stmt 0 view .LVU12
  75 0006 4160     		str	r1, [r0, #4]
  27:Core/Src/system/fifo.c ****     fifo->Size = size;
  76              		.loc 1 27 5 is_stmt 1 view .LVU13
  77              		.loc 1 27 16 is_stmt 0 view .LVU14
  78 0008 0281     		strh	r2, [r0, #8]	@ movhi
  28:Core/Src/system/fifo.c **** }
  79              		.loc 1 28 1 view .LVU15
  80 000a 7047     		bx	lr
  81              		.cfi_endproc
  82              	.LFE1:
  84              		.section	.text.FifoPush,"ax",%progbits
  85              		.align	1
  86              		.global	FifoPush
  87              		.syntax unified
  88              		.thumb
  89              		.thumb_func
  90              		.fpu fpv4-sp-d16
ARM GAS  C:\Users\andywei\AppData\Local\Temp\ccn0Ow7h.s 			page 3


  92              	FifoPush:
  93              	.LVL4:
  94              	.LFB2:
  29:Core/Src/system/fifo.c **** 
  30:Core/Src/system/fifo.c **** void FifoPush( Fifo_t *fifo, uint8_t data )
  31:Core/Src/system/fifo.c **** {
  95              		.loc 1 31 1 is_stmt 1 view -0
  96              		.cfi_startproc
  97              		@ args = 0, pretend = 0, frame = 0
  98              		@ frame_needed = 0, uses_anonymous_args = 0
  99              		.loc 1 31 1 is_stmt 0 view .LVU17
 100 0000 38B5     		push	{r3, r4, r5, lr}
 101              	.LCFI0:
 102              		.cfi_def_cfa_offset 16
 103              		.cfi_offset 3, -16
 104              		.cfi_offset 4, -12
 105              		.cfi_offset 5, -8
 106              		.cfi_offset 14, -4
 107 0002 0446     		mov	r4, r0
 108 0004 0D46     		mov	r5, r1
  32:Core/Src/system/fifo.c ****     fifo->End = FifoNext( fifo, fifo->End );
 109              		.loc 1 32 5 is_stmt 1 view .LVU18
 110              		.loc 1 32 17 is_stmt 0 view .LVU19
 111 0006 4188     		ldrh	r1, [r0, #2]
 112              	.LVL5:
 113              		.loc 1 32 17 view .LVU20
 114 0008 FFF7FEFF 		bl	FifoNext
 115              	.LVL6:
 116              		.loc 1 32 15 view .LVU21
 117 000c 6080     		strh	r0, [r4, #2]	@ movhi
  33:Core/Src/system/fifo.c ****     fifo->Data[fifo->End] = data;
 118              		.loc 1 33 5 is_stmt 1 view .LVU22
 119              		.loc 1 33 9 is_stmt 0 view .LVU23
 120 000e 6368     		ldr	r3, [r4, #4]
 121              		.loc 1 33 27 view .LVU24
 122 0010 1D54     		strb	r5, [r3, r0]
  34:Core/Src/system/fifo.c **** }
 123              		.loc 1 34 1 view .LVU25
 124 0012 38BD     		pop	{r3, r4, r5, pc}
 125              		.loc 1 34 1 view .LVU26
 126              		.cfi_endproc
 127              	.LFE2:
 129              		.section	.text.FifoPop,"ax",%progbits
 130              		.align	1
 131              		.global	FifoPop
 132              		.syntax unified
 133              		.thumb
 134              		.thumb_func
 135              		.fpu fpv4-sp-d16
 137              	FifoPop:
 138              	.LVL7:
 139              	.LFB3:
  35:Core/Src/system/fifo.c **** 
  36:Core/Src/system/fifo.c **** uint8_t FifoPop( Fifo_t *fifo )
  37:Core/Src/system/fifo.c **** {
 140              		.loc 1 37 1 is_stmt 1 view -0
 141              		.cfi_startproc
ARM GAS  C:\Users\andywei\AppData\Local\Temp\ccn0Ow7h.s 			page 4


 142              		@ args = 0, pretend = 0, frame = 0
 143              		@ frame_needed = 0, uses_anonymous_args = 0
 144              		.loc 1 37 1 is_stmt 0 view .LVU28
 145 0000 38B5     		push	{r3, r4, r5, lr}
 146              	.LCFI1:
 147              		.cfi_def_cfa_offset 16
 148              		.cfi_offset 3, -16
 149              		.cfi_offset 4, -12
 150              		.cfi_offset 5, -8
 151              		.cfi_offset 14, -4
 152 0002 0446     		mov	r4, r0
  38:Core/Src/system/fifo.c ****     uint8_t data = fifo->Data[FifoNext( fifo, fifo->Begin )];
 153              		.loc 1 38 5 is_stmt 1 view .LVU29
 154              		.loc 1 38 24 is_stmt 0 view .LVU30
 155 0004 4568     		ldr	r5, [r0, #4]
 156              		.loc 1 38 31 view .LVU31
 157 0006 0188     		ldrh	r1, [r0]
 158 0008 FFF7FEFF 		bl	FifoNext
 159              	.LVL8:
 160              		.loc 1 38 31 view .LVU32
 161 000c 0346     		mov	r3, r0
 162              		.loc 1 38 13 view .LVU33
 163 000e 285C     		ldrb	r0, [r5, r0]	@ zero_extendqisi2
 164              	.LVL9:
  39:Core/Src/system/fifo.c **** 
  40:Core/Src/system/fifo.c ****     fifo->Begin = FifoNext( fifo, fifo->Begin );
 165              		.loc 1 40 5 is_stmt 1 view .LVU34
 166              		.loc 1 40 17 is_stmt 0 view .LVU35
 167 0010 2380     		strh	r3, [r4]	@ movhi
  41:Core/Src/system/fifo.c ****     return data;
 168              		.loc 1 41 5 is_stmt 1 view .LVU36
  42:Core/Src/system/fifo.c **** }
 169              		.loc 1 42 1 is_stmt 0 view .LVU37
 170 0012 38BD     		pop	{r3, r4, r5, pc}
 171              		.loc 1 42 1 view .LVU38
 172              		.cfi_endproc
 173              	.LFE3:
 175              		.section	.text.FifoFlush,"ax",%progbits
 176              		.align	1
 177              		.global	FifoFlush
 178              		.syntax unified
 179              		.thumb
 180              		.thumb_func
 181              		.fpu fpv4-sp-d16
 183              	FifoFlush:
 184              	.LVL10:
 185              	.LFB4:
  43:Core/Src/system/fifo.c **** 
  44:Core/Src/system/fifo.c **** void FifoFlush( Fifo_t *fifo )
  45:Core/Src/system/fifo.c **** {
 186              		.loc 1 45 1 is_stmt 1 view -0
 187              		.cfi_startproc
 188              		@ args = 0, pretend = 0, frame = 0
 189              		@ frame_needed = 0, uses_anonymous_args = 0
 190              		@ link register save eliminated.
  46:Core/Src/system/fifo.c ****     fifo->Begin = 0;
 191              		.loc 1 46 5 view .LVU40
ARM GAS  C:\Users\andywei\AppData\Local\Temp\ccn0Ow7h.s 			page 5


 192              		.loc 1 46 17 is_stmt 0 view .LVU41
 193 0000 0023     		movs	r3, #0
 194 0002 0380     		strh	r3, [r0]	@ movhi
  47:Core/Src/system/fifo.c ****     fifo->End = 0;
 195              		.loc 1 47 5 is_stmt 1 view .LVU42
 196              		.loc 1 47 15 is_stmt 0 view .LVU43
 197 0004 4380     		strh	r3, [r0, #2]	@ movhi
  48:Core/Src/system/fifo.c **** }
 198              		.loc 1 48 1 view .LVU44
 199 0006 7047     		bx	lr
 200              		.cfi_endproc
 201              	.LFE4:
 203              		.section	.text.IsFifoEmpty,"ax",%progbits
 204              		.align	1
 205              		.global	IsFifoEmpty
 206              		.syntax unified
 207              		.thumb
 208              		.thumb_func
 209              		.fpu fpv4-sp-d16
 211              	IsFifoEmpty:
 212              	.LVL11:
 213              	.LFB5:
  49:Core/Src/system/fifo.c **** 
  50:Core/Src/system/fifo.c **** bool IsFifoEmpty( Fifo_t *fifo )
  51:Core/Src/system/fifo.c **** {
 214              		.loc 1 51 1 is_stmt 1 view -0
 215              		.cfi_startproc
 216              		@ args = 0, pretend = 0, frame = 0
 217              		@ frame_needed = 0, uses_anonymous_args = 0
 218              		@ link register save eliminated.
  52:Core/Src/system/fifo.c ****     return ( fifo->Begin == fifo->End );
 219              		.loc 1 52 5 view .LVU46
 220              		.loc 1 52 18 is_stmt 0 view .LVU47
 221 0000 0288     		ldrh	r2, [r0]
 222              		.loc 1 52 33 view .LVU48
 223 0002 4088     		ldrh	r0, [r0, #2]
 224              	.LVL12:
  53:Core/Src/system/fifo.c **** }
 225              		.loc 1 53 1 view .LVU49
 226 0004 8242     		cmp	r2, r0
 227 0006 14BF     		ite	ne
 228 0008 0020     		movne	r0, #0
 229 000a 0120     		moveq	r0, #1
 230 000c 7047     		bx	lr
 231              		.cfi_endproc
 232              	.LFE5:
 234              		.section	.text.IsFifoFull,"ax",%progbits
 235              		.align	1
 236              		.global	IsFifoFull
 237              		.syntax unified
 238              		.thumb
 239              		.thumb_func
 240              		.fpu fpv4-sp-d16
 242              	IsFifoFull:
 243              	.LVL13:
 244              	.LFB6:
  54:Core/Src/system/fifo.c **** 
ARM GAS  C:\Users\andywei\AppData\Local\Temp\ccn0Ow7h.s 			page 6


  55:Core/Src/system/fifo.c **** bool IsFifoFull( Fifo_t *fifo )
  56:Core/Src/system/fifo.c **** {
 245              		.loc 1 56 1 is_stmt 1 view -0
 246              		.cfi_startproc
 247              		@ args = 0, pretend = 0, frame = 0
 248              		@ frame_needed = 0, uses_anonymous_args = 0
 249              		.loc 1 56 1 is_stmt 0 view .LVU51
 250 0000 10B5     		push	{r4, lr}
 251              	.LCFI2:
 252              		.cfi_def_cfa_offset 8
 253              		.cfi_offset 4, -8
 254              		.cfi_offset 14, -4
 255 0002 0446     		mov	r4, r0
  57:Core/Src/system/fifo.c ****     return ( FifoNext( fifo, fifo->End ) == fifo->Begin );
 256              		.loc 1 57 5 is_stmt 1 view .LVU52
 257              		.loc 1 57 14 is_stmt 0 view .LVU53
 258 0004 4188     		ldrh	r1, [r0, #2]
 259 0006 FFF7FEFF 		bl	FifoNext
 260              	.LVL14:
 261              		.loc 1 57 49 view .LVU54
 262 000a 2388     		ldrh	r3, [r4]
  58:Core/Src/system/fifo.c **** }
 263              		.loc 1 58 1 view .LVU55
 264 000c 9842     		cmp	r0, r3
 265 000e 14BF     		ite	ne
 266 0010 0020     		movne	r0, #0
 267 0012 0120     		moveq	r0, #1
 268 0014 10BD     		pop	{r4, pc}
 269              		.loc 1 58 1 view .LVU56
 270              		.cfi_endproc
 271              	.LFE6:
 273              		.text
 274              	.Letext0:
 275              		.file 2 "c:\\program files (x86)\\gnu arm embedded toolchain\\10 2020-q4-major\\arm-none-eabi\\inc
 276              		.file 3 "c:\\program files (x86)\\gnu arm embedded toolchain\\10 2020-q4-major\\arm-none-eabi\\inc
 277              		.file 4 "Core/Src/system/fifo.h"
ARM GAS  C:\Users\andywei\AppData\Local\Temp\ccn0Ow7h.s 			page 7


DEFINED SYMBOLS
                            *ABS*:00000000 fifo.c
C:\Users\andywei\AppData\Local\Temp\ccn0Ow7h.s:18     .text.FifoNext:00000000 $t
C:\Users\andywei\AppData\Local\Temp\ccn0Ow7h.s:25     .text.FifoNext:00000000 FifoNext
C:\Users\andywei\AppData\Local\Temp\ccn0Ow7h.s:51     .text.FifoInit:00000000 $t
C:\Users\andywei\AppData\Local\Temp\ccn0Ow7h.s:58     .text.FifoInit:00000000 FifoInit
C:\Users\andywei\AppData\Local\Temp\ccn0Ow7h.s:85     .text.FifoPush:00000000 $t
C:\Users\andywei\AppData\Local\Temp\ccn0Ow7h.s:92     .text.FifoPush:00000000 FifoPush
C:\Users\andywei\AppData\Local\Temp\ccn0Ow7h.s:130    .text.FifoPop:00000000 $t
C:\Users\andywei\AppData\Local\Temp\ccn0Ow7h.s:137    .text.FifoPop:00000000 FifoPop
C:\Users\andywei\AppData\Local\Temp\ccn0Ow7h.s:176    .text.FifoFlush:00000000 $t
C:\Users\andywei\AppData\Local\Temp\ccn0Ow7h.s:183    .text.FifoFlush:00000000 FifoFlush
C:\Users\andywei\AppData\Local\Temp\ccn0Ow7h.s:204    .text.IsFifoEmpty:00000000 $t
C:\Users\andywei\AppData\Local\Temp\ccn0Ow7h.s:211    .text.IsFifoEmpty:00000000 IsFifoEmpty
C:\Users\andywei\AppData\Local\Temp\ccn0Ow7h.s:235    .text.IsFifoFull:00000000 $t
C:\Users\andywei\AppData\Local\Temp\ccn0Ow7h.s:242    .text.IsFifoFull:00000000 IsFifoFull

NO UNDEFINED SYMBOLS
