ARM GAS  C:\Users\andywei\AppData\Local\Temp\ccvO5gQI.s 			page 1


   1              		.cpu cortex-m4
   2              		.eabi_attribute 27, 1
   3              		.eabi_attribute 28, 1
   4              		.eabi_attribute 20, 1
   5              		.eabi_attribute 21, 1
   6              		.eabi_attribute 23, 3
   7              		.eabi_attribute 24, 1
   8              		.eabi_attribute 25, 1
   9              		.eabi_attribute 26, 1
  10              		.eabi_attribute 30, 1
  11              		.eabi_attribute 34, 1
  12              		.eabi_attribute 18, 4
  13              		.file	"gpio-board.c"
  14              		.text
  15              	.Ltext0:
  16              		.cfi_sections	.debug_frame
  17              		.section	.text.GpioMcuSetInterrupt,"ax",%progbits
  18              		.align	1
  19              		.global	GpioMcuSetInterrupt
  20              		.arch armv7e-m
  21              		.syntax unified
  22              		.thumb
  23              		.thumb_func
  24              		.fpu fpv4-sp-d16
  26              	GpioMcuSetInterrupt:
  27              	.LVL0:
  28              	.LFB136:
  29              		.file 1 "Core/Src/boards/NucleoL476/gpio-board.c"
   1:Core/Src/boards/NucleoL476/gpio-board.c **** /*
   2:Core/Src/boards/NucleoL476/gpio-board.c ****   ______                              _
   3:Core/Src/boards/NucleoL476/gpio-board.c ****  / _____)             _              | |
   4:Core/Src/boards/NucleoL476/gpio-board.c **** ( (____  _____ ____ _| |_ _____  ____| |__
   5:Core/Src/boards/NucleoL476/gpio-board.c ****  \____ \| ___ |    (_   _) ___ |/ ___)  _ \
   6:Core/Src/boards/NucleoL476/gpio-board.c ****  _____) ) ____| | | || |_| ____( (___| | | |
   7:Core/Src/boards/NucleoL476/gpio-board.c **** (______/|_____)_|_|_| \__)_____)\____)_| |_|
   8:Core/Src/boards/NucleoL476/gpio-board.c ****     (C)2013 Semtech
   9:Core/Src/boards/NucleoL476/gpio-board.c **** 
  10:Core/Src/boards/NucleoL476/gpio-board.c **** Description: Bleeper board GPIO driver implementation
  11:Core/Src/boards/NucleoL476/gpio-board.c **** 
  12:Core/Src/boards/NucleoL476/gpio-board.c **** License: Revised BSD License, see LICENSE.TXT file include in the project
  13:Core/Src/boards/NucleoL476/gpio-board.c **** 
  14:Core/Src/boards/NucleoL476/gpio-board.c **** Maintainer: Miguel Luis and Gregory Cristian
  15:Core/Src/boards/NucleoL476/gpio-board.c **** */
  16:Core/Src/boards/NucleoL476/gpio-board.c **** #include "board.h"
  17:Core/Src/boards/NucleoL476/gpio-board.c **** #include "gpio-board.h"
  18:Core/Src/boards/NucleoL476/gpio-board.c **** 
  19:Core/Src/boards/NucleoL476/gpio-board.c **** static GpioIrqHandler *GpioIrq[16];
  20:Core/Src/boards/NucleoL476/gpio-board.c **** 
  21:Core/Src/boards/NucleoL476/gpio-board.c **** void GpioMcuInit( Gpio_t *obj, PinNames pin, PinModes mode, PinConfigs config, PinTypes type, uint3
  22:Core/Src/boards/NucleoL476/gpio-board.c **** {
  23:Core/Src/boards/NucleoL476/gpio-board.c ****     GPIO_InitTypeDef GPIO_InitStructure;
  24:Core/Src/boards/NucleoL476/gpio-board.c **** 
  25:Core/Src/boards/NucleoL476/gpio-board.c ****     obj->pin = pin;
  26:Core/Src/boards/NucleoL476/gpio-board.c **** 
  27:Core/Src/boards/NucleoL476/gpio-board.c ****     if( pin == NC )
  28:Core/Src/boards/NucleoL476/gpio-board.c ****     {
  29:Core/Src/boards/NucleoL476/gpio-board.c ****         return;
ARM GAS  C:\Users\andywei\AppData\Local\Temp\ccvO5gQI.s 			page 2


  30:Core/Src/boards/NucleoL476/gpio-board.c ****     }
  31:Core/Src/boards/NucleoL476/gpio-board.c **** 
  32:Core/Src/boards/NucleoL476/gpio-board.c ****     obj->pinIndex = ( 0x01 << ( obj->pin & 0x0F ) );
  33:Core/Src/boards/NucleoL476/gpio-board.c **** 
  34:Core/Src/boards/NucleoL476/gpio-board.c ****     if( ( obj->pin & 0xF0 ) == 0x00 )
  35:Core/Src/boards/NucleoL476/gpio-board.c ****     {
  36:Core/Src/boards/NucleoL476/gpio-board.c ****         obj->port = GPIOA;
  37:Core/Src/boards/NucleoL476/gpio-board.c ****         __HAL_RCC_GPIOA_CLK_ENABLE( );
  38:Core/Src/boards/NucleoL476/gpio-board.c ****     }
  39:Core/Src/boards/NucleoL476/gpio-board.c ****     else if( ( obj->pin & 0xF0 ) == 0x10 )
  40:Core/Src/boards/NucleoL476/gpio-board.c ****     {
  41:Core/Src/boards/NucleoL476/gpio-board.c ****         obj->port = GPIOB;
  42:Core/Src/boards/NucleoL476/gpio-board.c ****         __HAL_RCC_GPIOB_CLK_ENABLE( );
  43:Core/Src/boards/NucleoL476/gpio-board.c ****     }
  44:Core/Src/boards/NucleoL476/gpio-board.c ****     else if( ( obj->pin & 0xF0 ) == 0x20 )
  45:Core/Src/boards/NucleoL476/gpio-board.c ****     {
  46:Core/Src/boards/NucleoL476/gpio-board.c ****         obj->port = GPIOC;
  47:Core/Src/boards/NucleoL476/gpio-board.c ****         __HAL_RCC_GPIOC_CLK_ENABLE( );
  48:Core/Src/boards/NucleoL476/gpio-board.c ****     }
  49:Core/Src/boards/NucleoL476/gpio-board.c ****     else if( ( obj->pin & 0xF0 ) == 0x30 )
  50:Core/Src/boards/NucleoL476/gpio-board.c ****     {
  51:Core/Src/boards/NucleoL476/gpio-board.c ****         obj->port = GPIOD;
  52:Core/Src/boards/NucleoL476/gpio-board.c ****         __HAL_RCC_GPIOD_CLK_ENABLE( );
  53:Core/Src/boards/NucleoL476/gpio-board.c ****     }
  54:Core/Src/boards/NucleoL476/gpio-board.c ****     else
  55:Core/Src/boards/NucleoL476/gpio-board.c ****     {
  56:Core/Src/boards/NucleoL476/gpio-board.c ****         obj->port = GPIOH;
  57:Core/Src/boards/NucleoL476/gpio-board.c ****         __HAL_RCC_GPIOH_CLK_ENABLE( );
  58:Core/Src/boards/NucleoL476/gpio-board.c ****     }
  59:Core/Src/boards/NucleoL476/gpio-board.c **** 
  60:Core/Src/boards/NucleoL476/gpio-board.c ****     GPIO_InitStructure.Pin =  obj->pinIndex ;
  61:Core/Src/boards/NucleoL476/gpio-board.c ****     GPIO_InitStructure.Pull = obj->pull = type;
  62:Core/Src/boards/NucleoL476/gpio-board.c ****     GPIO_InitStructure.Speed = GPIO_SPEED_FREQ_HIGH;
  63:Core/Src/boards/NucleoL476/gpio-board.c **** 
  64:Core/Src/boards/NucleoL476/gpio-board.c ****     if( mode == PIN_INPUT )
  65:Core/Src/boards/NucleoL476/gpio-board.c ****     {
  66:Core/Src/boards/NucleoL476/gpio-board.c ****         GPIO_InitStructure.Mode = GPIO_MODE_INPUT;
  67:Core/Src/boards/NucleoL476/gpio-board.c ****     }
  68:Core/Src/boards/NucleoL476/gpio-board.c ****     else if( mode == PIN_ANALOGIC )
  69:Core/Src/boards/NucleoL476/gpio-board.c ****     {
  70:Core/Src/boards/NucleoL476/gpio-board.c ****         GPIO_InitStructure.Mode = GPIO_MODE_ANALOG;
  71:Core/Src/boards/NucleoL476/gpio-board.c ****     }
  72:Core/Src/boards/NucleoL476/gpio-board.c ****     else if( mode == PIN_ALTERNATE_FCT )
  73:Core/Src/boards/NucleoL476/gpio-board.c ****     {
  74:Core/Src/boards/NucleoL476/gpio-board.c ****         if( config == PIN_OPEN_DRAIN )
  75:Core/Src/boards/NucleoL476/gpio-board.c ****         {
  76:Core/Src/boards/NucleoL476/gpio-board.c ****             GPIO_InitStructure.Mode = GPIO_MODE_AF_OD;
  77:Core/Src/boards/NucleoL476/gpio-board.c ****         }
  78:Core/Src/boards/NucleoL476/gpio-board.c ****         else
  79:Core/Src/boards/NucleoL476/gpio-board.c ****         {
  80:Core/Src/boards/NucleoL476/gpio-board.c ****             GPIO_InitStructure.Mode = GPIO_MODE_AF_PP;
  81:Core/Src/boards/NucleoL476/gpio-board.c ****         }
  82:Core/Src/boards/NucleoL476/gpio-board.c ****         GPIO_InitStructure.Alternate = value;
  83:Core/Src/boards/NucleoL476/gpio-board.c ****     }
  84:Core/Src/boards/NucleoL476/gpio-board.c ****     else // mode output
  85:Core/Src/boards/NucleoL476/gpio-board.c ****     {
  86:Core/Src/boards/NucleoL476/gpio-board.c ****         if( config == PIN_OPEN_DRAIN )
ARM GAS  C:\Users\andywei\AppData\Local\Temp\ccvO5gQI.s 			page 3


  87:Core/Src/boards/NucleoL476/gpio-board.c ****         {
  88:Core/Src/boards/NucleoL476/gpio-board.c ****             GPIO_InitStructure.Mode = GPIO_MODE_OUTPUT_OD;
  89:Core/Src/boards/NucleoL476/gpio-board.c ****         }
  90:Core/Src/boards/NucleoL476/gpio-board.c ****         else
  91:Core/Src/boards/NucleoL476/gpio-board.c ****         {
  92:Core/Src/boards/NucleoL476/gpio-board.c ****             GPIO_InitStructure.Mode = GPIO_MODE_OUTPUT_PP;
  93:Core/Src/boards/NucleoL476/gpio-board.c ****         }
  94:Core/Src/boards/NucleoL476/gpio-board.c ****     }
  95:Core/Src/boards/NucleoL476/gpio-board.c **** 
  96:Core/Src/boards/NucleoL476/gpio-board.c ****     // Sets initial output value
  97:Core/Src/boards/NucleoL476/gpio-board.c ****     if( mode == PIN_OUTPUT )
  98:Core/Src/boards/NucleoL476/gpio-board.c ****     {
  99:Core/Src/boards/NucleoL476/gpio-board.c ****         GpioMcuWrite( obj, value );
 100:Core/Src/boards/NucleoL476/gpio-board.c ****     }
 101:Core/Src/boards/NucleoL476/gpio-board.c **** 
 102:Core/Src/boards/NucleoL476/gpio-board.c ****     HAL_GPIO_Init( obj->port, &GPIO_InitStructure );
 103:Core/Src/boards/NucleoL476/gpio-board.c **** }
 104:Core/Src/boards/NucleoL476/gpio-board.c **** 
 105:Core/Src/boards/NucleoL476/gpio-board.c **** void GpioMcuSetInterrupt( Gpio_t *obj, IrqModes irqMode, IrqPriorities irqPriority, GpioIrqHandler 
 106:Core/Src/boards/NucleoL476/gpio-board.c **** {
  30              		.loc 1 106 1 view -0
  31              		.cfi_startproc
  32              		@ args = 0, pretend = 0, frame = 24
  33              		@ frame_needed = 0, uses_anonymous_args = 0
 107:Core/Src/boards/NucleoL476/gpio-board.c ****     uint32_t priority = 0;
  34              		.loc 1 107 5 view .LVU1
 108:Core/Src/boards/NucleoL476/gpio-board.c **** 
 109:Core/Src/boards/NucleoL476/gpio-board.c ****     IRQn_Type IRQnb = EXTI0_IRQn;
  35              		.loc 1 109 5 view .LVU2
 110:Core/Src/boards/NucleoL476/gpio-board.c ****     GPIO_InitTypeDef   GPIO_InitStructure;
  36              		.loc 1 110 5 view .LVU3
 111:Core/Src/boards/NucleoL476/gpio-board.c **** 
 112:Core/Src/boards/NucleoL476/gpio-board.c ****     if( irqHandler == NULL )
  37              		.loc 1 112 5 view .LVU4
  38              		.loc 1 112 7 is_stmt 0 view .LVU5
  39 0000 002B     		cmp	r3, #0
  40 0002 00F09D80 		beq	.L36
 106:Core/Src/boards/NucleoL476/gpio-board.c ****     uint32_t priority = 0;
  41              		.loc 1 106 1 view .LVU6
  42 0006 70B5     		push	{r4, r5, r6, lr}
  43              	.LCFI0:
  44              		.cfi_def_cfa_offset 16
  45              		.cfi_offset 4, -16
  46              		.cfi_offset 5, -12
  47              		.cfi_offset 6, -8
  48              		.cfi_offset 14, -4
  49 0008 86B0     		sub	sp, sp, #24
  50              	.LCFI1:
  51              		.cfi_def_cfa_offset 40
  52 000a 0546     		mov	r5, r0
  53 000c 1446     		mov	r4, r2
  54 000e 1E46     		mov	r6, r3
 113:Core/Src/boards/NucleoL476/gpio-board.c ****     {
 114:Core/Src/boards/NucleoL476/gpio-board.c ****         return;
 115:Core/Src/boards/NucleoL476/gpio-board.c ****     }
 116:Core/Src/boards/NucleoL476/gpio-board.c **** 
 117:Core/Src/boards/NucleoL476/gpio-board.c ****     GPIO_InitStructure.Pin =  obj->pinIndex;
ARM GAS  C:\Users\andywei\AppData\Local\Temp\ccvO5gQI.s 			page 4


  55              		.loc 1 117 5 is_stmt 1 view .LVU7
  56              		.loc 1 117 34 is_stmt 0 view .LVU8
  57 0010 4388     		ldrh	r3, [r0, #2]
  58              	.LVL1:
  59              		.loc 1 117 28 view .LVU9
  60 0012 0193     		str	r3, [sp, #4]
 118:Core/Src/boards/NucleoL476/gpio-board.c **** 
 119:Core/Src/boards/NucleoL476/gpio-board.c ****     if( irqMode == IRQ_RISING_EDGE )
  61              		.loc 1 119 5 is_stmt 1 view .LVU10
  62              		.loc 1 119 7 is_stmt 0 view .LVU11
  63 0014 0129     		cmp	r1, #1
  64 0016 12D0     		beq	.L39
 120:Core/Src/boards/NucleoL476/gpio-board.c ****     {
 121:Core/Src/boards/NucleoL476/gpio-board.c ****         GPIO_InitStructure.Mode = GPIO_MODE_IT_RISING;
 122:Core/Src/boards/NucleoL476/gpio-board.c ****     }
 123:Core/Src/boards/NucleoL476/gpio-board.c ****     else if( irqMode == IRQ_FALLING_EDGE )
  65              		.loc 1 123 10 is_stmt 1 view .LVU12
  66              		.loc 1 123 12 is_stmt 0 view .LVU13
  67 0018 0229     		cmp	r1, #2
  68 001a 13D0     		beq	.L40
 124:Core/Src/boards/NucleoL476/gpio-board.c ****     {
 125:Core/Src/boards/NucleoL476/gpio-board.c ****         GPIO_InitStructure.Mode = GPIO_MODE_IT_FALLING;
 126:Core/Src/boards/NucleoL476/gpio-board.c ****     }
 127:Core/Src/boards/NucleoL476/gpio-board.c ****     else
 128:Core/Src/boards/NucleoL476/gpio-board.c ****     {
 129:Core/Src/boards/NucleoL476/gpio-board.c ****         GPIO_InitStructure.Mode = GPIO_MODE_IT_RISING_FALLING;
  69              		.loc 1 129 9 is_stmt 1 view .LVU14
  70              		.loc 1 129 33 is_stmt 0 view .LVU15
  71 001c 494B     		ldr	r3, .L45
  72 001e 0293     		str	r3, [sp, #8]
  73              	.L5:
 130:Core/Src/boards/NucleoL476/gpio-board.c ****     }
 131:Core/Src/boards/NucleoL476/gpio-board.c **** 
 132:Core/Src/boards/NucleoL476/gpio-board.c ****     GPIO_InitStructure.Pull = obj->pull;
  74              		.loc 1 132 5 is_stmt 1 view .LVU16
  75              		.loc 1 132 34 is_stmt 0 view .LVU17
  76 0020 AB7A     		ldrb	r3, [r5, #10]	@ zero_extendqisi2
  77              		.loc 1 132 29 view .LVU18
  78 0022 0393     		str	r3, [sp, #12]
 133:Core/Src/boards/NucleoL476/gpio-board.c ****     GPIO_InitStructure.Speed = GPIO_SPEED_FREQ_HIGH;
  79              		.loc 1 133 5 is_stmt 1 view .LVU19
  80              		.loc 1 133 30 is_stmt 0 view .LVU20
  81 0024 0223     		movs	r3, #2
  82 0026 0493     		str	r3, [sp, #16]
 134:Core/Src/boards/NucleoL476/gpio-board.c **** 
 135:Core/Src/boards/NucleoL476/gpio-board.c ****     HAL_GPIO_Init( obj->port, &GPIO_InitStructure );
  83              		.loc 1 135 5 is_stmt 1 view .LVU21
  84 0028 01A9     		add	r1, sp, #4
  85              	.LVL2:
  86              		.loc 1 135 5 is_stmt 0 view .LVU22
  87 002a 6868     		ldr	r0, [r5, #4]
  88              	.LVL3:
  89              		.loc 1 135 5 view .LVU23
  90 002c FFF7FEFF 		bl	HAL_GPIO_Init
  91              	.LVL4:
 136:Core/Src/boards/NucleoL476/gpio-board.c **** 
 137:Core/Src/boards/NucleoL476/gpio-board.c ****     switch( irqPriority )
ARM GAS  C:\Users\andywei\AppData\Local\Temp\ccvO5gQI.s 			page 5


  92              		.loc 1 137 5 is_stmt 1 view .LVU24
  93 0030 022C     		cmp	r4, #2
  94 0032 29D0     		beq	.L20
  95 0034 0BD8     		bhi	.L8
  96 0036 012C     		cmp	r4, #1
  97 0038 07D8     		bhi	.L41
  98 003a 0321     		movs	r1, #3
  99 003c 0AE0     		b	.L7
 100              	.LVL5:
 101              	.L39:
 121:Core/Src/boards/NucleoL476/gpio-board.c ****     }
 102              		.loc 1 121 9 view .LVU25
 121:Core/Src/boards/NucleoL476/gpio-board.c ****     }
 103              		.loc 1 121 33 is_stmt 0 view .LVU26
 104 003e 424B     		ldr	r3, .L45+4
 105 0040 0293     		str	r3, [sp, #8]
 106 0042 EDE7     		b	.L5
 107              	.L40:
 125:Core/Src/boards/NucleoL476/gpio-board.c ****     }
 108              		.loc 1 125 9 is_stmt 1 view .LVU27
 125:Core/Src/boards/NucleoL476/gpio-board.c ****     }
 109              		.loc 1 125 33 is_stmt 0 view .LVU28
 110 0044 414B     		ldr	r3, .L45+8
 111 0046 0293     		str	r3, [sp, #8]
 112 0048 EAE7     		b	.L5
 113              	.LVL6:
 114              	.L41:
 138:Core/Src/boards/NucleoL476/gpio-board.c ****     {
 139:Core/Src/boards/NucleoL476/gpio-board.c ****     case IRQ_VERY_LOW_PRIORITY:
 140:Core/Src/boards/NucleoL476/gpio-board.c ****     case IRQ_LOW_PRIORITY:
 141:Core/Src/boards/NucleoL476/gpio-board.c ****         priority = 3;
 142:Core/Src/boards/NucleoL476/gpio-board.c ****         break;
 143:Core/Src/boards/NucleoL476/gpio-board.c ****     case IRQ_MEDIUM_PRIORITY:
 144:Core/Src/boards/NucleoL476/gpio-board.c ****         priority = 2;
 145:Core/Src/boards/NucleoL476/gpio-board.c ****         break;
 146:Core/Src/boards/NucleoL476/gpio-board.c ****     case IRQ_HIGH_PRIORITY:
 147:Core/Src/boards/NucleoL476/gpio-board.c ****         priority = 1;
 148:Core/Src/boards/NucleoL476/gpio-board.c ****         break;
 149:Core/Src/boards/NucleoL476/gpio-board.c ****     case IRQ_VERY_HIGH_PRIORITY:
 150:Core/Src/boards/NucleoL476/gpio-board.c ****     default:
 151:Core/Src/boards/NucleoL476/gpio-board.c ****         priority = 0;
 115              		.loc 1 151 18 view .LVU29
 116 004a 0021     		movs	r1, #0
 117 004c 02E0     		b	.L7
 118              	.L8:
 137:Core/Src/boards/NucleoL476/gpio-board.c ****     {
 119              		.loc 1 137 5 view .LVU30
 120 004e 032C     		cmp	r4, #3
 121 0050 1CD1     		bne	.L22
 147:Core/Src/boards/NucleoL476/gpio-board.c ****         break;
 122              		.loc 1 147 18 view .LVU31
 123 0052 0121     		movs	r1, #1
 124              	.L7:
 125              	.LVL7:
 152:Core/Src/boards/NucleoL476/gpio-board.c ****         break;
 153:Core/Src/boards/NucleoL476/gpio-board.c ****     }
 154:Core/Src/boards/NucleoL476/gpio-board.c **** 
ARM GAS  C:\Users\andywei\AppData\Local\Temp\ccvO5gQI.s 			page 6


 155:Core/Src/boards/NucleoL476/gpio-board.c ****     switch( obj->pinIndex )
 126              		.loc 1 155 5 is_stmt 1 view .LVU32
 127              		.loc 1 155 16 is_stmt 0 view .LVU33
 128 0054 6B88     		ldrh	r3, [r5, #2]
 129              		.loc 1 155 5 view .LVU34
 130 0056 202B     		cmp	r3, #32
 131 0058 1CD8     		bhi	.L9
 132 005a 022B     		cmp	r3, #2
 133 005c 58D3     		bcc	.L23
 134 005e 023B     		subs	r3, r3, #2
 135 0060 1E2B     		cmp	r3, #30
 136 0062 15D8     		bhi	.L11
 137 0064 DFE803F0 		tbb	[pc, r3]
 138              	.L13:
 139 0068 56       		.byte	(.L24-.L13)/2
 140 0069 14       		.byte	(.L11-.L13)/2
 141 006a 4C       		.byte	(.L16-.L13)/2
 142 006b 14       		.byte	(.L11-.L13)/2
 143 006c 14       		.byte	(.L11-.L13)/2
 144 006d 14       		.byte	(.L11-.L13)/2
 145 006e 4E       		.byte	(.L15-.L13)/2
 146 006f 14       		.byte	(.L11-.L13)/2
 147 0070 14       		.byte	(.L11-.L13)/2
 148 0071 14       		.byte	(.L11-.L13)/2
 149 0072 14       		.byte	(.L11-.L13)/2
 150 0073 14       		.byte	(.L11-.L13)/2
 151 0074 14       		.byte	(.L11-.L13)/2
 152 0075 14       		.byte	(.L11-.L13)/2
 153 0076 50       		.byte	(.L14-.L13)/2
 154 0077 14       		.byte	(.L11-.L13)/2
 155 0078 14       		.byte	(.L11-.L13)/2
 156 0079 14       		.byte	(.L11-.L13)/2
 157 007a 14       		.byte	(.L11-.L13)/2
 158 007b 14       		.byte	(.L11-.L13)/2
 159 007c 14       		.byte	(.L11-.L13)/2
 160 007d 14       		.byte	(.L11-.L13)/2
 161 007e 14       		.byte	(.L11-.L13)/2
 162 007f 14       		.byte	(.L11-.L13)/2
 163 0080 14       		.byte	(.L11-.L13)/2
 164 0081 14       		.byte	(.L11-.L13)/2
 165 0082 14       		.byte	(.L11-.L13)/2
 166 0083 14       		.byte	(.L11-.L13)/2
 167 0084 14       		.byte	(.L11-.L13)/2
 168 0085 14       		.byte	(.L11-.L13)/2
 169 0086 52       		.byte	(.L12-.L13)/2
 170              	.LVL8:
 171 0087 00       		.p2align 1
 172              	.L20:
 144:Core/Src/boards/NucleoL476/gpio-board.c ****         break;
 173              		.loc 1 144 18 view .LVU35
 174 0088 0221     		movs	r1, #2
 175 008a E3E7     		b	.L7
 176              	.L22:
 151:Core/Src/boards/NucleoL476/gpio-board.c ****         break;
 177              		.loc 1 151 18 view .LVU36
 178 008c 0021     		movs	r1, #0
 179 008e E1E7     		b	.L7
ARM GAS  C:\Users\andywei\AppData\Local\Temp\ccvO5gQI.s 			page 7


 180              	.LVL9:
 181              	.L11:
 182              		.loc 1 155 5 view .LVU37
 183 0090 0624     		movs	r4, #6
 184 0092 1DE0     		b	.L10
 185              	.L9:
 186 0094 B3F5806F 		cmp	r3, #1024
 187 0098 3ED0     		beq	.L25
 188 009a 0BD9     		bls	.L42
 189 009c B3F5005F 		cmp	r3, #8192
 190 00a0 44D0     		beq	.L30
 191 00a2 25D9     		bls	.L43
 192 00a4 B3F5804F 		cmp	r3, #16384
 193 00a8 46D0     		beq	.L33
 194 00aa B3F5004F 		cmp	r3, #32768
 195 00ae 45D1     		bne	.L34
 156:Core/Src/boards/NucleoL476/gpio-board.c ****     {
 157:Core/Src/boards/NucleoL476/gpio-board.c ****     case GPIO_PIN_0:
 158:Core/Src/boards/NucleoL476/gpio-board.c ****         IRQnb = EXTI0_IRQn;
 159:Core/Src/boards/NucleoL476/gpio-board.c ****         break;
 160:Core/Src/boards/NucleoL476/gpio-board.c ****     case GPIO_PIN_1:
 161:Core/Src/boards/NucleoL476/gpio-board.c ****         IRQnb = EXTI1_IRQn;
 162:Core/Src/boards/NucleoL476/gpio-board.c ****         break;
 163:Core/Src/boards/NucleoL476/gpio-board.c ****     case GPIO_PIN_2:
 164:Core/Src/boards/NucleoL476/gpio-board.c ****         IRQnb = EXTI2_IRQn;
 165:Core/Src/boards/NucleoL476/gpio-board.c ****         break;
 166:Core/Src/boards/NucleoL476/gpio-board.c ****     case GPIO_PIN_3:
 167:Core/Src/boards/NucleoL476/gpio-board.c ****         IRQnb = EXTI3_IRQn;
 168:Core/Src/boards/NucleoL476/gpio-board.c ****         break;
 169:Core/Src/boards/NucleoL476/gpio-board.c ****     case GPIO_PIN_4:
 170:Core/Src/boards/NucleoL476/gpio-board.c ****         IRQnb = EXTI4_IRQn;
 171:Core/Src/boards/NucleoL476/gpio-board.c ****         break;
 172:Core/Src/boards/NucleoL476/gpio-board.c ****     case GPIO_PIN_5:
 173:Core/Src/boards/NucleoL476/gpio-board.c ****     case GPIO_PIN_6:
 174:Core/Src/boards/NucleoL476/gpio-board.c ****     case GPIO_PIN_7:
 175:Core/Src/boards/NucleoL476/gpio-board.c ****     case GPIO_PIN_8:
 176:Core/Src/boards/NucleoL476/gpio-board.c ****     case GPIO_PIN_9:
 177:Core/Src/boards/NucleoL476/gpio-board.c ****         IRQnb = EXTI9_5_IRQn;
 178:Core/Src/boards/NucleoL476/gpio-board.c ****         break;
 179:Core/Src/boards/NucleoL476/gpio-board.c ****     case GPIO_PIN_10:
 180:Core/Src/boards/NucleoL476/gpio-board.c ****     case GPIO_PIN_11:
 181:Core/Src/boards/NucleoL476/gpio-board.c ****     case GPIO_PIN_12:
 182:Core/Src/boards/NucleoL476/gpio-board.c ****     case GPIO_PIN_13:
 183:Core/Src/boards/NucleoL476/gpio-board.c ****     case GPIO_PIN_14:
 184:Core/Src/boards/NucleoL476/gpio-board.c ****     case GPIO_PIN_15:
 185:Core/Src/boards/NucleoL476/gpio-board.c ****         IRQnb = EXTI15_10_IRQn;
 196              		.loc 1 185 15 view .LVU38
 197 00b0 2824     		movs	r4, #40
 198 00b2 0DE0     		b	.L10
 199              	.L42:
 155:Core/Src/boards/NucleoL476/gpio-board.c ****     {
 200              		.loc 1 155 5 view .LVU39
 201 00b4 B3F5807F 		cmp	r3, #256
 202 00b8 30D0     		beq	.L26
 203 00ba 04D9     		bls	.L44
 204 00bc B3F5007F 		cmp	r3, #512
 205 00c0 32D1     		bne	.L29
ARM GAS  C:\Users\andywei\AppData\Local\Temp\ccvO5gQI.s 			page 8


 177:Core/Src/boards/NucleoL476/gpio-board.c ****         break;
 206              		.loc 1 177 15 view .LVU40
 207 00c2 1724     		movs	r4, #23
 208 00c4 04E0     		b	.L10
 209              	.L44:
 155:Core/Src/boards/NucleoL476/gpio-board.c ****     {
 210              		.loc 1 155 5 view .LVU41
 211 00c6 402B     		cmp	r3, #64
 212 00c8 2AD0     		beq	.L27
 213 00ca 802B     		cmp	r3, #128
 214 00cc 2AD1     		bne	.L28
 177:Core/Src/boards/NucleoL476/gpio-board.c ****         break;
 215              		.loc 1 177 15 view .LVU42
 216 00ce 1724     		movs	r4, #23
 217              	.LVL10:
 218              	.L10:
 186:Core/Src/boards/NucleoL476/gpio-board.c ****         break;
 187:Core/Src/boards/NucleoL476/gpio-board.c ****     default:
 188:Core/Src/boards/NucleoL476/gpio-board.c ****         break;
 189:Core/Src/boards/NucleoL476/gpio-board.c ****     }
 190:Core/Src/boards/NucleoL476/gpio-board.c **** 
 191:Core/Src/boards/NucleoL476/gpio-board.c ****     GpioIrq[( obj->pin ) & 0x0F] = irqHandler;
 219              		.loc 1 191 5 is_stmt 1 view .LVU43
 220              		.loc 1 191 18 is_stmt 0 view .LVU44
 221 00d0 95F90030 		ldrsb	r3, [r5]
 222              		.loc 1 191 26 view .LVU45
 223 00d4 03F00F03 		and	r3, r3, #15
 224              		.loc 1 191 34 view .LVU46
 225 00d8 1D4A     		ldr	r2, .L45+12
 226 00da 42F82360 		str	r6, [r2, r3, lsl #2]
 192:Core/Src/boards/NucleoL476/gpio-board.c **** 
 193:Core/Src/boards/NucleoL476/gpio-board.c ****     HAL_NVIC_SetPriority( IRQnb , priority, 0 );
 227              		.loc 1 193 5 is_stmt 1 view .LVU47
 228 00de 0022     		movs	r2, #0
 229 00e0 2046     		mov	r0, r4
 230 00e2 FFF7FEFF 		bl	HAL_NVIC_SetPriority
 231              	.LVL11:
 194:Core/Src/boards/NucleoL476/gpio-board.c ****     HAL_NVIC_EnableIRQ( IRQnb );
 232              		.loc 1 194 5 view .LVU48
 233 00e6 2046     		mov	r0, r4
 234 00e8 FFF7FEFF 		bl	HAL_NVIC_EnableIRQ
 235              	.LVL12:
 195:Core/Src/boards/NucleoL476/gpio-board.c **** }
 236              		.loc 1 195 1 is_stmt 0 view .LVU49
 237 00ec 06B0     		add	sp, sp, #24
 238              	.LCFI2:
 239              		.cfi_remember_state
 240              		.cfi_def_cfa_offset 16
 241              		@ sp needed
 242 00ee 70BD     		pop	{r4, r5, r6, pc}
 243              	.LVL13:
 244              	.L43:
 245              	.LCFI3:
 246              		.cfi_restore_state
 155:Core/Src/boards/NucleoL476/gpio-board.c ****     {
 247              		.loc 1 155 5 view .LVU50
 248 00f0 B3F5006F 		cmp	r3, #2048
ARM GAS  C:\Users\andywei\AppData\Local\Temp\ccvO5gQI.s 			page 9


 249 00f4 1CD0     		beq	.L31
 250 00f6 B3F5805F 		cmp	r3, #4096
 251 00fa 1BD1     		bne	.L32
 185:Core/Src/boards/NucleoL476/gpio-board.c ****         break;
 252              		.loc 1 185 15 view .LVU51
 253 00fc 2824     		movs	r4, #40
 254 00fe E7E7     		b	.L10
 255              	.L16:
 164:Core/Src/boards/NucleoL476/gpio-board.c ****         break;
 256              		.loc 1 164 9 is_stmt 1 view .LVU52
 257              	.LVL14:
 165:Core/Src/boards/NucleoL476/gpio-board.c ****     case GPIO_PIN_3:
 258              		.loc 1 165 9 view .LVU53
 164:Core/Src/boards/NucleoL476/gpio-board.c ****         break;
 259              		.loc 1 164 15 is_stmt 0 view .LVU54
 260 0100 0824     		movs	r4, #8
 165:Core/Src/boards/NucleoL476/gpio-board.c ****     case GPIO_PIN_3:
 261              		.loc 1 165 9 view .LVU55
 262 0102 E5E7     		b	.L10
 263              	.LVL15:
 264              	.L15:
 167:Core/Src/boards/NucleoL476/gpio-board.c ****         break;
 265              		.loc 1 167 9 is_stmt 1 view .LVU56
 168:Core/Src/boards/NucleoL476/gpio-board.c ****     case GPIO_PIN_4:
 266              		.loc 1 168 9 view .LVU57
 167:Core/Src/boards/NucleoL476/gpio-board.c ****         break;
 267              		.loc 1 167 15 is_stmt 0 view .LVU58
 268 0104 0924     		movs	r4, #9
 168:Core/Src/boards/NucleoL476/gpio-board.c ****     case GPIO_PIN_4:
 269              		.loc 1 168 9 view .LVU59
 270 0106 E3E7     		b	.L10
 271              	.LVL16:
 272              	.L14:
 170:Core/Src/boards/NucleoL476/gpio-board.c ****         break;
 273              		.loc 1 170 9 is_stmt 1 view .LVU60
 171:Core/Src/boards/NucleoL476/gpio-board.c ****     case GPIO_PIN_5:
 274              		.loc 1 171 9 view .LVU61
 170:Core/Src/boards/NucleoL476/gpio-board.c ****         break;
 275              		.loc 1 170 15 is_stmt 0 view .LVU62
 276 0108 0A24     		movs	r4, #10
 171:Core/Src/boards/NucleoL476/gpio-board.c ****     case GPIO_PIN_5:
 277              		.loc 1 171 9 view .LVU63
 278 010a E1E7     		b	.L10
 279              	.LVL17:
 280              	.L12:
 177:Core/Src/boards/NucleoL476/gpio-board.c ****         break;
 281              		.loc 1 177 15 view .LVU64
 282 010c 1724     		movs	r4, #23
 283 010e DFE7     		b	.L10
 284              	.L23:
 155:Core/Src/boards/NucleoL476/gpio-board.c ****     {
 285              		.loc 1 155 5 view .LVU65
 286 0110 0624     		movs	r4, #6
 287 0112 DDE7     		b	.L10
 288              	.L24:
 161:Core/Src/boards/NucleoL476/gpio-board.c ****         break;
 289              		.loc 1 161 15 view .LVU66
ARM GAS  C:\Users\andywei\AppData\Local\Temp\ccvO5gQI.s 			page 10


 290 0114 0724     		movs	r4, #7
 291 0116 DBE7     		b	.L10
 292              	.L25:
 185:Core/Src/boards/NucleoL476/gpio-board.c ****         break;
 293              		.loc 1 185 15 view .LVU67
 294 0118 2824     		movs	r4, #40
 295 011a D9E7     		b	.L10
 296              	.L26:
 177:Core/Src/boards/NucleoL476/gpio-board.c ****         break;
 297              		.loc 1 177 15 view .LVU68
 298 011c 1724     		movs	r4, #23
 299 011e D7E7     		b	.L10
 300              	.L27:
 301 0120 1724     		movs	r4, #23
 302 0122 D5E7     		b	.L10
 303              	.L28:
 155:Core/Src/boards/NucleoL476/gpio-board.c ****     {
 304              		.loc 1 155 5 view .LVU69
 305 0124 0624     		movs	r4, #6
 306 0126 D3E7     		b	.L10
 307              	.L29:
 308 0128 0624     		movs	r4, #6
 309 012a D1E7     		b	.L10
 310              	.L30:
 185:Core/Src/boards/NucleoL476/gpio-board.c ****         break;
 311              		.loc 1 185 15 view .LVU70
 312 012c 2824     		movs	r4, #40
 313 012e CFE7     		b	.L10
 314              	.L31:
 315 0130 2824     		movs	r4, #40
 316 0132 CDE7     		b	.L10
 317              	.L32:
 155:Core/Src/boards/NucleoL476/gpio-board.c ****     {
 318              		.loc 1 155 5 view .LVU71
 319 0134 0624     		movs	r4, #6
 320 0136 CBE7     		b	.L10
 321              	.L33:
 185:Core/Src/boards/NucleoL476/gpio-board.c ****         break;
 322              		.loc 1 185 15 view .LVU72
 323 0138 2824     		movs	r4, #40
 324 013a C9E7     		b	.L10
 325              	.L34:
 155:Core/Src/boards/NucleoL476/gpio-board.c ****     {
 326              		.loc 1 155 5 view .LVU73
 327 013c 0624     		movs	r4, #6
 328 013e C7E7     		b	.L10
 329              	.LVL18:
 330              	.L36:
 331              	.LCFI4:
 332              		.cfi_def_cfa_offset 0
 333              		.cfi_restore 4
 334              		.cfi_restore 5
 335              		.cfi_restore 6
 336              		.cfi_restore 14
 155:Core/Src/boards/NucleoL476/gpio-board.c ****     {
 337              		.loc 1 155 5 view .LVU74
 338 0140 7047     		bx	lr
ARM GAS  C:\Users\andywei\AppData\Local\Temp\ccvO5gQI.s 			page 11


 339              	.L46:
 340 0142 00BF     		.align	2
 341              	.L45:
 342 0144 00003110 		.word	271646720
 343 0148 00001110 		.word	269549568
 344 014c 00002110 		.word	270598144
 345 0150 00000000 		.word	.LANCHOR0
 346              		.cfi_endproc
 347              	.LFE136:
 349              		.section	.text.GpioMcuRemoveInterrupt,"ax",%progbits
 350              		.align	1
 351              		.global	GpioMcuRemoveInterrupt
 352              		.syntax unified
 353              		.thumb
 354              		.thumb_func
 355              		.fpu fpv4-sp-d16
 357              	GpioMcuRemoveInterrupt:
 358              	.LVL19:
 359              	.LFB137:
 196:Core/Src/boards/NucleoL476/gpio-board.c **** 
 197:Core/Src/boards/NucleoL476/gpio-board.c **** void GpioMcuRemoveInterrupt( Gpio_t *obj )
 198:Core/Src/boards/NucleoL476/gpio-board.c **** {
 360              		.loc 1 198 1 is_stmt 1 view -0
 361              		.cfi_startproc
 362              		@ args = 0, pretend = 0, frame = 24
 363              		@ frame_needed = 0, uses_anonymous_args = 0
 364              		.loc 1 198 1 is_stmt 0 view .LVU76
 365 0000 00B5     		push	{lr}
 366              	.LCFI5:
 367              		.cfi_def_cfa_offset 4
 368              		.cfi_offset 14, -4
 369 0002 87B0     		sub	sp, sp, #28
 370              	.LCFI6:
 371              		.cfi_def_cfa_offset 32
 199:Core/Src/boards/NucleoL476/gpio-board.c ****     GPIO_InitTypeDef   GPIO_InitStructure;
 372              		.loc 1 199 5 is_stmt 1 view .LVU77
 200:Core/Src/boards/NucleoL476/gpio-board.c **** 
 201:Core/Src/boards/NucleoL476/gpio-board.c ****     GPIO_InitStructure.Pin =  obj->pinIndex ;
 373              		.loc 1 201 5 view .LVU78
 374              		.loc 1 201 34 is_stmt 0 view .LVU79
 375 0004 4388     		ldrh	r3, [r0, #2]
 376              		.loc 1 201 28 view .LVU80
 377 0006 0193     		str	r3, [sp, #4]
 202:Core/Src/boards/NucleoL476/gpio-board.c ****     GPIO_InitStructure.Mode = GPIO_MODE_ANALOG;
 378              		.loc 1 202 5 is_stmt 1 view .LVU81
 379              		.loc 1 202 29 is_stmt 0 view .LVU82
 380 0008 0323     		movs	r3, #3
 381 000a 0293     		str	r3, [sp, #8]
 203:Core/Src/boards/NucleoL476/gpio-board.c ****     HAL_GPIO_Init( obj->port, &GPIO_InitStructure );
 382              		.loc 1 203 5 is_stmt 1 view .LVU83
 383 000c 01A9     		add	r1, sp, #4
 384 000e 4068     		ldr	r0, [r0, #4]
 385              	.LVL20:
 386              		.loc 1 203 5 is_stmt 0 view .LVU84
 387 0010 FFF7FEFF 		bl	HAL_GPIO_Init
 388              	.LVL21:
 204:Core/Src/boards/NucleoL476/gpio-board.c **** }
ARM GAS  C:\Users\andywei\AppData\Local\Temp\ccvO5gQI.s 			page 12


 389              		.loc 1 204 1 view .LVU85
 390 0014 07B0     		add	sp, sp, #28
 391              	.LCFI7:
 392              		.cfi_def_cfa_offset 4
 393              		@ sp needed
 394 0016 5DF804FB 		ldr	pc, [sp], #4
 395              		.cfi_endproc
 396              	.LFE137:
 398              		.section	.rodata.GpioMcuWrite.str1.4,"aMS",%progbits,1
 399              		.align	2
 400              	.LC0:
 401 0000 436F7265 		.ascii	"Core/Src/boards/NucleoL476/gpio-board.c\000"
 401      2F537263 
 401      2F626F61 
 401      7264732F 
 401      4E75636C 
 402              		.section	.text.GpioMcuWrite,"ax",%progbits
 403              		.align	1
 404              		.global	GpioMcuWrite
 405              		.syntax unified
 406              		.thumb
 407              		.thumb_func
 408              		.fpu fpv4-sp-d16
 410              	GpioMcuWrite:
 411              	.LVL22:
 412              	.LFB138:
 205:Core/Src/boards/NucleoL476/gpio-board.c **** 
 206:Core/Src/boards/NucleoL476/gpio-board.c **** void GpioMcuWrite( Gpio_t *obj, uint32_t value )
 207:Core/Src/boards/NucleoL476/gpio-board.c **** {
 413              		.loc 1 207 1 is_stmt 1 view -0
 414              		.cfi_startproc
 415              		@ args = 0, pretend = 0, frame = 0
 416              		@ frame_needed = 0, uses_anonymous_args = 0
 417              		.loc 1 207 1 is_stmt 0 view .LVU87
 418 0000 38B5     		push	{r3, r4, r5, lr}
 419              	.LCFI8:
 420              		.cfi_def_cfa_offset 16
 421              		.cfi_offset 3, -16
 422              		.cfi_offset 4, -12
 423              		.cfi_offset 5, -8
 424              		.cfi_offset 14, -4
 425 0002 0D46     		mov	r5, r1
 208:Core/Src/boards/NucleoL476/gpio-board.c ****     if( ( obj == NULL ) || ( obj->port == NULL ) )
 426              		.loc 1 208 5 is_stmt 1 view .LVU88
 427              		.loc 1 208 7 is_stmt 0 view .LVU89
 428 0004 0446     		mov	r4, r0
 429 0006 60B1     		cbz	r0, .L50
 430              		.loc 1 208 33 discriminator 1 view .LVU90
 431 0008 4368     		ldr	r3, [r0, #4]
 432              		.loc 1 208 25 discriminator 1 view .LVU91
 433 000a 53B1     		cbz	r3, .L50
 434              	.LVL23:
 435              	.L51:
 209:Core/Src/boards/NucleoL476/gpio-board.c ****     {
 210:Core/Src/boards/NucleoL476/gpio-board.c ****         assert_param( FAIL );
 211:Core/Src/boards/NucleoL476/gpio-board.c ****     }
 212:Core/Src/boards/NucleoL476/gpio-board.c ****     // Check if pin is not connected
ARM GAS  C:\Users\andywei\AppData\Local\Temp\ccvO5gQI.s 			page 13


 213:Core/Src/boards/NucleoL476/gpio-board.c ****     if( obj->pin == NC )
 436              		.loc 1 213 5 is_stmt 1 view .LVU92
 437              		.loc 1 213 12 is_stmt 0 view .LVU93
 438 000c 94F90030 		ldrsb	r3, [r4]
 439              		.loc 1 213 7 view .LVU94
 440 0010 B3F1FF3F 		cmp	r3, #-1
 441 0014 04D0     		beq	.L49
 214:Core/Src/boards/NucleoL476/gpio-board.c ****     {
 215:Core/Src/boards/NucleoL476/gpio-board.c ****         return;
 216:Core/Src/boards/NucleoL476/gpio-board.c ****     }
 217:Core/Src/boards/NucleoL476/gpio-board.c ****     HAL_GPIO_WritePin( obj->port, obj->pinIndex , ( GPIO_PinState )value );
 442              		.loc 1 217 5 is_stmt 1 view .LVU95
 443 0016 EAB2     		uxtb	r2, r5
 444 0018 6188     		ldrh	r1, [r4, #2]
 445 001a 6068     		ldr	r0, [r4, #4]
 446 001c FFF7FEFF 		bl	HAL_GPIO_WritePin
 447              	.LVL24:
 448              	.L49:
 218:Core/Src/boards/NucleoL476/gpio-board.c **** }
 449              		.loc 1 218 1 is_stmt 0 view .LVU96
 450 0020 38BD     		pop	{r3, r4, r5, pc}
 451              	.LVL25:
 452              	.L50:
 210:Core/Src/boards/NucleoL476/gpio-board.c ****     }
 453              		.loc 1 210 9 is_stmt 1 view .LVU97
 454 0022 D221     		movs	r1, #210
 455              	.LVL26:
 210:Core/Src/boards/NucleoL476/gpio-board.c ****     }
 456              		.loc 1 210 9 is_stmt 0 view .LVU98
 457 0024 0148     		ldr	r0, .L54
 458              	.LVL27:
 210:Core/Src/boards/NucleoL476/gpio-board.c ****     }
 459              		.loc 1 210 9 view .LVU99
 460 0026 FFF7FEFF 		bl	assert_failed
 461              	.LVL28:
 462 002a EFE7     		b	.L51
 463              	.L55:
 464              		.align	2
 465              	.L54:
 466 002c 00000000 		.word	.LC0
 467              		.cfi_endproc
 468              	.LFE138:
 470              		.section	.text.GpioMcuInit,"ax",%progbits
 471              		.align	1
 472              		.global	GpioMcuInit
 473              		.syntax unified
 474              		.thumb
 475              		.thumb_func
 476              		.fpu fpv4-sp-d16
 478              	GpioMcuInit:
 479              	.LVL29:
 480              	.LFB135:
  22:Core/Src/boards/NucleoL476/gpio-board.c ****     GPIO_InitTypeDef GPIO_InitStructure;
 481              		.loc 1 22 1 is_stmt 1 view -0
 482              		.cfi_startproc
 483              		@ args = 8, pretend = 0, frame = 40
 484              		@ frame_needed = 0, uses_anonymous_args = 0
ARM GAS  C:\Users\andywei\AppData\Local\Temp\ccvO5gQI.s 			page 14


  22:Core/Src/boards/NucleoL476/gpio-board.c ****     GPIO_InitTypeDef GPIO_InitStructure;
 485              		.loc 1 22 1 is_stmt 0 view .LVU101
 486 0000 30B5     		push	{r4, r5, lr}
 487              	.LCFI9:
 488              		.cfi_def_cfa_offset 12
 489              		.cfi_offset 4, -12
 490              		.cfi_offset 5, -8
 491              		.cfi_offset 14, -4
 492 0002 8BB0     		sub	sp, sp, #44
 493              	.LCFI10:
 494              		.cfi_def_cfa_offset 56
 495 0004 9DF83850 		ldrb	r5, [sp, #56]	@ zero_extendqisi2
  23:Core/Src/boards/NucleoL476/gpio-board.c **** 
 496              		.loc 1 23 5 is_stmt 1 view .LVU102
  25:Core/Src/boards/NucleoL476/gpio-board.c **** 
 497              		.loc 1 25 5 view .LVU103
  25:Core/Src/boards/NucleoL476/gpio-board.c **** 
 498              		.loc 1 25 14 is_stmt 0 view .LVU104
 499 0008 0170     		strb	r1, [r0]
  27:Core/Src/boards/NucleoL476/gpio-board.c ****     {
 500              		.loc 1 27 5 is_stmt 1 view .LVU105
  27:Core/Src/boards/NucleoL476/gpio-board.c ****     {
 501              		.loc 1 27 7 is_stmt 0 view .LVU106
 502 000a B1F1FF3F 		cmp	r1, #-1
 503 000e 29D0     		beq	.L56
 504 0010 0446     		mov	r4, r0
  32:Core/Src/boards/NucleoL476/gpio-board.c **** 
 505              		.loc 1 32 5 is_stmt 1 view .LVU107
  32:Core/Src/boards/NucleoL476/gpio-board.c **** 
 506              		.loc 1 32 42 is_stmt 0 view .LVU108
 507 0012 01F00F0C 		and	ip, r1, #15
  32:Core/Src/boards/NucleoL476/gpio-board.c **** 
 508              		.loc 1 32 28 view .LVU109
 509 0016 0120     		movs	r0, #1
 510              	.LVL30:
  32:Core/Src/boards/NucleoL476/gpio-board.c **** 
 511              		.loc 1 32 28 view .LVU110
 512 0018 00FA0CF0 		lsl	r0, r0, ip
  32:Core/Src/boards/NucleoL476/gpio-board.c **** 
 513              		.loc 1 32 19 view .LVU111
 514 001c 6080     		strh	r0, [r4, #2]	@ movhi
  34:Core/Src/boards/NucleoL476/gpio-board.c ****     {
 515              		.loc 1 34 5 is_stmt 1 view .LVU112
  34:Core/Src/boards/NucleoL476/gpio-board.c ****     {
 516              		.loc 1 34 7 is_stmt 0 view .LVU113
 517 001e 11F0F001 		ands	r1, r1, #240
 518              	.LVL31:
  34:Core/Src/boards/NucleoL476/gpio-board.c ****     {
 519              		.loc 1 34 7 view .LVU114
 520 0022 21D1     		bne	.L59
  36:Core/Src/boards/NucleoL476/gpio-board.c ****         __HAL_RCC_GPIOA_CLK_ENABLE( );
 521              		.loc 1 36 9 is_stmt 1 view .LVU115
  36:Core/Src/boards/NucleoL476/gpio-board.c ****         __HAL_RCC_GPIOA_CLK_ENABLE( );
 522              		.loc 1 36 19 is_stmt 0 view .LVU116
 523 0024 4FF09041 		mov	r1, #1207959552
 524 0028 6160     		str	r1, [r4, #4]
  37:Core/Src/boards/NucleoL476/gpio-board.c ****     }
ARM GAS  C:\Users\andywei\AppData\Local\Temp\ccvO5gQI.s 			page 15


 525              		.loc 1 37 9 is_stmt 1 view .LVU117
 526              	.LBB2:
  37:Core/Src/boards/NucleoL476/gpio-board.c ****     }
 527              		.loc 1 37 9 view .LVU118
  37:Core/Src/boards/NucleoL476/gpio-board.c ****     }
 528              		.loc 1 37 9 view .LVU119
 529 002a 01F17841 		add	r1, r1, #-134217728
 530 002e 01F50431 		add	r1, r1, #135168
 531 0032 C86C     		ldr	r0, [r1, #76]
 532 0034 40F00100 		orr	r0, r0, #1
 533 0038 C864     		str	r0, [r1, #76]
 534              	.LVL32:
  37:Core/Src/boards/NucleoL476/gpio-board.c ****     }
 535              		.loc 1 37 9 view .LVU120
 536 003a C96C     		ldr	r1, [r1, #76]
 537 003c 01F00101 		and	r1, r1, #1
 538 0040 0091     		str	r1, [sp]
  37:Core/Src/boards/NucleoL476/gpio-board.c ****     }
 539              		.loc 1 37 9 view .LVU121
 540 0042 0099     		ldr	r1, [sp]
 541              	.LBE2:
  37:Core/Src/boards/NucleoL476/gpio-board.c ****     }
 542              		.loc 1 37 9 view .LVU122
 543              	.L60:
  57:Core/Src/boards/NucleoL476/gpio-board.c ****     }
 544              		.loc 1 57 9 discriminator 1 view .LVU123
  60:Core/Src/boards/NucleoL476/gpio-board.c ****     GPIO_InitStructure.Pull = obj->pull = type;
 545              		.loc 1 60 5 discriminator 1 view .LVU124
  60:Core/Src/boards/NucleoL476/gpio-board.c ****     GPIO_InitStructure.Pull = obj->pull = type;
 546              		.loc 1 60 34 is_stmt 0 discriminator 1 view .LVU125
 547 0044 6188     		ldrh	r1, [r4, #2]
  60:Core/Src/boards/NucleoL476/gpio-board.c ****     GPIO_InitStructure.Pull = obj->pull = type;
 548              		.loc 1 60 28 discriminator 1 view .LVU126
 549 0046 0591     		str	r1, [sp, #20]
  61:Core/Src/boards/NucleoL476/gpio-board.c ****     GPIO_InitStructure.Speed = GPIO_SPEED_FREQ_HIGH;
 550              		.loc 1 61 5 is_stmt 1 discriminator 1 view .LVU127
  61:Core/Src/boards/NucleoL476/gpio-board.c ****     GPIO_InitStructure.Speed = GPIO_SPEED_FREQ_HIGH;
 551              		.loc 1 61 41 is_stmt 0 discriminator 1 view .LVU128
 552 0048 A572     		strb	r5, [r4, #10]
  61:Core/Src/boards/NucleoL476/gpio-board.c ****     GPIO_InitStructure.Speed = GPIO_SPEED_FREQ_HIGH;
 553              		.loc 1 61 29 discriminator 1 view .LVU129
 554 004a 0795     		str	r5, [sp, #28]
  62:Core/Src/boards/NucleoL476/gpio-board.c **** 
 555              		.loc 1 62 5 is_stmt 1 discriminator 1 view .LVU130
  62:Core/Src/boards/NucleoL476/gpio-board.c **** 
 556              		.loc 1 62 30 is_stmt 0 discriminator 1 view .LVU131
 557 004c 0221     		movs	r1, #2
 558 004e 0891     		str	r1, [sp, #32]
  64:Core/Src/boards/NucleoL476/gpio-board.c ****     {
 559              		.loc 1 64 5 is_stmt 1 discriminator 1 view .LVU132
  64:Core/Src/boards/NucleoL476/gpio-board.c ****     {
 560              		.loc 1 64 7 is_stmt 0 discriminator 1 view .LVU133
 561 0050 002A     		cmp	r2, #0
 562 0052 4FD1     		bne	.L64
  66:Core/Src/boards/NucleoL476/gpio-board.c ****     }
 563              		.loc 1 66 9 is_stmt 1 view .LVU134
  66:Core/Src/boards/NucleoL476/gpio-board.c ****     }
ARM GAS  C:\Users\andywei\AppData\Local\Temp\ccvO5gQI.s 			page 16


 564              		.loc 1 66 33 is_stmt 0 view .LVU135
 565 0054 0023     		movs	r3, #0
 566              	.LVL33:
  66:Core/Src/boards/NucleoL476/gpio-board.c ****     }
 567              		.loc 1 66 33 view .LVU136
 568 0056 0693     		str	r3, [sp, #24]
 569              	.L65:
  97:Core/Src/boards/NucleoL476/gpio-board.c ****     {
 570              		.loc 1 97 5 is_stmt 1 view .LVU137
  97:Core/Src/boards/NucleoL476/gpio-board.c ****     {
 571              		.loc 1 97 7 is_stmt 0 view .LVU138
 572 0058 012A     		cmp	r2, #1
 573 005a 64D0     		beq	.L73
 574              	.LVL34:
 575              	.L71:
 102:Core/Src/boards/NucleoL476/gpio-board.c **** }
 576              		.loc 1 102 5 is_stmt 1 view .LVU139
 577 005c 05A9     		add	r1, sp, #20
 578 005e 6068     		ldr	r0, [r4, #4]
 579 0060 FFF7FEFF 		bl	HAL_GPIO_Init
 580              	.LVL35:
 581              	.L56:
 103:Core/Src/boards/NucleoL476/gpio-board.c **** 
 582              		.loc 1 103 1 is_stmt 0 view .LVU140
 583 0064 0BB0     		add	sp, sp, #44
 584              	.LCFI11:
 585              		.cfi_remember_state
 586              		.cfi_def_cfa_offset 12
 587              		@ sp needed
 588 0066 30BD     		pop	{r4, r5, pc}
 589              	.LVL36:
 590              	.L59:
 591              	.LCFI12:
 592              		.cfi_restore_state
  39:Core/Src/boards/NucleoL476/gpio-board.c ****     {
 593              		.loc 1 39 10 is_stmt 1 view .LVU141
  39:Core/Src/boards/NucleoL476/gpio-board.c ****     {
 594              		.loc 1 39 12 is_stmt 0 view .LVU142
 595 0068 1029     		cmp	r1, #16
 596 006a 13D0     		beq	.L74
  44:Core/Src/boards/NucleoL476/gpio-board.c ****     {
 597              		.loc 1 44 10 is_stmt 1 view .LVU143
  44:Core/Src/boards/NucleoL476/gpio-board.c ****     {
 598              		.loc 1 44 12 is_stmt 0 view .LVU144
 599 006c 2029     		cmp	r1, #32
 600 006e 21D0     		beq	.L75
  49:Core/Src/boards/NucleoL476/gpio-board.c ****     {
 601              		.loc 1 49 10 is_stmt 1 view .LVU145
  49:Core/Src/boards/NucleoL476/gpio-board.c ****     {
 602              		.loc 1 49 12 is_stmt 0 view .LVU146
 603 0070 3029     		cmp	r1, #48
 604 0072 2FD0     		beq	.L76
  56:Core/Src/boards/NucleoL476/gpio-board.c ****         __HAL_RCC_GPIOH_CLK_ENABLE( );
 605              		.loc 1 56 9 is_stmt 1 view .LVU147
  56:Core/Src/boards/NucleoL476/gpio-board.c ****         __HAL_RCC_GPIOH_CLK_ENABLE( );
 606              		.loc 1 56 19 is_stmt 0 view .LVU148
 607 0074 2E49     		ldr	r1, .L81
ARM GAS  C:\Users\andywei\AppData\Local\Temp\ccvO5gQI.s 			page 17


 608 0076 6160     		str	r1, [r4, #4]
  57:Core/Src/boards/NucleoL476/gpio-board.c ****     }
 609              		.loc 1 57 9 is_stmt 1 view .LVU149
 610              	.LBB3:
  57:Core/Src/boards/NucleoL476/gpio-board.c ****     }
 611              		.loc 1 57 9 view .LVU150
  57:Core/Src/boards/NucleoL476/gpio-board.c ****     }
 612              		.loc 1 57 9 view .LVU151
 613 0078 01F17841 		add	r1, r1, #-134217728
 614 007c 01F5FA31 		add	r1, r1, #128000
 615 0080 C86C     		ldr	r0, [r1, #76]
 616 0082 40F08000 		orr	r0, r0, #128
 617 0086 C864     		str	r0, [r1, #76]
 618              	.LVL37:
  57:Core/Src/boards/NucleoL476/gpio-board.c ****     }
 619              		.loc 1 57 9 view .LVU152
 620 0088 C96C     		ldr	r1, [r1, #76]
 621 008a 01F08001 		and	r1, r1, #128
 622 008e 0491     		str	r1, [sp, #16]
  57:Core/Src/boards/NucleoL476/gpio-board.c ****     }
 623              		.loc 1 57 9 view .LVU153
 624 0090 0499     		ldr	r1, [sp, #16]
 625 0092 D7E7     		b	.L60
 626              	.LVL38:
 627              	.L74:
  57:Core/Src/boards/NucleoL476/gpio-board.c ****     }
 628              		.loc 1 57 9 is_stmt 0 view .LVU154
 629              	.LBE3:
  41:Core/Src/boards/NucleoL476/gpio-board.c ****         __HAL_RCC_GPIOB_CLK_ENABLE( );
 630              		.loc 1 41 9 is_stmt 1 view .LVU155
  41:Core/Src/boards/NucleoL476/gpio-board.c ****         __HAL_RCC_GPIOB_CLK_ENABLE( );
 631              		.loc 1 41 19 is_stmt 0 view .LVU156
 632 0094 2749     		ldr	r1, .L81+4
 633 0096 6160     		str	r1, [r4, #4]
  42:Core/Src/boards/NucleoL476/gpio-board.c ****     }
 634              		.loc 1 42 9 is_stmt 1 view .LVU157
 635              	.LBB4:
  42:Core/Src/boards/NucleoL476/gpio-board.c ****     }
 636              		.loc 1 42 9 view .LVU158
  42:Core/Src/boards/NucleoL476/gpio-board.c ****     }
 637              		.loc 1 42 9 view .LVU159
 638 0098 01F17841 		add	r1, r1, #-134217728
 639 009c 01F50331 		add	r1, r1, #134144
 640 00a0 C86C     		ldr	r0, [r1, #76]
 641 00a2 40F00200 		orr	r0, r0, #2
 642 00a6 C864     		str	r0, [r1, #76]
 643              	.LVL39:
  42:Core/Src/boards/NucleoL476/gpio-board.c ****     }
 644              		.loc 1 42 9 view .LVU160
 645 00a8 C96C     		ldr	r1, [r1, #76]
 646 00aa 01F00201 		and	r1, r1, #2
 647 00ae 0191     		str	r1, [sp, #4]
  42:Core/Src/boards/NucleoL476/gpio-board.c ****     }
 648              		.loc 1 42 9 view .LVU161
 649 00b0 0199     		ldr	r1, [sp, #4]
 650              	.LBE4:
  42:Core/Src/boards/NucleoL476/gpio-board.c ****     }
ARM GAS  C:\Users\andywei\AppData\Local\Temp\ccvO5gQI.s 			page 18


 651              		.loc 1 42 9 view .LVU162
 652 00b2 C7E7     		b	.L60
 653              	.LVL40:
 654              	.L75:
  46:Core/Src/boards/NucleoL476/gpio-board.c ****         __HAL_RCC_GPIOC_CLK_ENABLE( );
 655              		.loc 1 46 9 view .LVU163
  46:Core/Src/boards/NucleoL476/gpio-board.c ****         __HAL_RCC_GPIOC_CLK_ENABLE( );
 656              		.loc 1 46 19 is_stmt 0 view .LVU164
 657 00b4 2049     		ldr	r1, .L81+8
 658 00b6 6160     		str	r1, [r4, #4]
  47:Core/Src/boards/NucleoL476/gpio-board.c ****     }
 659              		.loc 1 47 9 is_stmt 1 view .LVU165
 660              	.LBB5:
  47:Core/Src/boards/NucleoL476/gpio-board.c ****     }
 661              		.loc 1 47 9 view .LVU166
  47:Core/Src/boards/NucleoL476/gpio-board.c ****     }
 662              		.loc 1 47 9 view .LVU167
 663 00b8 01F17841 		add	r1, r1, #-134217728
 664 00bc 01F50231 		add	r1, r1, #133120
 665 00c0 C86C     		ldr	r0, [r1, #76]
 666 00c2 40F00400 		orr	r0, r0, #4
 667 00c6 C864     		str	r0, [r1, #76]
 668              	.LVL41:
  47:Core/Src/boards/NucleoL476/gpio-board.c ****     }
 669              		.loc 1 47 9 view .LVU168
 670 00c8 C96C     		ldr	r1, [r1, #76]
 671 00ca 01F00401 		and	r1, r1, #4
 672 00ce 0291     		str	r1, [sp, #8]
  47:Core/Src/boards/NucleoL476/gpio-board.c ****     }
 673              		.loc 1 47 9 view .LVU169
 674 00d0 0299     		ldr	r1, [sp, #8]
 675              	.LBE5:
  47:Core/Src/boards/NucleoL476/gpio-board.c ****     }
 676              		.loc 1 47 9 view .LVU170
 677 00d2 B7E7     		b	.L60
 678              	.LVL42:
 679              	.L76:
  51:Core/Src/boards/NucleoL476/gpio-board.c ****         __HAL_RCC_GPIOD_CLK_ENABLE( );
 680              		.loc 1 51 9 view .LVU171
  51:Core/Src/boards/NucleoL476/gpio-board.c ****         __HAL_RCC_GPIOD_CLK_ENABLE( );
 681              		.loc 1 51 19 is_stmt 0 view .LVU172
 682 00d4 1949     		ldr	r1, .L81+12
 683 00d6 6160     		str	r1, [r4, #4]
  52:Core/Src/boards/NucleoL476/gpio-board.c ****     }
 684              		.loc 1 52 9 is_stmt 1 view .LVU173
 685              	.LBB6:
  52:Core/Src/boards/NucleoL476/gpio-board.c ****     }
 686              		.loc 1 52 9 view .LVU174
  52:Core/Src/boards/NucleoL476/gpio-board.c ****     }
 687              		.loc 1 52 9 view .LVU175
 688 00d8 01F17841 		add	r1, r1, #-134217728
 689 00dc 01F50131 		add	r1, r1, #132096
 690 00e0 C86C     		ldr	r0, [r1, #76]
 691 00e2 40F00800 		orr	r0, r0, #8
 692 00e6 C864     		str	r0, [r1, #76]
 693              	.LVL43:
  52:Core/Src/boards/NucleoL476/gpio-board.c ****     }
ARM GAS  C:\Users\andywei\AppData\Local\Temp\ccvO5gQI.s 			page 19


 694              		.loc 1 52 9 view .LVU176
 695 00e8 C96C     		ldr	r1, [r1, #76]
 696 00ea 01F00801 		and	r1, r1, #8
 697 00ee 0391     		str	r1, [sp, #12]
  52:Core/Src/boards/NucleoL476/gpio-board.c ****     }
 698              		.loc 1 52 9 view .LVU177
 699 00f0 0399     		ldr	r1, [sp, #12]
 700              	.LBE6:
  52:Core/Src/boards/NucleoL476/gpio-board.c ****     }
 701              		.loc 1 52 9 view .LVU178
 702 00f2 A7E7     		b	.L60
 703              	.L64:
  68:Core/Src/boards/NucleoL476/gpio-board.c ****     {
 704              		.loc 1 68 10 view .LVU179
  68:Core/Src/boards/NucleoL476/gpio-board.c ****     {
 705              		.loc 1 68 12 is_stmt 0 view .LVU180
 706 00f4 032A     		cmp	r2, #3
 707 00f6 06D0     		beq	.L77
  72:Core/Src/boards/NucleoL476/gpio-board.c ****     {
 708              		.loc 1 72 10 is_stmt 1 view .LVU181
  72:Core/Src/boards/NucleoL476/gpio-board.c ****     {
 709              		.loc 1 72 12 is_stmt 0 view .LVU182
 710 00f8 022A     		cmp	r2, #2
 711 00fa 07D0     		beq	.L78
  86:Core/Src/boards/NucleoL476/gpio-board.c ****         {
 712              		.loc 1 86 9 is_stmt 1 view .LVU183
  86:Core/Src/boards/NucleoL476/gpio-board.c ****         {
 713              		.loc 1 86 11 is_stmt 0 view .LVU184
 714 00fc 012B     		cmp	r3, #1
 715 00fe 0FD0     		beq	.L79
  92:Core/Src/boards/NucleoL476/gpio-board.c ****         }
 716              		.loc 1 92 13 is_stmt 1 view .LVU185
  92:Core/Src/boards/NucleoL476/gpio-board.c ****         }
 717              		.loc 1 92 37 is_stmt 0 view .LVU186
 718 0100 0123     		movs	r3, #1
 719              	.LVL44:
  92:Core/Src/boards/NucleoL476/gpio-board.c ****         }
 720              		.loc 1 92 37 view .LVU187
 721 0102 0693     		str	r3, [sp, #24]
 722 0104 A8E7     		b	.L65
 723              	.LVL45:
 724              	.L77:
  70:Core/Src/boards/NucleoL476/gpio-board.c ****     }
 725              		.loc 1 70 9 is_stmt 1 view .LVU188
  70:Core/Src/boards/NucleoL476/gpio-board.c ****     }
 726              		.loc 1 70 33 is_stmt 0 view .LVU189
 727 0106 0323     		movs	r3, #3
 728              	.LVL46:
  70:Core/Src/boards/NucleoL476/gpio-board.c ****     }
 729              		.loc 1 70 33 view .LVU190
 730 0108 0693     		str	r3, [sp, #24]
 731 010a A5E7     		b	.L65
 732              	.LVL47:
 733              	.L78:
  74:Core/Src/boards/NucleoL476/gpio-board.c ****         {
 734              		.loc 1 74 9 is_stmt 1 view .LVU191
  74:Core/Src/boards/NucleoL476/gpio-board.c ****         {
ARM GAS  C:\Users\andywei\AppData\Local\Temp\ccvO5gQI.s 			page 20


 735              		.loc 1 74 11 is_stmt 0 view .LVU192
 736 010c 012B     		cmp	r3, #1
 737 010e 04D0     		beq	.L80
  80:Core/Src/boards/NucleoL476/gpio-board.c ****         }
 738              		.loc 1 80 13 is_stmt 1 view .LVU193
  80:Core/Src/boards/NucleoL476/gpio-board.c ****         }
 739              		.loc 1 80 37 is_stmt 0 view .LVU194
 740 0110 0223     		movs	r3, #2
 741              	.LVL48:
  80:Core/Src/boards/NucleoL476/gpio-board.c ****         }
 742              		.loc 1 80 37 view .LVU195
 743 0112 0693     		str	r3, [sp, #24]
 744              	.L69:
  82:Core/Src/boards/NucleoL476/gpio-board.c ****     }
 745              		.loc 1 82 9 is_stmt 1 view .LVU196
  82:Core/Src/boards/NucleoL476/gpio-board.c ****     }
 746              		.loc 1 82 38 is_stmt 0 view .LVU197
 747 0114 0F9B     		ldr	r3, [sp, #60]
 748 0116 0993     		str	r3, [sp, #36]
 749 0118 9EE7     		b	.L65
 750              	.LVL49:
 751              	.L80:
  76:Core/Src/boards/NucleoL476/gpio-board.c ****         }
 752              		.loc 1 76 13 is_stmt 1 view .LVU198
  76:Core/Src/boards/NucleoL476/gpio-board.c ****         }
 753              		.loc 1 76 37 is_stmt 0 view .LVU199
 754 011a 1223     		movs	r3, #18
 755              	.LVL50:
  76:Core/Src/boards/NucleoL476/gpio-board.c ****         }
 756              		.loc 1 76 37 view .LVU200
 757 011c 0693     		str	r3, [sp, #24]
 758 011e F9E7     		b	.L69
 759              	.LVL51:
 760              	.L79:
  88:Core/Src/boards/NucleoL476/gpio-board.c ****         }
 761              		.loc 1 88 13 is_stmt 1 view .LVU201
  88:Core/Src/boards/NucleoL476/gpio-board.c ****         }
 762              		.loc 1 88 37 is_stmt 0 view .LVU202
 763 0120 1123     		movs	r3, #17
 764              	.LVL52:
  88:Core/Src/boards/NucleoL476/gpio-board.c ****         }
 765              		.loc 1 88 37 view .LVU203
 766 0122 0693     		str	r3, [sp, #24]
 767 0124 98E7     		b	.L65
 768              	.L73:
  99:Core/Src/boards/NucleoL476/gpio-board.c ****     }
 769              		.loc 1 99 9 is_stmt 1 view .LVU204
 770 0126 0F99     		ldr	r1, [sp, #60]
 771 0128 2046     		mov	r0, r4
 772 012a FFF7FEFF 		bl	GpioMcuWrite
 773              	.LVL53:
  99:Core/Src/boards/NucleoL476/gpio-board.c ****     }
 774              		.loc 1 99 9 is_stmt 0 view .LVU205
 775 012e 95E7     		b	.L71
 776              	.L82:
 777              		.align	2
 778              	.L81:
ARM GAS  C:\Users\andywei\AppData\Local\Temp\ccvO5gQI.s 			page 21


 779 0130 001C0048 		.word	1207966720
 780 0134 00040048 		.word	1207960576
 781 0138 00080048 		.word	1207961600
 782 013c 000C0048 		.word	1207962624
 783              		.cfi_endproc
 784              	.LFE135:
 786              		.section	.text.GpioMcuToggle,"ax",%progbits
 787              		.align	1
 788              		.global	GpioMcuToggle
 789              		.syntax unified
 790              		.thumb
 791              		.thumb_func
 792              		.fpu fpv4-sp-d16
 794              	GpioMcuToggle:
 795              	.LVL54:
 796              	.LFB139:
 219:Core/Src/boards/NucleoL476/gpio-board.c **** 
 220:Core/Src/boards/NucleoL476/gpio-board.c **** void GpioMcuToggle( Gpio_t *obj )
 221:Core/Src/boards/NucleoL476/gpio-board.c **** {
 797              		.loc 1 221 1 is_stmt 1 view -0
 798              		.cfi_startproc
 799              		@ args = 0, pretend = 0, frame = 0
 800              		@ frame_needed = 0, uses_anonymous_args = 0
 801              		.loc 1 221 1 is_stmt 0 view .LVU207
 802 0000 10B5     		push	{r4, lr}
 803              	.LCFI13:
 804              		.cfi_def_cfa_offset 8
 805              		.cfi_offset 4, -8
 806              		.cfi_offset 14, -4
 222:Core/Src/boards/NucleoL476/gpio-board.c ****     if( ( obj == NULL ) || ( obj->port == NULL ) )
 807              		.loc 1 222 5 is_stmt 1 view .LVU208
 808              		.loc 1 222 7 is_stmt 0 view .LVU209
 809 0002 0446     		mov	r4, r0
 810 0004 58B1     		cbz	r0, .L84
 811              		.loc 1 222 33 discriminator 1 view .LVU210
 812 0006 4368     		ldr	r3, [r0, #4]
 813              		.loc 1 222 25 discriminator 1 view .LVU211
 814 0008 4BB1     		cbz	r3, .L84
 815              	.LVL55:
 816              	.L85:
 223:Core/Src/boards/NucleoL476/gpio-board.c ****     {
 224:Core/Src/boards/NucleoL476/gpio-board.c ****         assert_param( FAIL );
 225:Core/Src/boards/NucleoL476/gpio-board.c ****     }
 226:Core/Src/boards/NucleoL476/gpio-board.c **** 
 227:Core/Src/boards/NucleoL476/gpio-board.c ****     // Check if pin is not connected
 228:Core/Src/boards/NucleoL476/gpio-board.c ****     if( obj->pin == NC )
 817              		.loc 1 228 5 is_stmt 1 view .LVU212
 818              		.loc 1 228 12 is_stmt 0 view .LVU213
 819 000a 94F90030 		ldrsb	r3, [r4]
 820              		.loc 1 228 7 view .LVU214
 821 000e B3F1FF3F 		cmp	r3, #-1
 822 0012 03D0     		beq	.L83
 229:Core/Src/boards/NucleoL476/gpio-board.c ****     {
 230:Core/Src/boards/NucleoL476/gpio-board.c ****         return;
 231:Core/Src/boards/NucleoL476/gpio-board.c ****     }
 232:Core/Src/boards/NucleoL476/gpio-board.c ****     HAL_GPIO_TogglePin( obj->port, obj->pinIndex );
 823              		.loc 1 232 5 is_stmt 1 view .LVU215
ARM GAS  C:\Users\andywei\AppData\Local\Temp\ccvO5gQI.s 			page 22


 824 0014 6188     		ldrh	r1, [r4, #2]
 825 0016 6068     		ldr	r0, [r4, #4]
 826 0018 FFF7FEFF 		bl	HAL_GPIO_TogglePin
 827              	.LVL56:
 828              	.L83:
 233:Core/Src/boards/NucleoL476/gpio-board.c **** }
 829              		.loc 1 233 1 is_stmt 0 view .LVU216
 830 001c 10BD     		pop	{r4, pc}
 831              	.LVL57:
 832              	.L84:
 224:Core/Src/boards/NucleoL476/gpio-board.c ****     }
 833              		.loc 1 224 9 is_stmt 1 view .LVU217
 834 001e E021     		movs	r1, #224
 835 0020 0148     		ldr	r0, .L88
 836              	.LVL58:
 224:Core/Src/boards/NucleoL476/gpio-board.c ****     }
 837              		.loc 1 224 9 is_stmt 0 view .LVU218
 838 0022 FFF7FEFF 		bl	assert_failed
 839              	.LVL59:
 840 0026 F0E7     		b	.L85
 841              	.L89:
 842              		.align	2
 843              	.L88:
 844 0028 00000000 		.word	.LC0
 845              		.cfi_endproc
 846              	.LFE139:
 848              		.section	.text.GpioMcuRead,"ax",%progbits
 849              		.align	1
 850              		.global	GpioMcuRead
 851              		.syntax unified
 852              		.thumb
 853              		.thumb_func
 854              		.fpu fpv4-sp-d16
 856              	GpioMcuRead:
 857              	.LVL60:
 858              	.LFB140:
 234:Core/Src/boards/NucleoL476/gpio-board.c **** 
 235:Core/Src/boards/NucleoL476/gpio-board.c **** uint32_t GpioMcuRead( Gpio_t *obj )
 236:Core/Src/boards/NucleoL476/gpio-board.c **** {
 859              		.loc 1 236 1 is_stmt 1 view -0
 860              		.cfi_startproc
 861              		@ args = 0, pretend = 0, frame = 0
 862              		@ frame_needed = 0, uses_anonymous_args = 0
 863              		.loc 1 236 1 is_stmt 0 view .LVU220
 864 0000 10B5     		push	{r4, lr}
 865              	.LCFI14:
 866              		.cfi_def_cfa_offset 8
 867              		.cfi_offset 4, -8
 868              		.cfi_offset 14, -4
 237:Core/Src/boards/NucleoL476/gpio-board.c ****     if( obj == NULL )
 869              		.loc 1 237 5 is_stmt 1 view .LVU221
 870              		.loc 1 237 7 is_stmt 0 view .LVU222
 871 0002 0446     		mov	r4, r0
 872 0004 48B1     		cbz	r0, .L95
 873              	.LVL61:
 874              	.L91:
 238:Core/Src/boards/NucleoL476/gpio-board.c ****     {
ARM GAS  C:\Users\andywei\AppData\Local\Temp\ccvO5gQI.s 			page 23


 239:Core/Src/boards/NucleoL476/gpio-board.c ****         assert_param( FAIL );
 240:Core/Src/boards/NucleoL476/gpio-board.c ****     }
 241:Core/Src/boards/NucleoL476/gpio-board.c ****     // Check if pin is not connected
 242:Core/Src/boards/NucleoL476/gpio-board.c ****     if( obj->pin == NC )
 875              		.loc 1 242 5 is_stmt 1 view .LVU223
 876              		.loc 1 242 12 is_stmt 0 view .LVU224
 877 0006 94F90030 		ldrsb	r3, [r4]
 878              		.loc 1 242 7 view .LVU225
 879 000a B3F1FF3F 		cmp	r3, #-1
 880 000e 09D0     		beq	.L93
 243:Core/Src/boards/NucleoL476/gpio-board.c ****     {
 244:Core/Src/boards/NucleoL476/gpio-board.c ****         return 0;
 245:Core/Src/boards/NucleoL476/gpio-board.c ****     }
 246:Core/Src/boards/NucleoL476/gpio-board.c ****     return HAL_GPIO_ReadPin( obj->port, obj->pinIndex );
 881              		.loc 1 246 5 is_stmt 1 view .LVU226
 882              		.loc 1 246 12 is_stmt 0 view .LVU227
 883 0010 6188     		ldrh	r1, [r4, #2]
 884 0012 6068     		ldr	r0, [r4, #4]
 885 0014 FFF7FEFF 		bl	HAL_GPIO_ReadPin
 886              	.LVL62:
 887              	.L90:
 247:Core/Src/boards/NucleoL476/gpio-board.c **** }
 888              		.loc 1 247 1 view .LVU228
 889 0018 10BD     		pop	{r4, pc}
 890              	.LVL63:
 891              	.L95:
 239:Core/Src/boards/NucleoL476/gpio-board.c ****     }
 892              		.loc 1 239 9 is_stmt 1 view .LVU229
 893 001a EF21     		movs	r1, #239
 894 001c 0248     		ldr	r0, .L96
 895              	.LVL64:
 239:Core/Src/boards/NucleoL476/gpio-board.c ****     }
 896              		.loc 1 239 9 is_stmt 0 view .LVU230
 897 001e FFF7FEFF 		bl	assert_failed
 898              	.LVL65:
 899 0022 F0E7     		b	.L91
 900              	.L93:
 244:Core/Src/boards/NucleoL476/gpio-board.c ****     }
 901              		.loc 1 244 16 view .LVU231
 902 0024 0020     		movs	r0, #0
 903 0026 F7E7     		b	.L90
 904              	.L97:
 905              		.align	2
 906              	.L96:
 907 0028 00000000 		.word	.LC0
 908              		.cfi_endproc
 909              	.LFE140:
 911              		.section	.text.EXTI0_IRQHandler,"ax",%progbits
 912              		.align	1
 913              		.global	EXTI0_IRQHandler
 914              		.syntax unified
 915              		.thumb
 916              		.thumb_func
 917              		.fpu fpv4-sp-d16
 919              	EXTI0_IRQHandler:
 920              	.LFB141:
 248:Core/Src/boards/NucleoL476/gpio-board.c **** 
ARM GAS  C:\Users\andywei\AppData\Local\Temp\ccvO5gQI.s 			page 24


 249:Core/Src/boards/NucleoL476/gpio-board.c **** void EXTI0_IRQHandler( void )
 250:Core/Src/boards/NucleoL476/gpio-board.c **** {
 921              		.loc 1 250 1 is_stmt 1 view -0
 922              		.cfi_startproc
 923              		@ args = 0, pretend = 0, frame = 0
 924              		@ frame_needed = 0, uses_anonymous_args = 0
 925 0000 08B5     		push	{r3, lr}
 926              	.LCFI15:
 927              		.cfi_def_cfa_offset 8
 928              		.cfi_offset 3, -8
 929              		.cfi_offset 14, -4
 251:Core/Src/boards/NucleoL476/gpio-board.c **** #if !defined( USE_NO_TIMER )
 252:Core/Src/boards/NucleoL476/gpio-board.c ****     RtcRecoverMcuStatus( );
 930              		.loc 1 252 5 view .LVU233
 931 0002 FFF7FEFF 		bl	RtcRecoverMcuStatus
 932              	.LVL66:
 253:Core/Src/boards/NucleoL476/gpio-board.c **** #endif
 254:Core/Src/boards/NucleoL476/gpio-board.c ****     HAL_GPIO_EXTI_IRQHandler( GPIO_PIN_0 );
 933              		.loc 1 254 5 view .LVU234
 934 0006 0120     		movs	r0, #1
 935 0008 FFF7FEFF 		bl	HAL_GPIO_EXTI_IRQHandler
 936              	.LVL67:
 255:Core/Src/boards/NucleoL476/gpio-board.c **** }
 937              		.loc 1 255 1 is_stmt 0 view .LVU235
 938 000c 08BD     		pop	{r3, pc}
 939              		.cfi_endproc
 940              	.LFE141:
 942              		.section	.text.EXTI1_IRQHandler,"ax",%progbits
 943              		.align	1
 944              		.global	EXTI1_IRQHandler
 945              		.syntax unified
 946              		.thumb
 947              		.thumb_func
 948              		.fpu fpv4-sp-d16
 950              	EXTI1_IRQHandler:
 951              	.LFB142:
 256:Core/Src/boards/NucleoL476/gpio-board.c **** 
 257:Core/Src/boards/NucleoL476/gpio-board.c **** void EXTI1_IRQHandler( void )
 258:Core/Src/boards/NucleoL476/gpio-board.c **** {
 952              		.loc 1 258 1 is_stmt 1 view -0
 953              		.cfi_startproc
 954              		@ args = 0, pretend = 0, frame = 0
 955              		@ frame_needed = 0, uses_anonymous_args = 0
 956 0000 08B5     		push	{r3, lr}
 957              	.LCFI16:
 958              		.cfi_def_cfa_offset 8
 959              		.cfi_offset 3, -8
 960              		.cfi_offset 14, -4
 259:Core/Src/boards/NucleoL476/gpio-board.c **** #if !defined( USE_NO_TIMER )
 260:Core/Src/boards/NucleoL476/gpio-board.c ****     RtcRecoverMcuStatus( );
 961              		.loc 1 260 5 view .LVU237
 962 0002 FFF7FEFF 		bl	RtcRecoverMcuStatus
 963              	.LVL68:
 261:Core/Src/boards/NucleoL476/gpio-board.c **** #endif
 262:Core/Src/boards/NucleoL476/gpio-board.c ****     HAL_GPIO_EXTI_IRQHandler( GPIO_PIN_1 );
 964              		.loc 1 262 5 view .LVU238
 965 0006 0220     		movs	r0, #2
ARM GAS  C:\Users\andywei\AppData\Local\Temp\ccvO5gQI.s 			page 25


 966 0008 FFF7FEFF 		bl	HAL_GPIO_EXTI_IRQHandler
 967              	.LVL69:
 263:Core/Src/boards/NucleoL476/gpio-board.c **** }
 968              		.loc 1 263 1 is_stmt 0 view .LVU239
 969 000c 08BD     		pop	{r3, pc}
 970              		.cfi_endproc
 971              	.LFE142:
 973              		.section	.text.EXTI2_IRQHandler,"ax",%progbits
 974              		.align	1
 975              		.global	EXTI2_IRQHandler
 976              		.syntax unified
 977              		.thumb
 978              		.thumb_func
 979              		.fpu fpv4-sp-d16
 981              	EXTI2_IRQHandler:
 982              	.LFB143:
 264:Core/Src/boards/NucleoL476/gpio-board.c **** 
 265:Core/Src/boards/NucleoL476/gpio-board.c **** void EXTI2_IRQHandler( void )
 266:Core/Src/boards/NucleoL476/gpio-board.c **** {
 983              		.loc 1 266 1 is_stmt 1 view -0
 984              		.cfi_startproc
 985              		@ args = 0, pretend = 0, frame = 0
 986              		@ frame_needed = 0, uses_anonymous_args = 0
 987 0000 08B5     		push	{r3, lr}
 988              	.LCFI17:
 989              		.cfi_def_cfa_offset 8
 990              		.cfi_offset 3, -8
 991              		.cfi_offset 14, -4
 267:Core/Src/boards/NucleoL476/gpio-board.c **** #if !defined( USE_NO_TIMER )
 268:Core/Src/boards/NucleoL476/gpio-board.c ****     RtcRecoverMcuStatus( );
 992              		.loc 1 268 5 view .LVU241
 993 0002 FFF7FEFF 		bl	RtcRecoverMcuStatus
 994              	.LVL70:
 269:Core/Src/boards/NucleoL476/gpio-board.c **** #endif
 270:Core/Src/boards/NucleoL476/gpio-board.c ****     HAL_GPIO_EXTI_IRQHandler( GPIO_PIN_2 );
 995              		.loc 1 270 5 view .LVU242
 996 0006 0420     		movs	r0, #4
 997 0008 FFF7FEFF 		bl	HAL_GPIO_EXTI_IRQHandler
 998              	.LVL71:
 271:Core/Src/boards/NucleoL476/gpio-board.c **** }
 999              		.loc 1 271 1 is_stmt 0 view .LVU243
 1000 000c 08BD     		pop	{r3, pc}
 1001              		.cfi_endproc
 1002              	.LFE143:
 1004              		.section	.text.EXTI3_IRQHandler,"ax",%progbits
 1005              		.align	1
 1006              		.global	EXTI3_IRQHandler
 1007              		.syntax unified
 1008              		.thumb
 1009              		.thumb_func
 1010              		.fpu fpv4-sp-d16
 1012              	EXTI3_IRQHandler:
 1013              	.LFB144:
 272:Core/Src/boards/NucleoL476/gpio-board.c **** 
 273:Core/Src/boards/NucleoL476/gpio-board.c **** void EXTI3_IRQHandler( void )
 274:Core/Src/boards/NucleoL476/gpio-board.c **** {
 1014              		.loc 1 274 1 is_stmt 1 view -0
ARM GAS  C:\Users\andywei\AppData\Local\Temp\ccvO5gQI.s 			page 26


 1015              		.cfi_startproc
 1016              		@ args = 0, pretend = 0, frame = 0
 1017              		@ frame_needed = 0, uses_anonymous_args = 0
 1018 0000 08B5     		push	{r3, lr}
 1019              	.LCFI18:
 1020              		.cfi_def_cfa_offset 8
 1021              		.cfi_offset 3, -8
 1022              		.cfi_offset 14, -4
 275:Core/Src/boards/NucleoL476/gpio-board.c **** #if !defined( USE_NO_TIMER )
 276:Core/Src/boards/NucleoL476/gpio-board.c ****     RtcRecoverMcuStatus( );
 1023              		.loc 1 276 5 view .LVU245
 1024 0002 FFF7FEFF 		bl	RtcRecoverMcuStatus
 1025              	.LVL72:
 277:Core/Src/boards/NucleoL476/gpio-board.c **** #endif
 278:Core/Src/boards/NucleoL476/gpio-board.c ****     HAL_GPIO_EXTI_IRQHandler( GPIO_PIN_3 );
 1026              		.loc 1 278 5 view .LVU246
 1027 0006 0820     		movs	r0, #8
 1028 0008 FFF7FEFF 		bl	HAL_GPIO_EXTI_IRQHandler
 1029              	.LVL73:
 279:Core/Src/boards/NucleoL476/gpio-board.c **** }
 1030              		.loc 1 279 1 is_stmt 0 view .LVU247
 1031 000c 08BD     		pop	{r3, pc}
 1032              		.cfi_endproc
 1033              	.LFE144:
 1035              		.section	.text.EXTI9_5_IRQHandler,"ax",%progbits
 1036              		.align	1
 1037              		.global	EXTI9_5_IRQHandler
 1038              		.syntax unified
 1039              		.thumb
 1040              		.thumb_func
 1041              		.fpu fpv4-sp-d16
 1043              	EXTI9_5_IRQHandler:
 1044              	.LFB145:
 280:Core/Src/boards/NucleoL476/gpio-board.c **** 
 281:Core/Src/boards/NucleoL476/gpio-board.c **** // void EXTI4_IRQHandler( void )
 282:Core/Src/boards/NucleoL476/gpio-board.c **** // {
 283:Core/Src/boards/NucleoL476/gpio-board.c **** // #if !defined( USE_NO_TIMER )
 284:Core/Src/boards/NucleoL476/gpio-board.c **** //     RtcRecoverMcuStatus( );
 285:Core/Src/boards/NucleoL476/gpio-board.c **** // #endif
 286:Core/Src/boards/NucleoL476/gpio-board.c **** //     HAL_GPIO_EXTI_IRQHandler( GPIO_PIN_4 );
 287:Core/Src/boards/NucleoL476/gpio-board.c **** // }
 288:Core/Src/boards/NucleoL476/gpio-board.c **** 
 289:Core/Src/boards/NucleoL476/gpio-board.c **** void EXTI9_5_IRQHandler( void )
 290:Core/Src/boards/NucleoL476/gpio-board.c **** {
 1045              		.loc 1 290 1 is_stmt 1 view -0
 1046              		.cfi_startproc
 1047              		@ args = 0, pretend = 0, frame = 0
 1048              		@ frame_needed = 0, uses_anonymous_args = 0
 1049 0000 08B5     		push	{r3, lr}
 1050              	.LCFI19:
 1051              		.cfi_def_cfa_offset 8
 1052              		.cfi_offset 3, -8
 1053              		.cfi_offset 14, -4
 291:Core/Src/boards/NucleoL476/gpio-board.c **** #if !defined( USE_NO_TIMER )
 292:Core/Src/boards/NucleoL476/gpio-board.c ****     RtcRecoverMcuStatus( );
 1054              		.loc 1 292 5 view .LVU249
 1055 0002 FFF7FEFF 		bl	RtcRecoverMcuStatus
ARM GAS  C:\Users\andywei\AppData\Local\Temp\ccvO5gQI.s 			page 27


 1056              	.LVL74:
 293:Core/Src/boards/NucleoL476/gpio-board.c **** #endif
 294:Core/Src/boards/NucleoL476/gpio-board.c ****     HAL_GPIO_EXTI_IRQHandler( GPIO_PIN_5 );
 1057              		.loc 1 294 5 view .LVU250
 1058 0006 2020     		movs	r0, #32
 1059 0008 FFF7FEFF 		bl	HAL_GPIO_EXTI_IRQHandler
 1060              	.LVL75:
 295:Core/Src/boards/NucleoL476/gpio-board.c ****     HAL_GPIO_EXTI_IRQHandler( GPIO_PIN_6 );
 1061              		.loc 1 295 5 view .LVU251
 1062 000c 4020     		movs	r0, #64
 1063 000e FFF7FEFF 		bl	HAL_GPIO_EXTI_IRQHandler
 1064              	.LVL76:
 296:Core/Src/boards/NucleoL476/gpio-board.c ****     HAL_GPIO_EXTI_IRQHandler( GPIO_PIN_7 );
 1065              		.loc 1 296 5 view .LVU252
 1066 0012 8020     		movs	r0, #128
 1067 0014 FFF7FEFF 		bl	HAL_GPIO_EXTI_IRQHandler
 1068              	.LVL77:
 297:Core/Src/boards/NucleoL476/gpio-board.c ****     HAL_GPIO_EXTI_IRQHandler( GPIO_PIN_8 );
 1069              		.loc 1 297 5 view .LVU253
 1070 0018 4FF48070 		mov	r0, #256
 1071 001c FFF7FEFF 		bl	HAL_GPIO_EXTI_IRQHandler
 1072              	.LVL78:
 298:Core/Src/boards/NucleoL476/gpio-board.c ****     HAL_GPIO_EXTI_IRQHandler( GPIO_PIN_9 );
 1073              		.loc 1 298 5 view .LVU254
 1074 0020 4FF40070 		mov	r0, #512
 1075 0024 FFF7FEFF 		bl	HAL_GPIO_EXTI_IRQHandler
 1076              	.LVL79:
 299:Core/Src/boards/NucleoL476/gpio-board.c **** }
 1077              		.loc 1 299 1 is_stmt 0 view .LVU255
 1078 0028 08BD     		pop	{r3, pc}
 1079              		.cfi_endproc
 1080              	.LFE145:
 1082              		.section	.text.HAL_GPIO_EXTI_Callback,"ax",%progbits
 1083              		.align	1
 1084              		.global	HAL_GPIO_EXTI_Callback
 1085              		.syntax unified
 1086              		.thumb
 1087              		.thumb_func
 1088              		.fpu fpv4-sp-d16
 1090              	HAL_GPIO_EXTI_Callback:
 1091              	.LVL80:
 1092              	.LFB146:
 300:Core/Src/boards/NucleoL476/gpio-board.c **** 
 301:Core/Src/boards/NucleoL476/gpio-board.c **** // void EXTI15_10_IRQHandler( void )
 302:Core/Src/boards/NucleoL476/gpio-board.c **** // {
 303:Core/Src/boards/NucleoL476/gpio-board.c **** // #if !defined( USE_NO_TIMER )
 304:Core/Src/boards/NucleoL476/gpio-board.c **** //     RtcRecoverMcuStatus( );
 305:Core/Src/boards/NucleoL476/gpio-board.c **** // #endif
 306:Core/Src/boards/NucleoL476/gpio-board.c **** //     HAL_GPIO_EXTI_IRQHandler( GPIO_PIN_10 );
 307:Core/Src/boards/NucleoL476/gpio-board.c **** //     HAL_GPIO_EXTI_IRQHandler( GPIO_PIN_11 );
 308:Core/Src/boards/NucleoL476/gpio-board.c **** //     HAL_GPIO_EXTI_IRQHandler( GPIO_PIN_12 );
 309:Core/Src/boards/NucleoL476/gpio-board.c **** //     HAL_GPIO_EXTI_IRQHandler( GPIO_PIN_13 );
 310:Core/Src/boards/NucleoL476/gpio-board.c **** //     HAL_GPIO_EXTI_IRQHandler( GPIO_PIN_14 );
 311:Core/Src/boards/NucleoL476/gpio-board.c **** //     HAL_GPIO_EXTI_IRQHandler( GPIO_PIN_15 );
 312:Core/Src/boards/NucleoL476/gpio-board.c **** // }
 313:Core/Src/boards/NucleoL476/gpio-board.c **** 
 314:Core/Src/boards/NucleoL476/gpio-board.c **** void HAL_GPIO_EXTI_Callback( uint16_t gpioPin )
ARM GAS  C:\Users\andywei\AppData\Local\Temp\ccvO5gQI.s 			page 28


 315:Core/Src/boards/NucleoL476/gpio-board.c **** {
 1093              		.loc 1 315 1 is_stmt 1 view -0
 1094              		.cfi_startproc
 1095              		@ args = 0, pretend = 0, frame = 0
 1096              		@ frame_needed = 0, uses_anonymous_args = 0
 1097              		.loc 1 315 1 is_stmt 0 view .LVU257
 1098 0000 08B5     		push	{r3, lr}
 1099              	.LCFI20:
 1100              		.cfi_def_cfa_offset 8
 1101              		.cfi_offset 3, -8
 1102              		.cfi_offset 14, -4
 316:Core/Src/boards/NucleoL476/gpio-board.c ****     uint8_t callbackIndex = 0;
 1103              		.loc 1 316 5 is_stmt 1 view .LVU258
 1104              	.LVL81:
 317:Core/Src/boards/NucleoL476/gpio-board.c **** 
 318:Core/Src/boards/NucleoL476/gpio-board.c ****     if( gpioPin > 0 )
 1105              		.loc 1 318 5 view .LVU259
 1106              		.loc 1 318 7 is_stmt 0 view .LVU260
 1107 0002 60B9     		cbnz	r0, .L113
 316:Core/Src/boards/NucleoL476/gpio-board.c ****     uint8_t callbackIndex = 0;
 1108              		.loc 1 316 13 view .LVU261
 1109 0004 0023     		movs	r3, #0
 1110              	.LVL82:
 1111              	.L110:
 319:Core/Src/boards/NucleoL476/gpio-board.c ****     {
 320:Core/Src/boards/NucleoL476/gpio-board.c ****         while( gpioPin != 0x01 )
 321:Core/Src/boards/NucleoL476/gpio-board.c ****         {
 322:Core/Src/boards/NucleoL476/gpio-board.c ****             gpioPin = gpioPin >> 1;
 323:Core/Src/boards/NucleoL476/gpio-board.c ****             callbackIndex++;
 324:Core/Src/boards/NucleoL476/gpio-board.c ****         }
 325:Core/Src/boards/NucleoL476/gpio-board.c ****     }
 326:Core/Src/boards/NucleoL476/gpio-board.c **** 
 327:Core/Src/boards/NucleoL476/gpio-board.c ****     if( GpioIrq[callbackIndex] != NULL )
 1112              		.loc 1 327 5 is_stmt 1 view .LVU262
 1113              		.loc 1 327 16 is_stmt 0 view .LVU263
 1114 0006 074A     		ldr	r2, .L115
 1115 0008 52F82330 		ldr	r3, [r2, r3, lsl #2]
 1116              	.LVL83:
 1117              		.loc 1 327 7 view .LVU264
 1118 000c 03B1     		cbz	r3, .L108
 328:Core/Src/boards/NucleoL476/gpio-board.c ****     {
 329:Core/Src/boards/NucleoL476/gpio-board.c ****         GpioIrq[callbackIndex]( );
 1119              		.loc 1 329 9 is_stmt 1 view .LVU265
 1120 000e 9847     		blx	r3
 1121              	.LVL84:
 1122              	.L108:
 330:Core/Src/boards/NucleoL476/gpio-board.c ****     }
 331:Core/Src/boards/NucleoL476/gpio-board.c **** }
 1123              		.loc 1 331 1 is_stmt 0 view .LVU266
 1124 0010 08BD     		pop	{r3, pc}
 1125              	.LVL85:
 1126              	.L111:
 322:Core/Src/boards/NucleoL476/gpio-board.c ****             callbackIndex++;
 1127              		.loc 1 322 13 is_stmt 1 view .LVU267
 322:Core/Src/boards/NucleoL476/gpio-board.c ****             callbackIndex++;
 1128              		.loc 1 322 21 is_stmt 0 view .LVU268
 1129 0012 5208     		lsrs	r2, r2, #1
ARM GAS  C:\Users\andywei\AppData\Local\Temp\ccvO5gQI.s 			page 29


 1130              	.LVL86:
 323:Core/Src/boards/NucleoL476/gpio-board.c ****         }
 1131              		.loc 1 323 13 is_stmt 1 view .LVU269
 323:Core/Src/boards/NucleoL476/gpio-board.c ****         }
 1132              		.loc 1 323 26 is_stmt 0 view .LVU270
 1133 0014 0133     		adds	r3, r3, #1
 1134              	.LVL87:
 323:Core/Src/boards/NucleoL476/gpio-board.c ****         }
 1135              		.loc 1 323 26 view .LVU271
 1136 0016 DBB2     		uxtb	r3, r3
 1137              	.LVL88:
 1138              	.L109:
 320:Core/Src/boards/NucleoL476/gpio-board.c ****         {
 1139              		.loc 1 320 14 is_stmt 1 view .LVU272
 1140 0018 012A     		cmp	r2, #1
 1141 001a FAD1     		bne	.L111
 1142 001c F3E7     		b	.L110
 1143              	.LVL89:
 1144              	.L113:
 320:Core/Src/boards/NucleoL476/gpio-board.c ****         {
 1145              		.loc 1 320 14 is_stmt 0 view .LVU273
 1146 001e 0246     		mov	r2, r0
 316:Core/Src/boards/NucleoL476/gpio-board.c **** 
 1147              		.loc 1 316 13 view .LVU274
 1148 0020 0023     		movs	r3, #0
 1149 0022 F9E7     		b	.L109
 1150              	.L116:
 1151              		.align	2
 1152              	.L115:
 1153 0024 00000000 		.word	.LANCHOR0
 1154              		.cfi_endproc
 1155              	.LFE146:
 1157              		.section	.bss.GpioIrq,"aw",%nobits
 1158              		.align	2
 1159              		.set	.LANCHOR0,. + 0
 1162              	GpioIrq:
 1163 0000 00000000 		.space	64
 1163      00000000 
 1163      00000000 
 1163      00000000 
 1163      00000000 
 1164              		.text
 1165              	.Letext0:
 1166              		.file 2 "c:\\gnu arm embedded toolchain\\10 2020-q4-major\\arm-none-eabi\\include\\machine\\_defau
 1167              		.file 3 "c:\\gnu arm embedded toolchain\\10 2020-q4-major\\arm-none-eabi\\include\\sys\\_stdint.h"
 1168              		.file 4 "Drivers/CMSIS/Device/ST/STM32L4xx/Include/stm32l476xx.h"
 1169              		.file 5 "Drivers/STM32L4xx_HAL_Driver/Inc/stm32l4xx_hal_gpio.h"
 1170              		.file 6 "Core/Src/system/gpio.h"
 1171              		.file 7 "Core/Src/boards/NucleoL476/rtc-board.h"
 1172              		.file 8 "Core/Inc/stm32l4xx_hal_conf.h"
 1173              		.file 9 "Drivers/STM32L4xx_HAL_Driver/Inc/stm32l4xx_hal_cortex.h"
ARM GAS  C:\Users\andywei\AppData\Local\Temp\ccvO5gQI.s 			page 30


DEFINED SYMBOLS
                            *ABS*:00000000 gpio-board.c
C:\Users\andywei\AppData\Local\Temp\ccvO5gQI.s:18     .text.GpioMcuSetInterrupt:00000000 $t
C:\Users\andywei\AppData\Local\Temp\ccvO5gQI.s:26     .text.GpioMcuSetInterrupt:00000000 GpioMcuSetInterrupt
C:\Users\andywei\AppData\Local\Temp\ccvO5gQI.s:139    .text.GpioMcuSetInterrupt:00000068 $d
C:\Users\andywei\AppData\Local\Temp\ccvO5gQI.s:342    .text.GpioMcuSetInterrupt:00000144 $d
C:\Users\andywei\AppData\Local\Temp\ccvO5gQI.s:350    .text.GpioMcuRemoveInterrupt:00000000 $t
C:\Users\andywei\AppData\Local\Temp\ccvO5gQI.s:357    .text.GpioMcuRemoveInterrupt:00000000 GpioMcuRemoveInterrupt
C:\Users\andywei\AppData\Local\Temp\ccvO5gQI.s:399    .rodata.GpioMcuWrite.str1.4:00000000 $d
C:\Users\andywei\AppData\Local\Temp\ccvO5gQI.s:403    .text.GpioMcuWrite:00000000 $t
C:\Users\andywei\AppData\Local\Temp\ccvO5gQI.s:410    .text.GpioMcuWrite:00000000 GpioMcuWrite
C:\Users\andywei\AppData\Local\Temp\ccvO5gQI.s:466    .text.GpioMcuWrite:0000002c $d
C:\Users\andywei\AppData\Local\Temp\ccvO5gQI.s:471    .text.GpioMcuInit:00000000 $t
C:\Users\andywei\AppData\Local\Temp\ccvO5gQI.s:478    .text.GpioMcuInit:00000000 GpioMcuInit
C:\Users\andywei\AppData\Local\Temp\ccvO5gQI.s:779    .text.GpioMcuInit:00000130 $d
C:\Users\andywei\AppData\Local\Temp\ccvO5gQI.s:787    .text.GpioMcuToggle:00000000 $t
C:\Users\andywei\AppData\Local\Temp\ccvO5gQI.s:794    .text.GpioMcuToggle:00000000 GpioMcuToggle
C:\Users\andywei\AppData\Local\Temp\ccvO5gQI.s:844    .text.GpioMcuToggle:00000028 $d
C:\Users\andywei\AppData\Local\Temp\ccvO5gQI.s:849    .text.GpioMcuRead:00000000 $t
C:\Users\andywei\AppData\Local\Temp\ccvO5gQI.s:856    .text.GpioMcuRead:00000000 GpioMcuRead
C:\Users\andywei\AppData\Local\Temp\ccvO5gQI.s:907    .text.GpioMcuRead:00000028 $d
C:\Users\andywei\AppData\Local\Temp\ccvO5gQI.s:912    .text.EXTI0_IRQHandler:00000000 $t
C:\Users\andywei\AppData\Local\Temp\ccvO5gQI.s:919    .text.EXTI0_IRQHandler:00000000 EXTI0_IRQHandler
C:\Users\andywei\AppData\Local\Temp\ccvO5gQI.s:943    .text.EXTI1_IRQHandler:00000000 $t
C:\Users\andywei\AppData\Local\Temp\ccvO5gQI.s:950    .text.EXTI1_IRQHandler:00000000 EXTI1_IRQHandler
C:\Users\andywei\AppData\Local\Temp\ccvO5gQI.s:974    .text.EXTI2_IRQHandler:00000000 $t
C:\Users\andywei\AppData\Local\Temp\ccvO5gQI.s:981    .text.EXTI2_IRQHandler:00000000 EXTI2_IRQHandler
C:\Users\andywei\AppData\Local\Temp\ccvO5gQI.s:1005   .text.EXTI3_IRQHandler:00000000 $t
C:\Users\andywei\AppData\Local\Temp\ccvO5gQI.s:1012   .text.EXTI3_IRQHandler:00000000 EXTI3_IRQHandler
C:\Users\andywei\AppData\Local\Temp\ccvO5gQI.s:1036   .text.EXTI9_5_IRQHandler:00000000 $t
C:\Users\andywei\AppData\Local\Temp\ccvO5gQI.s:1043   .text.EXTI9_5_IRQHandler:00000000 EXTI9_5_IRQHandler
C:\Users\andywei\AppData\Local\Temp\ccvO5gQI.s:1083   .text.HAL_GPIO_EXTI_Callback:00000000 $t
C:\Users\andywei\AppData\Local\Temp\ccvO5gQI.s:1090   .text.HAL_GPIO_EXTI_Callback:00000000 HAL_GPIO_EXTI_Callback
C:\Users\andywei\AppData\Local\Temp\ccvO5gQI.s:1153   .text.HAL_GPIO_EXTI_Callback:00000024 $d
C:\Users\andywei\AppData\Local\Temp\ccvO5gQI.s:1158   .bss.GpioIrq:00000000 $d
C:\Users\andywei\AppData\Local\Temp\ccvO5gQI.s:1162   .bss.GpioIrq:00000000 GpioIrq
C:\Users\andywei\AppData\Local\Temp\ccvO5gQI.s:171    .text.GpioMcuSetInterrupt:00000087 $d
C:\Users\andywei\AppData\Local\Temp\ccvO5gQI.s:171    .text.GpioMcuSetInterrupt:00000088 $t

UNDEFINED SYMBOLS
HAL_GPIO_Init
HAL_NVIC_SetPriority
HAL_NVIC_EnableIRQ
HAL_GPIO_WritePin
assert_failed
HAL_GPIO_TogglePin
HAL_GPIO_ReadPin
RtcRecoverMcuStatus
HAL_GPIO_EXTI_IRQHandler
