ARM GAS  C:\Users\andywei\AppData\Local\Temp\ccUe46lx.s 			page 1


   1              		.cpu cortex-m4
   2              		.eabi_attribute 27, 1
   3              		.eabi_attribute 28, 1
   4              		.eabi_attribute 20, 1
   5              		.eabi_attribute 21, 1
   6              		.eabi_attribute 23, 3
   7              		.eabi_attribute 24, 1
   8              		.eabi_attribute 25, 1
   9              		.eabi_attribute 26, 1
  10              		.eabi_attribute 30, 1
  11              		.eabi_attribute 34, 1
  12              		.eabi_attribute 18, 4
  13              		.file	"sx126x-board.c"
  14              		.text
  15              	.Ltext0:
  16              		.cfi_sections	.debug_frame
  17              		.section	.text.SX126xIoInit,"ax",%progbits
  18              		.align	1
  19              		.global	SX126xIoInit
  20              		.arch armv7e-m
  21              		.syntax unified
  22              		.thumb
  23              		.thumb_func
  24              		.fpu fpv4-sp-d16
  26              	SX126xIoInit:
  27              	.LFB135:
  28              		.file 1 "Core/Src/boards/NucleoL476/sx126x-board.c"
   1:Core/Src/boards/NucleoL476/sx126x-board.c **** /*
   2:Core/Src/boards/NucleoL476/sx126x-board.c ****   ______                              _
   3:Core/Src/boards/NucleoL476/sx126x-board.c ****  / _____)             _              | |
   4:Core/Src/boards/NucleoL476/sx126x-board.c **** ( (____  _____ ____ _| |_ _____  ____| |__
   5:Core/Src/boards/NucleoL476/sx126x-board.c ****  \____ \| ___ |    (_   _) ___ |/ ___)  _ \
   6:Core/Src/boards/NucleoL476/sx126x-board.c ****  _____) ) ____| | | || |_| ____( (___| | | |
   7:Core/Src/boards/NucleoL476/sx126x-board.c **** (______/|_____)_|_|_| \__)_____)\____)_| |_|
   8:Core/Src/boards/NucleoL476/sx126x-board.c ****     (C)2013 Semtech
   9:Core/Src/boards/NucleoL476/sx126x-board.c **** 
  10:Core/Src/boards/NucleoL476/sx126x-board.c **** Description: SX126x driver specific target board functions implementation
  11:Core/Src/boards/NucleoL476/sx126x-board.c **** 
  12:Core/Src/boards/NucleoL476/sx126x-board.c **** License: Revised BSD License, see LICENSE.TXT file include in the project
  13:Core/Src/boards/NucleoL476/sx126x-board.c **** 
  14:Core/Src/boards/NucleoL476/sx126x-board.c **** Maintainer: Miguel Luis and Gregory Cristian
  15:Core/Src/boards/NucleoL476/sx126x-board.c **** */
  16:Core/Src/boards/NucleoL476/sx126x-board.c **** #include "board.h"
  17:Core/Src/boards/NucleoL476/sx126x-board.c **** #include "radio.h"
  18:Core/Src/boards/NucleoL476/sx126x-board.c **** #include "sx126x/sx126x.h"
  19:Core/Src/boards/NucleoL476/sx126x-board.c **** #include "sx126x-board.h"
  20:Core/Src/boards/NucleoL476/sx126x-board.c **** 
  21:Core/Src/boards/NucleoL476/sx126x-board.c **** /*!
  22:Core/Src/boards/NucleoL476/sx126x-board.c ****  * Antenna switch GPIO pins objects
  23:Core/Src/boards/NucleoL476/sx126x-board.c ****  */
  24:Core/Src/boards/NucleoL476/sx126x-board.c **** Gpio_t AntPow;
  25:Core/Src/boards/NucleoL476/sx126x-board.c **** Gpio_t DeviceSel;
  26:Core/Src/boards/NucleoL476/sx126x-board.c **** 
  27:Core/Src/boards/NucleoL476/sx126x-board.c **** void SX126xIoInit( void )
  28:Core/Src/boards/NucleoL476/sx126x-board.c **** {
  29              		.loc 1 28 1 view -0
  30              		.cfi_startproc
ARM GAS  C:\Users\andywei\AppData\Local\Temp\ccUe46lx.s 			page 2


  31              		@ args = 0, pretend = 0, frame = 0
  32              		@ frame_needed = 0, uses_anonymous_args = 0
  33 0000 30B5     		push	{r4, r5, lr}
  34              	.LCFI0:
  35              		.cfi_def_cfa_offset 12
  36              		.cfi_offset 4, -12
  37              		.cfi_offset 5, -8
  38              		.cfi_offset 14, -4
  39 0002 83B0     		sub	sp, sp, #12
  40              	.LCFI1:
  41              		.cfi_def_cfa_offset 24
  29:Core/Src/boards/NucleoL476/sx126x-board.c ****     GpioInit( &SX126x.Spi.Nss, RADIO_NSS, PIN_OUTPUT, PIN_PUSH_PULL, PIN_PULL_UP, 1 );
  42              		.loc 1 29 5 view .LVU1
  43 0004 124D     		ldr	r5, .L3
  44 0006 0122     		movs	r2, #1
  45 0008 0192     		str	r2, [sp, #4]
  46 000a 0092     		str	r2, [sp]
  47 000c 0023     		movs	r3, #0
  48 000e 0821     		movs	r1, #8
  49 0010 2846     		mov	r0, r5
  50 0012 FFF7FEFF 		bl	GpioInit
  51              	.LVL0:
  30:Core/Src/boards/NucleoL476/sx126x-board.c ****     GpioInit( &SX126x.BUSY, RADIO_BUSY, PIN_INPUT, PIN_PUSH_PULL, PIN_NO_PULL, 0 );
  52              		.loc 1 30 5 view .LVU2
  53 0016 0024     		movs	r4, #0
  54 0018 0194     		str	r4, [sp, #4]
  55 001a 0094     		str	r4, [sp]
  56 001c 2346     		mov	r3, r4
  57 001e 2246     		mov	r2, r4
  58 0020 1321     		movs	r1, #19
  59 0022 A5F1B800 		sub	r0, r5, #184
  60 0026 FFF7FEFF 		bl	GpioInit
  61              	.LVL1:
  31:Core/Src/boards/NucleoL476/sx126x-board.c ****     GpioInit( &SX126x.DIO1, RADIO_DIO_1, PIN_INPUT, PIN_PUSH_PULL, PIN_NO_PULL, 0 );
  62              		.loc 1 31 5 view .LVU3
  63 002a 0194     		str	r4, [sp, #4]
  64 002c 0094     		str	r4, [sp]
  65 002e 2346     		mov	r3, r4
  66 0030 2246     		mov	r2, r4
  67 0032 1421     		movs	r1, #20
  68 0034 A5F1AC00 		sub	r0, r5, #172
  69 0038 FFF7FEFF 		bl	GpioInit
  70              	.LVL2:
  32:Core/Src/boards/NucleoL476/sx126x-board.c ****     GpioInit( &DeviceSel, DEVICE_SEL, PIN_INPUT, PIN_PUSH_PULL, PIN_NO_PULL, 0 );
  71              		.loc 1 32 5 view .LVU4
  72 003c 0194     		str	r4, [sp, #4]
  73 003e 0094     		str	r4, [sp]
  74 0040 2346     		mov	r3, r4
  75 0042 2246     		mov	r2, r4
  76 0044 0421     		movs	r1, #4
  77 0046 0348     		ldr	r0, .L3+4
  78 0048 FFF7FEFF 		bl	GpioInit
  79              	.LVL3:
  33:Core/Src/boards/NucleoL476/sx126x-board.c **** }
  80              		.loc 1 33 1 is_stmt 0 view .LVU5
  81 004c 03B0     		add	sp, sp, #12
  82              	.LCFI2:
ARM GAS  C:\Users\andywei\AppData\Local\Temp\ccUe46lx.s 			page 3


  83              		.cfi_def_cfa_offset 12
  84              		@ sp needed
  85 004e 30BD     		pop	{r4, r5, pc}
  86              	.L4:
  87              		.align	2
  88              	.L3:
  89 0050 C4000000 		.word	SX126x+196
  90 0054 00000000 		.word	.LANCHOR0
  91              		.cfi_endproc
  92              	.LFE135:
  94              		.section	.text.SX126xIoIrqInit,"ax",%progbits
  95              		.align	1
  96              		.global	SX126xIoIrqInit
  97              		.syntax unified
  98              		.thumb
  99              		.thumb_func
 100              		.fpu fpv4-sp-d16
 102              	SX126xIoIrqInit:
 103              	.LVL4:
 104              	.LFB136:
  34:Core/Src/boards/NucleoL476/sx126x-board.c **** 
  35:Core/Src/boards/NucleoL476/sx126x-board.c **** void SX126xIoIrqInit( DioIrqHandler dioIrq )
  36:Core/Src/boards/NucleoL476/sx126x-board.c **** {
 105              		.loc 1 36 1 is_stmt 1 view -0
 106              		.cfi_startproc
 107              		@ args = 0, pretend = 0, frame = 0
 108              		@ frame_needed = 0, uses_anonymous_args = 0
 109              		.loc 1 36 1 is_stmt 0 view .LVU7
 110 0000 08B5     		push	{r3, lr}
 111              	.LCFI3:
 112              		.cfi_def_cfa_offset 8
 113              		.cfi_offset 3, -8
 114              		.cfi_offset 14, -4
 115 0002 0346     		mov	r3, r0
  37:Core/Src/boards/NucleoL476/sx126x-board.c ****     GpioSetInterrupt( &SX126x.DIO1, IRQ_RISING_EDGE, IRQ_HIGH_PRIORITY, dioIrq );
 116              		.loc 1 37 5 is_stmt 1 view .LVU8
 117 0004 0322     		movs	r2, #3
 118 0006 0121     		movs	r1, #1
 119 0008 0148     		ldr	r0, .L7
 120              	.LVL5:
 121              		.loc 1 37 5 is_stmt 0 view .LVU9
 122 000a FFF7FEFF 		bl	GpioSetInterrupt
 123              	.LVL6:
  38:Core/Src/boards/NucleoL476/sx126x-board.c **** }
 124              		.loc 1 38 1 view .LVU10
 125 000e 08BD     		pop	{r3, pc}
 126              	.L8:
 127              		.align	2
 128              	.L7:
 129 0010 18000000 		.word	SX126x+24
 130              		.cfi_endproc
 131              	.LFE136:
 133              		.section	.text.SX126xIoDeInit,"ax",%progbits
 134              		.align	1
 135              		.global	SX126xIoDeInit
 136              		.syntax unified
 137              		.thumb
ARM GAS  C:\Users\andywei\AppData\Local\Temp\ccUe46lx.s 			page 4


 138              		.thumb_func
 139              		.fpu fpv4-sp-d16
 141              	SX126xIoDeInit:
 142              	.LFB137:
  39:Core/Src/boards/NucleoL476/sx126x-board.c **** 
  40:Core/Src/boards/NucleoL476/sx126x-board.c **** void SX126xIoDeInit( void )
  41:Core/Src/boards/NucleoL476/sx126x-board.c **** {
 143              		.loc 1 41 1 is_stmt 1 view -0
 144              		.cfi_startproc
 145              		@ args = 0, pretend = 0, frame = 0
 146              		@ frame_needed = 0, uses_anonymous_args = 0
 147 0000 30B5     		push	{r4, r5, lr}
 148              	.LCFI4:
 149              		.cfi_def_cfa_offset 12
 150              		.cfi_offset 4, -12
 151              		.cfi_offset 5, -8
 152              		.cfi_offset 14, -4
 153 0002 83B0     		sub	sp, sp, #12
 154              	.LCFI5:
 155              		.cfi_def_cfa_offset 24
  42:Core/Src/boards/NucleoL476/sx126x-board.c ****     GpioInit( &SX126x.Spi.Nss, RADIO_NSS, PIN_ANALOGIC, PIN_PUSH_PULL, PIN_PULL_UP, 1 );
 156              		.loc 1 42 5 view .LVU12
 157 0004 0F4D     		ldr	r5, .L11
 158 0006 0123     		movs	r3, #1
 159 0008 0193     		str	r3, [sp, #4]
 160 000a 0093     		str	r3, [sp]
 161 000c 0023     		movs	r3, #0
 162 000e 0322     		movs	r2, #3
 163 0010 0821     		movs	r1, #8
 164 0012 2846     		mov	r0, r5
 165 0014 FFF7FEFF 		bl	GpioInit
 166              	.LVL7:
  43:Core/Src/boards/NucleoL476/sx126x-board.c ****     GpioInit( &SX126x.BUSY, RADIO_BUSY, PIN_ANALOGIC, PIN_PUSH_PULL, PIN_NO_PULL, 0 );
 167              		.loc 1 43 5 view .LVU13
 168 0018 0024     		movs	r4, #0
 169 001a 0194     		str	r4, [sp, #4]
 170 001c 0094     		str	r4, [sp]
 171 001e 2346     		mov	r3, r4
 172 0020 0322     		movs	r2, #3
 173 0022 1321     		movs	r1, #19
 174 0024 A5F1B800 		sub	r0, r5, #184
 175 0028 FFF7FEFF 		bl	GpioInit
 176              	.LVL8:
  44:Core/Src/boards/NucleoL476/sx126x-board.c ****     GpioInit( &SX126x.DIO1, RADIO_DIO_1, PIN_ANALOGIC, PIN_PUSH_PULL, PIN_NO_PULL, 0 );
 177              		.loc 1 44 5 view .LVU14
 178 002c 0194     		str	r4, [sp, #4]
 179 002e 0094     		str	r4, [sp]
 180 0030 2346     		mov	r3, r4
 181 0032 0322     		movs	r2, #3
 182 0034 1421     		movs	r1, #20
 183 0036 A5F1AC00 		sub	r0, r5, #172
 184 003a FFF7FEFF 		bl	GpioInit
 185              	.LVL9:
  45:Core/Src/boards/NucleoL476/sx126x-board.c **** }
 186              		.loc 1 45 1 is_stmt 0 view .LVU15
 187 003e 03B0     		add	sp, sp, #12
 188              	.LCFI6:
ARM GAS  C:\Users\andywei\AppData\Local\Temp\ccUe46lx.s 			page 5


 189              		.cfi_def_cfa_offset 12
 190              		@ sp needed
 191 0040 30BD     		pop	{r4, r5, pc}
 192              	.L12:
 193 0042 00BF     		.align	2
 194              	.L11:
 195 0044 C4000000 		.word	SX126x+196
 196              		.cfi_endproc
 197              	.LFE137:
 199              		.section	.text.SX126xReset,"ax",%progbits
 200              		.align	1
 201              		.global	SX126xReset
 202              		.syntax unified
 203              		.thumb
 204              		.thumb_func
 205              		.fpu fpv4-sp-d16
 207              	SX126xReset:
 208              	.LFB138:
  46:Core/Src/boards/NucleoL476/sx126x-board.c **** 
  47:Core/Src/boards/NucleoL476/sx126x-board.c **** void SX126xReset( void )
  48:Core/Src/boards/NucleoL476/sx126x-board.c **** {
 209              		.loc 1 48 1 is_stmt 1 view -0
 210              		.cfi_startproc
 211              		@ args = 0, pretend = 0, frame = 0
 212              		@ frame_needed = 0, uses_anonymous_args = 0
 213 0000 30B5     		push	{r4, r5, lr}
 214              	.LCFI7:
 215              		.cfi_def_cfa_offset 12
 216              		.cfi_offset 4, -12
 217              		.cfi_offset 5, -8
 218              		.cfi_offset 14, -4
 219 0002 83B0     		sub	sp, sp, #12
 220              	.LCFI8:
 221              		.cfi_def_cfa_offset 24
  49:Core/Src/boards/NucleoL476/sx126x-board.c ****     DelayMs( 10 );
 222              		.loc 1 49 5 view .LVU17
 223 0004 0A20     		movs	r0, #10
 224 0006 FFF7FEFF 		bl	DelayMs
 225              	.LVL10:
  50:Core/Src/boards/NucleoL476/sx126x-board.c ****     GpioInit( &SX126x.Reset, RADIO_RESET, PIN_OUTPUT, PIN_PUSH_PULL, PIN_NO_PULL, 0 );
 226              		.loc 1 50 5 view .LVU18
 227 000a 0D4D     		ldr	r5, .L15
 228 000c 0024     		movs	r4, #0
 229 000e 0194     		str	r4, [sp, #4]
 230 0010 0094     		str	r4, [sp]
 231 0012 2346     		mov	r3, r4
 232 0014 0122     		movs	r2, #1
 233 0016 2146     		mov	r1, r4
 234 0018 2846     		mov	r0, r5
 235 001a FFF7FEFF 		bl	GpioInit
 236              	.LVL11:
  51:Core/Src/boards/NucleoL476/sx126x-board.c ****     DelayMs( 20 );
 237              		.loc 1 51 5 view .LVU19
 238 001e 1420     		movs	r0, #20
 239 0020 FFF7FEFF 		bl	DelayMs
 240              	.LVL12:
  52:Core/Src/boards/NucleoL476/sx126x-board.c ****     GpioInit( &SX126x.Reset, RADIO_RESET, PIN_ANALOGIC, PIN_PUSH_PULL, PIN_NO_PULL, 0 ); // interna
ARM GAS  C:\Users\andywei\AppData\Local\Temp\ccUe46lx.s 			page 6


 241              		.loc 1 52 5 view .LVU20
 242 0024 0194     		str	r4, [sp, #4]
 243 0026 0094     		str	r4, [sp]
 244 0028 2346     		mov	r3, r4
 245 002a 0322     		movs	r2, #3
 246 002c 2146     		mov	r1, r4
 247 002e 2846     		mov	r0, r5
 248 0030 FFF7FEFF 		bl	GpioInit
 249              	.LVL13:
  53:Core/Src/boards/NucleoL476/sx126x-board.c ****     DelayMs( 10 );
 250              		.loc 1 53 5 view .LVU21
 251 0034 0A20     		movs	r0, #10
 252 0036 FFF7FEFF 		bl	DelayMs
 253              	.LVL14:
  54:Core/Src/boards/NucleoL476/sx126x-board.c **** }
 254              		.loc 1 54 1 is_stmt 0 view .LVU22
 255 003a 03B0     		add	sp, sp, #12
 256              	.LCFI9:
 257              		.cfi_def_cfa_offset 12
 258              		@ sp needed
 259 003c 30BD     		pop	{r4, r5, pc}
 260              	.L16:
 261 003e 00BF     		.align	2
 262              	.L15:
 263 0040 00000000 		.word	SX126x
 264              		.cfi_endproc
 265              	.LFE138:
 267              		.section	.text.SX126xWaitOnBusy,"ax",%progbits
 268              		.align	1
 269              		.global	SX126xWaitOnBusy
 270              		.syntax unified
 271              		.thumb
 272              		.thumb_func
 273              		.fpu fpv4-sp-d16
 275              	SX126xWaitOnBusy:
 276              	.LFB139:
  55:Core/Src/boards/NucleoL476/sx126x-board.c **** 
  56:Core/Src/boards/NucleoL476/sx126x-board.c **** void SX126xWaitOnBusy( void )
  57:Core/Src/boards/NucleoL476/sx126x-board.c **** {
 277              		.loc 1 57 1 is_stmt 1 view -0
 278              		.cfi_startproc
 279              		@ args = 0, pretend = 0, frame = 0
 280              		@ frame_needed = 0, uses_anonymous_args = 0
 281 0000 08B5     		push	{r3, lr}
 282              	.LCFI10:
 283              		.cfi_def_cfa_offset 8
 284              		.cfi_offset 3, -8
 285              		.cfi_offset 14, -4
 286              	.L18:
  58:Core/Src/boards/NucleoL476/sx126x-board.c ****     while( GpioRead( &SX126x.BUSY ) == 1 );
 287              		.loc 1 58 43 discriminator 1 view .LVU24
 288              		.loc 1 58 10 discriminator 1 view .LVU25
 289              		.loc 1 58 12 is_stmt 0 discriminator 1 view .LVU26
 290 0002 0348     		ldr	r0, .L20
 291 0004 FFF7FEFF 		bl	GpioRead
 292              	.LVL15:
 293              		.loc 1 58 10 discriminator 1 view .LVU27
ARM GAS  C:\Users\andywei\AppData\Local\Temp\ccUe46lx.s 			page 7


 294 0008 0128     		cmp	r0, #1
 295 000a FAD0     		beq	.L18
  59:Core/Src/boards/NucleoL476/sx126x-board.c **** }
 296              		.loc 1 59 1 view .LVU28
 297 000c 08BD     		pop	{r3, pc}
 298              	.L21:
 299 000e 00BF     		.align	2
 300              	.L20:
 301 0010 0C000000 		.word	SX126x+12
 302              		.cfi_endproc
 303              	.LFE139:
 305              		.section	.text.SX126xWakeup,"ax",%progbits
 306              		.align	1
 307              		.global	SX126xWakeup
 308              		.syntax unified
 309              		.thumb
 310              		.thumb_func
 311              		.fpu fpv4-sp-d16
 313              	SX126xWakeup:
 314              	.LFB140:
  60:Core/Src/boards/NucleoL476/sx126x-board.c **** 
  61:Core/Src/boards/NucleoL476/sx126x-board.c **** void SX126xWakeup( void )
  62:Core/Src/boards/NucleoL476/sx126x-board.c **** {
 315              		.loc 1 62 1 is_stmt 1 view -0
 316              		.cfi_startproc
 317              		@ args = 0, pretend = 0, frame = 0
 318              		@ frame_needed = 0, uses_anonymous_args = 0
 319 0000 38B5     		push	{r3, r4, r5, lr}
 320              	.LCFI11:
 321              		.cfi_def_cfa_offset 16
 322              		.cfi_offset 3, -16
 323              		.cfi_offset 4, -12
 324              		.cfi_offset 5, -8
 325              		.cfi_offset 14, -4
  63:Core/Src/boards/NucleoL476/sx126x-board.c ****     BoardDisableIrq( );
 326              		.loc 1 63 5 view .LVU30
 327 0002 FFF7FEFF 		bl	BoardDisableIrq
 328              	.LVL16:
  64:Core/Src/boards/NucleoL476/sx126x-board.c **** 
  65:Core/Src/boards/NucleoL476/sx126x-board.c ****     GpioWrite( &SX126x.Spi.Nss, 0 );
 329              		.loc 1 65 5 view .LVU31
 330 0006 0C4C     		ldr	r4, .L24
 331 0008 0021     		movs	r1, #0
 332 000a 2046     		mov	r0, r4
 333 000c FFF7FEFF 		bl	GpioWrite
 334              	.LVL17:
  66:Core/Src/boards/NucleoL476/sx126x-board.c **** 
  67:Core/Src/boards/NucleoL476/sx126x-board.c ****     SpiInOut( &SX126x.Spi, RADIO_GET_STATUS );
 335              		.loc 1 67 5 view .LVU32
 336 0010 A4F18805 		sub	r5, r4, #136
 337 0014 C021     		movs	r1, #192
 338 0016 2846     		mov	r0, r5
 339 0018 FFF7FEFF 		bl	SpiInOut
 340              	.LVL18:
  68:Core/Src/boards/NucleoL476/sx126x-board.c ****     SpiInOut( &SX126x.Spi, 0x00 );
 341              		.loc 1 68 5 view .LVU33
 342 001c 0021     		movs	r1, #0
ARM GAS  C:\Users\andywei\AppData\Local\Temp\ccUe46lx.s 			page 8


 343 001e 2846     		mov	r0, r5
 344 0020 FFF7FEFF 		bl	SpiInOut
 345              	.LVL19:
  69:Core/Src/boards/NucleoL476/sx126x-board.c **** 
  70:Core/Src/boards/NucleoL476/sx126x-board.c ****     GpioWrite( &SX126x.Spi.Nss, 1 );
 346              		.loc 1 70 5 view .LVU34
 347 0024 0121     		movs	r1, #1
 348 0026 2046     		mov	r0, r4
 349 0028 FFF7FEFF 		bl	GpioWrite
 350              	.LVL20:
  71:Core/Src/boards/NucleoL476/sx126x-board.c **** 
  72:Core/Src/boards/NucleoL476/sx126x-board.c ****     // Wait for chip to be ready.
  73:Core/Src/boards/NucleoL476/sx126x-board.c ****     SX126xWaitOnBusy( );
 351              		.loc 1 73 5 view .LVU35
 352 002c FFF7FEFF 		bl	SX126xWaitOnBusy
 353              	.LVL21:
  74:Core/Src/boards/NucleoL476/sx126x-board.c **** 
  75:Core/Src/boards/NucleoL476/sx126x-board.c ****     BoardEnableIrq( );
 354              		.loc 1 75 5 view .LVU36
 355 0030 FFF7FEFF 		bl	BoardEnableIrq
 356              	.LVL22:
  76:Core/Src/boards/NucleoL476/sx126x-board.c **** }
 357              		.loc 1 76 1 is_stmt 0 view .LVU37
 358 0034 38BD     		pop	{r3, r4, r5, pc}
 359              	.L25:
 360 0036 00BF     		.align	2
 361              	.L24:
 362 0038 C4000000 		.word	SX126x+196
 363              		.cfi_endproc
 364              	.LFE140:
 366              		.section	.text.SX126xWriteCommand,"ax",%progbits
 367              		.align	1
 368              		.global	SX126xWriteCommand
 369              		.syntax unified
 370              		.thumb
 371              		.thumb_func
 372              		.fpu fpv4-sp-d16
 374              	SX126xWriteCommand:
 375              	.LVL23:
 376              	.LFB141:
  77:Core/Src/boards/NucleoL476/sx126x-board.c **** 
  78:Core/Src/boards/NucleoL476/sx126x-board.c **** void SX126xWriteCommand( RadioCommands_t command, uint8_t *buffer, uint16_t size )
  79:Core/Src/boards/NucleoL476/sx126x-board.c **** {
 377              		.loc 1 79 1 is_stmt 1 view -0
 378              		.cfi_startproc
 379              		@ args = 0, pretend = 0, frame = 0
 380              		@ frame_needed = 0, uses_anonymous_args = 0
 381              		.loc 1 79 1 is_stmt 0 view .LVU39
 382 0000 F8B5     		push	{r3, r4, r5, r6, r7, lr}
 383              	.LCFI12:
 384              		.cfi_def_cfa_offset 24
 385              		.cfi_offset 3, -24
 386              		.cfi_offset 4, -20
 387              		.cfi_offset 5, -16
 388              		.cfi_offset 6, -12
 389              		.cfi_offset 7, -8
 390              		.cfi_offset 14, -4
ARM GAS  C:\Users\andywei\AppData\Local\Temp\ccUe46lx.s 			page 9


 391 0002 0746     		mov	r7, r0
 392 0004 0E46     		mov	r6, r1
 393 0006 1546     		mov	r5, r2
  80:Core/Src/boards/NucleoL476/sx126x-board.c ****     SX126xCheckDeviceReady( );
 394              		.loc 1 80 5 is_stmt 1 view .LVU40
 395 0008 FFF7FEFF 		bl	SX126xCheckDeviceReady
 396              	.LVL24:
  81:Core/Src/boards/NucleoL476/sx126x-board.c **** 
  82:Core/Src/boards/NucleoL476/sx126x-board.c ****     GpioWrite( &SX126x.Spi.Nss, 0 );
 397              		.loc 1 82 5 view .LVU41
 398 000c 0E4C     		ldr	r4, .L32
 399 000e 0021     		movs	r1, #0
 400 0010 2046     		mov	r0, r4
 401 0012 FFF7FEFF 		bl	GpioWrite
 402              	.LVL25:
  83:Core/Src/boards/NucleoL476/sx126x-board.c **** 
  84:Core/Src/boards/NucleoL476/sx126x-board.c ****     SpiInOut( &SX126x.Spi, ( uint8_t )command );
 403              		.loc 1 84 5 view .LVU42
 404 0016 3946     		mov	r1, r7
 405 0018 A4F18800 		sub	r0, r4, #136
 406 001c FFF7FEFF 		bl	SpiInOut
 407              	.LVL26:
  85:Core/Src/boards/NucleoL476/sx126x-board.c **** 
  86:Core/Src/boards/NucleoL476/sx126x-board.c ****     for( uint16_t i = 0; i < size; i++ )
 408              		.loc 1 86 5 view .LVU43
 409              	.LBB2:
 410              		.loc 1 86 10 view .LVU44
 411              		.loc 1 86 19 is_stmt 0 view .LVU45
 412 0020 0024     		movs	r4, #0
 413              		.loc 1 86 5 view .LVU46
 414 0022 05E0     		b	.L27
 415              	.LVL27:
 416              	.L28:
  87:Core/Src/boards/NucleoL476/sx126x-board.c ****     {
  88:Core/Src/boards/NucleoL476/sx126x-board.c ****         SpiInOut( &SX126x.Spi, buffer[i] );
 417              		.loc 1 88 9 is_stmt 1 discriminator 3 view .LVU47
 418 0024 315D     		ldrb	r1, [r6, r4]	@ zero_extendqisi2
 419 0026 0948     		ldr	r0, .L32+4
 420 0028 FFF7FEFF 		bl	SpiInOut
 421              	.LVL28:
  86:Core/Src/boards/NucleoL476/sx126x-board.c ****     {
 422              		.loc 1 86 36 discriminator 3 view .LVU48
  86:Core/Src/boards/NucleoL476/sx126x-board.c ****     {
 423              		.loc 1 86 37 is_stmt 0 discriminator 3 view .LVU49
 424 002c 0134     		adds	r4, r4, #1
 425              	.LVL29:
  86:Core/Src/boards/NucleoL476/sx126x-board.c ****     {
 426              		.loc 1 86 37 discriminator 3 view .LVU50
 427 002e A4B2     		uxth	r4, r4
 428              	.LVL30:
 429              	.L27:
  86:Core/Src/boards/NucleoL476/sx126x-board.c ****     {
 430              		.loc 1 86 26 is_stmt 1 discriminator 1 view .LVU51
  86:Core/Src/boards/NucleoL476/sx126x-board.c ****     {
 431              		.loc 1 86 5 is_stmt 0 discriminator 1 view .LVU52
 432 0030 AC42     		cmp	r4, r5
 433 0032 F7D3     		bcc	.L28
ARM GAS  C:\Users\andywei\AppData\Local\Temp\ccUe46lx.s 			page 10


 434              	.LBE2:
  89:Core/Src/boards/NucleoL476/sx126x-board.c ****     }
  90:Core/Src/boards/NucleoL476/sx126x-board.c **** 
  91:Core/Src/boards/NucleoL476/sx126x-board.c ****     GpioWrite( &SX126x.Spi.Nss, 1 );
 435              		.loc 1 91 5 is_stmt 1 view .LVU53
 436 0034 0121     		movs	r1, #1
 437 0036 0448     		ldr	r0, .L32
 438 0038 FFF7FEFF 		bl	GpioWrite
 439              	.LVL31:
  92:Core/Src/boards/NucleoL476/sx126x-board.c **** 
  93:Core/Src/boards/NucleoL476/sx126x-board.c ****     if( command != RADIO_SET_SLEEP )
 440              		.loc 1 93 5 view .LVU54
 441              		.loc 1 93 7 is_stmt 0 view .LVU55
 442 003c 842F     		cmp	r7, #132
 443 003e 00D1     		bne	.L31
 444              	.L26:
  94:Core/Src/boards/NucleoL476/sx126x-board.c ****     {
  95:Core/Src/boards/NucleoL476/sx126x-board.c ****         SX126xWaitOnBusy( );
  96:Core/Src/boards/NucleoL476/sx126x-board.c ****     }
  97:Core/Src/boards/NucleoL476/sx126x-board.c **** }
 445              		.loc 1 97 1 view .LVU56
 446 0040 F8BD     		pop	{r3, r4, r5, r6, r7, pc}
 447              	.LVL32:
 448              	.L31:
  95:Core/Src/boards/NucleoL476/sx126x-board.c ****     }
 449              		.loc 1 95 9 is_stmt 1 view .LVU57
 450 0042 FFF7FEFF 		bl	SX126xWaitOnBusy
 451              	.LVL33:
 452              		.loc 1 97 1 is_stmt 0 view .LVU58
 453 0046 FBE7     		b	.L26
 454              	.L33:
 455              		.align	2
 456              	.L32:
 457 0048 C4000000 		.word	SX126x+196
 458 004c 3C000000 		.word	SX126x+60
 459              		.cfi_endproc
 460              	.LFE141:
 462              		.section	.text.SX126xReadCommand,"ax",%progbits
 463              		.align	1
 464              		.global	SX126xReadCommand
 465              		.syntax unified
 466              		.thumb
 467              		.thumb_func
 468              		.fpu fpv4-sp-d16
 470              	SX126xReadCommand:
 471              	.LVL34:
 472              	.LFB142:
  98:Core/Src/boards/NucleoL476/sx126x-board.c **** 
  99:Core/Src/boards/NucleoL476/sx126x-board.c **** void SX126xReadCommand( RadioCommands_t command, uint8_t *buffer, uint16_t size )
 100:Core/Src/boards/NucleoL476/sx126x-board.c **** {
 473              		.loc 1 100 1 is_stmt 1 view -0
 474              		.cfi_startproc
 475              		@ args = 0, pretend = 0, frame = 0
 476              		@ frame_needed = 0, uses_anonymous_args = 0
 477              		.loc 1 100 1 is_stmt 0 view .LVU60
 478 0000 F8B5     		push	{r3, r4, r5, r6, r7, lr}
 479              	.LCFI13:
ARM GAS  C:\Users\andywei\AppData\Local\Temp\ccUe46lx.s 			page 11


 480              		.cfi_def_cfa_offset 24
 481              		.cfi_offset 3, -24
 482              		.cfi_offset 4, -20
 483              		.cfi_offset 5, -16
 484              		.cfi_offset 6, -12
 485              		.cfi_offset 7, -8
 486              		.cfi_offset 14, -4
 487 0002 0746     		mov	r7, r0
 488 0004 0E46     		mov	r6, r1
 489 0006 1546     		mov	r5, r2
 101:Core/Src/boards/NucleoL476/sx126x-board.c ****     SX126xCheckDeviceReady( );
 490              		.loc 1 101 5 is_stmt 1 view .LVU61
 491 0008 FFF7FEFF 		bl	SX126xCheckDeviceReady
 492              	.LVL35:
 102:Core/Src/boards/NucleoL476/sx126x-board.c **** 
 103:Core/Src/boards/NucleoL476/sx126x-board.c ****     GpioWrite( &SX126x.Spi.Nss, 0 );
 493              		.loc 1 103 5 view .LVU62
 494 000c 0F4C     		ldr	r4, .L38
 495 000e 0021     		movs	r1, #0
 496 0010 2046     		mov	r0, r4
 497 0012 FFF7FEFF 		bl	GpioWrite
 498              	.LVL36:
 104:Core/Src/boards/NucleoL476/sx126x-board.c **** 
 105:Core/Src/boards/NucleoL476/sx126x-board.c ****     SpiInOut( &SX126x.Spi, ( uint8_t )command );
 499              		.loc 1 105 5 view .LVU63
 500 0016 883C     		subs	r4, r4, #136
 501 0018 3946     		mov	r1, r7
 502 001a 2046     		mov	r0, r4
 503 001c FFF7FEFF 		bl	SpiInOut
 504              	.LVL37:
 106:Core/Src/boards/NucleoL476/sx126x-board.c ****     SpiInOut( &SX126x.Spi, 0x00 );
 505              		.loc 1 106 5 view .LVU64
 506 0020 0021     		movs	r1, #0
 507 0022 2046     		mov	r0, r4
 508 0024 FFF7FEFF 		bl	SpiInOut
 509              	.LVL38:
 107:Core/Src/boards/NucleoL476/sx126x-board.c ****     for( uint16_t i = 0; i < size; i++ )
 510              		.loc 1 107 5 view .LVU65
 511              	.LBB3:
 512              		.loc 1 107 10 view .LVU66
 513              		.loc 1 107 19 is_stmt 0 view .LVU67
 514 0028 0024     		movs	r4, #0
 515              		.loc 1 107 5 view .LVU68
 516 002a 06E0     		b	.L35
 517              	.LVL39:
 518              	.L36:
 108:Core/Src/boards/NucleoL476/sx126x-board.c ****     {
 109:Core/Src/boards/NucleoL476/sx126x-board.c ****         buffer[i] = SpiInOut( &SX126x.Spi, 0 );
 519              		.loc 1 109 9 is_stmt 1 discriminator 3 view .LVU69
 520              		.loc 1 109 21 is_stmt 0 discriminator 3 view .LVU70
 521 002c 0021     		movs	r1, #0
 522 002e 0848     		ldr	r0, .L38+4
 523 0030 FFF7FEFF 		bl	SpiInOut
 524              	.LVL40:
 525              		.loc 1 109 19 discriminator 3 view .LVU71
 526 0034 3055     		strb	r0, [r6, r4]
 107:Core/Src/boards/NucleoL476/sx126x-board.c ****     for( uint16_t i = 0; i < size; i++ )
ARM GAS  C:\Users\andywei\AppData\Local\Temp\ccUe46lx.s 			page 12


 527              		.loc 1 107 36 is_stmt 1 discriminator 3 view .LVU72
 107:Core/Src/boards/NucleoL476/sx126x-board.c ****     for( uint16_t i = 0; i < size; i++ )
 528              		.loc 1 107 37 is_stmt 0 discriminator 3 view .LVU73
 529 0036 0134     		adds	r4, r4, #1
 530              	.LVL41:
 107:Core/Src/boards/NucleoL476/sx126x-board.c ****     for( uint16_t i = 0; i < size; i++ )
 531              		.loc 1 107 37 discriminator 3 view .LVU74
 532 0038 A4B2     		uxth	r4, r4
 533              	.LVL42:
 534              	.L35:
 107:Core/Src/boards/NucleoL476/sx126x-board.c ****     for( uint16_t i = 0; i < size; i++ )
 535              		.loc 1 107 26 is_stmt 1 discriminator 1 view .LVU75
 107:Core/Src/boards/NucleoL476/sx126x-board.c ****     for( uint16_t i = 0; i < size; i++ )
 536              		.loc 1 107 5 is_stmt 0 discriminator 1 view .LVU76
 537 003a AC42     		cmp	r4, r5
 538 003c F6D3     		bcc	.L36
 539              	.LBE3:
 110:Core/Src/boards/NucleoL476/sx126x-board.c ****     }
 111:Core/Src/boards/NucleoL476/sx126x-board.c **** 
 112:Core/Src/boards/NucleoL476/sx126x-board.c ****     GpioWrite( &SX126x.Spi.Nss, 1 );
 540              		.loc 1 112 5 is_stmt 1 view .LVU77
 541 003e 0121     		movs	r1, #1
 542 0040 0248     		ldr	r0, .L38
 543 0042 FFF7FEFF 		bl	GpioWrite
 544              	.LVL43:
 113:Core/Src/boards/NucleoL476/sx126x-board.c **** 
 114:Core/Src/boards/NucleoL476/sx126x-board.c ****     SX126xWaitOnBusy( );
 545              		.loc 1 114 5 view .LVU78
 546 0046 FFF7FEFF 		bl	SX126xWaitOnBusy
 547              	.LVL44:
 115:Core/Src/boards/NucleoL476/sx126x-board.c **** }
 548              		.loc 1 115 1 is_stmt 0 view .LVU79
 549 004a F8BD     		pop	{r3, r4, r5, r6, r7, pc}
 550              	.LVL45:
 551              	.L39:
 552              		.loc 1 115 1 view .LVU80
 553              		.align	2
 554              	.L38:
 555 004c C4000000 		.word	SX126x+196
 556 0050 3C000000 		.word	SX126x+60
 557              		.cfi_endproc
 558              	.LFE142:
 560              		.section	.text.SX126xWriteRegisters,"ax",%progbits
 561              		.align	1
 562              		.global	SX126xWriteRegisters
 563              		.syntax unified
 564              		.thumb
 565              		.thumb_func
 566              		.fpu fpv4-sp-d16
 568              	SX126xWriteRegisters:
 569              	.LVL46:
 570              	.LFB143:
 116:Core/Src/boards/NucleoL476/sx126x-board.c **** 
 117:Core/Src/boards/NucleoL476/sx126x-board.c **** void SX126xWriteRegisters( uint16_t address, uint8_t *buffer, uint16_t size )
 118:Core/Src/boards/NucleoL476/sx126x-board.c **** {
 571              		.loc 1 118 1 is_stmt 1 view -0
 572              		.cfi_startproc
ARM GAS  C:\Users\andywei\AppData\Local\Temp\ccUe46lx.s 			page 13


 573              		@ args = 0, pretend = 0, frame = 0
 574              		@ frame_needed = 0, uses_anonymous_args = 0
 575              		.loc 1 118 1 is_stmt 0 view .LVU82
 576 0000 F8B5     		push	{r3, r4, r5, r6, r7, lr}
 577              	.LCFI14:
 578              		.cfi_def_cfa_offset 24
 579              		.cfi_offset 3, -24
 580              		.cfi_offset 4, -20
 581              		.cfi_offset 5, -16
 582              		.cfi_offset 6, -12
 583              		.cfi_offset 7, -8
 584              		.cfi_offset 14, -4
 585 0002 0746     		mov	r7, r0
 586 0004 0E46     		mov	r6, r1
 587 0006 1546     		mov	r5, r2
 119:Core/Src/boards/NucleoL476/sx126x-board.c ****     SX126xCheckDeviceReady( );
 588              		.loc 1 119 5 is_stmt 1 view .LVU83
 589 0008 FFF7FEFF 		bl	SX126xCheckDeviceReady
 590              	.LVL47:
 120:Core/Src/boards/NucleoL476/sx126x-board.c **** 
 121:Core/Src/boards/NucleoL476/sx126x-board.c ****     GpioWrite( &SX126x.Spi.Nss, 0 );
 591              		.loc 1 121 5 view .LVU84
 592 000c 114C     		ldr	r4, .L44
 593 000e 0021     		movs	r1, #0
 594 0010 2046     		mov	r0, r4
 595 0012 FFF7FEFF 		bl	GpioWrite
 596              	.LVL48:
 122:Core/Src/boards/NucleoL476/sx126x-board.c ****     
 123:Core/Src/boards/NucleoL476/sx126x-board.c ****     SpiInOut( &SX126x.Spi, RADIO_WRITE_REGISTER );
 597              		.loc 1 123 5 view .LVU85
 598 0016 883C     		subs	r4, r4, #136
 599 0018 0D21     		movs	r1, #13
 600 001a 2046     		mov	r0, r4
 601 001c FFF7FEFF 		bl	SpiInOut
 602              	.LVL49:
 124:Core/Src/boards/NucleoL476/sx126x-board.c ****     SpiInOut( &SX126x.Spi, ( address & 0xFF00 ) >> 8 );
 603              		.loc 1 124 5 view .LVU86
 604 0020 390A     		lsrs	r1, r7, #8
 605 0022 2046     		mov	r0, r4
 606 0024 FFF7FEFF 		bl	SpiInOut
 607              	.LVL50:
 125:Core/Src/boards/NucleoL476/sx126x-board.c ****     SpiInOut( &SX126x.Spi, address & 0x00FF );
 608              		.loc 1 125 5 view .LVU87
 609 0028 F9B2     		uxtb	r1, r7
 610 002a 2046     		mov	r0, r4
 611 002c FFF7FEFF 		bl	SpiInOut
 612              	.LVL51:
 126:Core/Src/boards/NucleoL476/sx126x-board.c ****     
 127:Core/Src/boards/NucleoL476/sx126x-board.c ****     for( uint16_t i = 0; i < size; i++ )
 613              		.loc 1 127 5 view .LVU88
 614              	.LBB4:
 615              		.loc 1 127 10 view .LVU89
 616              		.loc 1 127 19 is_stmt 0 view .LVU90
 617 0030 0024     		movs	r4, #0
 618              		.loc 1 127 5 view .LVU91
 619 0032 05E0     		b	.L41
 620              	.LVL52:
ARM GAS  C:\Users\andywei\AppData\Local\Temp\ccUe46lx.s 			page 14


 621              	.L42:
 128:Core/Src/boards/NucleoL476/sx126x-board.c ****     {
 129:Core/Src/boards/NucleoL476/sx126x-board.c ****         SpiInOut( &SX126x.Spi, buffer[i] );
 622              		.loc 1 129 9 is_stmt 1 discriminator 3 view .LVU92
 623 0034 315D     		ldrb	r1, [r6, r4]	@ zero_extendqisi2
 624 0036 0848     		ldr	r0, .L44+4
 625 0038 FFF7FEFF 		bl	SpiInOut
 626              	.LVL53:
 127:Core/Src/boards/NucleoL476/sx126x-board.c ****     {
 627              		.loc 1 127 36 discriminator 3 view .LVU93
 127:Core/Src/boards/NucleoL476/sx126x-board.c ****     {
 628              		.loc 1 127 37 is_stmt 0 discriminator 3 view .LVU94
 629 003c 0134     		adds	r4, r4, #1
 630              	.LVL54:
 127:Core/Src/boards/NucleoL476/sx126x-board.c ****     {
 631              		.loc 1 127 37 discriminator 3 view .LVU95
 632 003e A4B2     		uxth	r4, r4
 633              	.LVL55:
 634              	.L41:
 127:Core/Src/boards/NucleoL476/sx126x-board.c ****     {
 635              		.loc 1 127 26 is_stmt 1 discriminator 1 view .LVU96
 127:Core/Src/boards/NucleoL476/sx126x-board.c ****     {
 636              		.loc 1 127 5 is_stmt 0 discriminator 1 view .LVU97
 637 0040 AC42     		cmp	r4, r5
 638 0042 F7D3     		bcc	.L42
 639              	.LBE4:
 130:Core/Src/boards/NucleoL476/sx126x-board.c ****     }
 131:Core/Src/boards/NucleoL476/sx126x-board.c **** 
 132:Core/Src/boards/NucleoL476/sx126x-board.c ****     GpioWrite( &SX126x.Spi.Nss, 1 );
 640              		.loc 1 132 5 is_stmt 1 view .LVU98
 641 0044 0121     		movs	r1, #1
 642 0046 0348     		ldr	r0, .L44
 643 0048 FFF7FEFF 		bl	GpioWrite
 644              	.LVL56:
 133:Core/Src/boards/NucleoL476/sx126x-board.c **** 
 134:Core/Src/boards/NucleoL476/sx126x-board.c ****     SX126xWaitOnBusy( );
 645              		.loc 1 134 5 view .LVU99
 646 004c FFF7FEFF 		bl	SX126xWaitOnBusy
 647              	.LVL57:
 135:Core/Src/boards/NucleoL476/sx126x-board.c **** }
 648              		.loc 1 135 1 is_stmt 0 view .LVU100
 649 0050 F8BD     		pop	{r3, r4, r5, r6, r7, pc}
 650              	.LVL58:
 651              	.L45:
 652              		.loc 1 135 1 view .LVU101
 653 0052 00BF     		.align	2
 654              	.L44:
 655 0054 C4000000 		.word	SX126x+196
 656 0058 3C000000 		.word	SX126x+60
 657              		.cfi_endproc
 658              	.LFE143:
 660              		.section	.text.SX126xWriteRegister,"ax",%progbits
 661              		.align	1
 662              		.global	SX126xWriteRegister
 663              		.syntax unified
 664              		.thumb
 665              		.thumb_func
ARM GAS  C:\Users\andywei\AppData\Local\Temp\ccUe46lx.s 			page 15


 666              		.fpu fpv4-sp-d16
 668              	SX126xWriteRegister:
 669              	.LVL59:
 670              	.LFB144:
 136:Core/Src/boards/NucleoL476/sx126x-board.c **** 
 137:Core/Src/boards/NucleoL476/sx126x-board.c **** void SX126xWriteRegister( uint16_t address, uint8_t value )
 138:Core/Src/boards/NucleoL476/sx126x-board.c **** {
 671              		.loc 1 138 1 is_stmt 1 view -0
 672              		.cfi_startproc
 673              		@ args = 0, pretend = 0, frame = 8
 674              		@ frame_needed = 0, uses_anonymous_args = 0
 675              		.loc 1 138 1 is_stmt 0 view .LVU103
 676 0000 00B5     		push	{lr}
 677              	.LCFI15:
 678              		.cfi_def_cfa_offset 4
 679              		.cfi_offset 14, -4
 680 0002 83B0     		sub	sp, sp, #12
 681              	.LCFI16:
 682              		.cfi_def_cfa_offset 16
 683 0004 8DF80710 		strb	r1, [sp, #7]
 139:Core/Src/boards/NucleoL476/sx126x-board.c ****     SX126xWriteRegisters( address, &value, 1 );
 684              		.loc 1 139 5 is_stmt 1 view .LVU104
 685 0008 0122     		movs	r2, #1
 686 000a 0DF10701 		add	r1, sp, #7
 687              	.LVL60:
 688              		.loc 1 139 5 is_stmt 0 view .LVU105
 689 000e FFF7FEFF 		bl	SX126xWriteRegisters
 690              	.LVL61:
 140:Core/Src/boards/NucleoL476/sx126x-board.c **** }
 691              		.loc 1 140 1 view .LVU106
 692 0012 03B0     		add	sp, sp, #12
 693              	.LCFI17:
 694              		.cfi_def_cfa_offset 4
 695              		@ sp needed
 696 0014 5DF804FB 		ldr	pc, [sp], #4
 697              		.cfi_endproc
 698              	.LFE144:
 700              		.section	.text.SX126xReadRegisters,"ax",%progbits
 701              		.align	1
 702              		.global	SX126xReadRegisters
 703              		.syntax unified
 704              		.thumb
 705              		.thumb_func
 706              		.fpu fpv4-sp-d16
 708              	SX126xReadRegisters:
 709              	.LVL62:
 710              	.LFB145:
 141:Core/Src/boards/NucleoL476/sx126x-board.c **** 
 142:Core/Src/boards/NucleoL476/sx126x-board.c **** void SX126xReadRegisters( uint16_t address, uint8_t *buffer, uint16_t size )
 143:Core/Src/boards/NucleoL476/sx126x-board.c **** {
 711              		.loc 1 143 1 is_stmt 1 view -0
 712              		.cfi_startproc
 713              		@ args = 0, pretend = 0, frame = 0
 714              		@ frame_needed = 0, uses_anonymous_args = 0
 715              		.loc 1 143 1 is_stmt 0 view .LVU108
 716 0000 F8B5     		push	{r3, r4, r5, r6, r7, lr}
 717              	.LCFI18:
ARM GAS  C:\Users\andywei\AppData\Local\Temp\ccUe46lx.s 			page 16


 718              		.cfi_def_cfa_offset 24
 719              		.cfi_offset 3, -24
 720              		.cfi_offset 4, -20
 721              		.cfi_offset 5, -16
 722              		.cfi_offset 6, -12
 723              		.cfi_offset 7, -8
 724              		.cfi_offset 14, -4
 725 0002 0746     		mov	r7, r0
 726 0004 0E46     		mov	r6, r1
 727 0006 1546     		mov	r5, r2
 144:Core/Src/boards/NucleoL476/sx126x-board.c ****     SX126xCheckDeviceReady( );
 728              		.loc 1 144 5 is_stmt 1 view .LVU109
 729 0008 FFF7FEFF 		bl	SX126xCheckDeviceReady
 730              	.LVL63:
 145:Core/Src/boards/NucleoL476/sx126x-board.c **** 
 146:Core/Src/boards/NucleoL476/sx126x-board.c ****     GpioWrite( &SX126x.Spi.Nss, 0 );
 731              		.loc 1 146 5 view .LVU110
 732 000c 134C     		ldr	r4, .L52
 733 000e 0021     		movs	r1, #0
 734 0010 2046     		mov	r0, r4
 735 0012 FFF7FEFF 		bl	GpioWrite
 736              	.LVL64:
 147:Core/Src/boards/NucleoL476/sx126x-board.c **** 
 148:Core/Src/boards/NucleoL476/sx126x-board.c ****     SpiInOut( &SX126x.Spi, RADIO_READ_REGISTER );
 737              		.loc 1 148 5 view .LVU111
 738 0016 883C     		subs	r4, r4, #136
 739 0018 1D21     		movs	r1, #29
 740 001a 2046     		mov	r0, r4
 741 001c FFF7FEFF 		bl	SpiInOut
 742              	.LVL65:
 149:Core/Src/boards/NucleoL476/sx126x-board.c ****     SpiInOut( &SX126x.Spi, ( address & 0xFF00 ) >> 8 );
 743              		.loc 1 149 5 view .LVU112
 744 0020 390A     		lsrs	r1, r7, #8
 745 0022 2046     		mov	r0, r4
 746 0024 FFF7FEFF 		bl	SpiInOut
 747              	.LVL66:
 150:Core/Src/boards/NucleoL476/sx126x-board.c ****     SpiInOut( &SX126x.Spi, address & 0x00FF );
 748              		.loc 1 150 5 view .LVU113
 749 0028 F9B2     		uxtb	r1, r7
 750 002a 2046     		mov	r0, r4
 751 002c FFF7FEFF 		bl	SpiInOut
 752              	.LVL67:
 151:Core/Src/boards/NucleoL476/sx126x-board.c ****     SpiInOut( &SX126x.Spi, 0 );
 753              		.loc 1 151 5 view .LVU114
 754 0030 0021     		movs	r1, #0
 755 0032 2046     		mov	r0, r4
 756 0034 FFF7FEFF 		bl	SpiInOut
 757              	.LVL68:
 152:Core/Src/boards/NucleoL476/sx126x-board.c ****     for( uint16_t i = 0; i < size; i++ )
 758              		.loc 1 152 5 view .LVU115
 759              	.LBB5:
 760              		.loc 1 152 10 view .LVU116
 761              		.loc 1 152 19 is_stmt 0 view .LVU117
 762 0038 0024     		movs	r4, #0
 763              		.loc 1 152 5 view .LVU118
 764 003a 06E0     		b	.L49
 765              	.LVL69:
ARM GAS  C:\Users\andywei\AppData\Local\Temp\ccUe46lx.s 			page 17


 766              	.L50:
 153:Core/Src/boards/NucleoL476/sx126x-board.c ****     {
 154:Core/Src/boards/NucleoL476/sx126x-board.c ****         buffer[i] = SpiInOut( &SX126x.Spi, 0 );
 767              		.loc 1 154 9 is_stmt 1 discriminator 3 view .LVU119
 768              		.loc 1 154 21 is_stmt 0 discriminator 3 view .LVU120
 769 003c 0021     		movs	r1, #0
 770 003e 0848     		ldr	r0, .L52+4
 771 0040 FFF7FEFF 		bl	SpiInOut
 772              	.LVL70:
 773              		.loc 1 154 19 discriminator 3 view .LVU121
 774 0044 3055     		strb	r0, [r6, r4]
 152:Core/Src/boards/NucleoL476/sx126x-board.c ****     for( uint16_t i = 0; i < size; i++ )
 775              		.loc 1 152 36 is_stmt 1 discriminator 3 view .LVU122
 152:Core/Src/boards/NucleoL476/sx126x-board.c ****     for( uint16_t i = 0; i < size; i++ )
 776              		.loc 1 152 37 is_stmt 0 discriminator 3 view .LVU123
 777 0046 0134     		adds	r4, r4, #1
 778              	.LVL71:
 152:Core/Src/boards/NucleoL476/sx126x-board.c ****     for( uint16_t i = 0; i < size; i++ )
 779              		.loc 1 152 37 discriminator 3 view .LVU124
 780 0048 A4B2     		uxth	r4, r4
 781              	.LVL72:
 782              	.L49:
 152:Core/Src/boards/NucleoL476/sx126x-board.c ****     for( uint16_t i = 0; i < size; i++ )
 783              		.loc 1 152 26 is_stmt 1 discriminator 1 view .LVU125
 152:Core/Src/boards/NucleoL476/sx126x-board.c ****     for( uint16_t i = 0; i < size; i++ )
 784              		.loc 1 152 5 is_stmt 0 discriminator 1 view .LVU126
 785 004a AC42     		cmp	r4, r5
 786 004c F6D3     		bcc	.L50
 787              	.LBE5:
 155:Core/Src/boards/NucleoL476/sx126x-board.c ****     }
 156:Core/Src/boards/NucleoL476/sx126x-board.c ****     GpioWrite( &SX126x.Spi.Nss, 1 );
 788              		.loc 1 156 5 is_stmt 1 view .LVU127
 789 004e 0121     		movs	r1, #1
 790 0050 0248     		ldr	r0, .L52
 791 0052 FFF7FEFF 		bl	GpioWrite
 792              	.LVL73:
 157:Core/Src/boards/NucleoL476/sx126x-board.c **** 
 158:Core/Src/boards/NucleoL476/sx126x-board.c ****     SX126xWaitOnBusy( );
 793              		.loc 1 158 5 view .LVU128
 794 0056 FFF7FEFF 		bl	SX126xWaitOnBusy
 795              	.LVL74:
 159:Core/Src/boards/NucleoL476/sx126x-board.c **** }
 796              		.loc 1 159 1 is_stmt 0 view .LVU129
 797 005a F8BD     		pop	{r3, r4, r5, r6, r7, pc}
 798              	.LVL75:
 799              	.L53:
 800              		.loc 1 159 1 view .LVU130
 801              		.align	2
 802              	.L52:
 803 005c C4000000 		.word	SX126x+196
 804 0060 3C000000 		.word	SX126x+60
 805              		.cfi_endproc
 806              	.LFE145:
 808              		.section	.text.SX126xReadRegister,"ax",%progbits
 809              		.align	1
 810              		.global	SX126xReadRegister
 811              		.syntax unified
ARM GAS  C:\Users\andywei\AppData\Local\Temp\ccUe46lx.s 			page 18


 812              		.thumb
 813              		.thumb_func
 814              		.fpu fpv4-sp-d16
 816              	SX126xReadRegister:
 817              	.LVL76:
 818              	.LFB146:
 160:Core/Src/boards/NucleoL476/sx126x-board.c **** 
 161:Core/Src/boards/NucleoL476/sx126x-board.c **** uint8_t SX126xReadRegister( uint16_t address )
 162:Core/Src/boards/NucleoL476/sx126x-board.c **** {
 819              		.loc 1 162 1 is_stmt 1 view -0
 820              		.cfi_startproc
 821              		@ args = 0, pretend = 0, frame = 8
 822              		@ frame_needed = 0, uses_anonymous_args = 0
 823              		.loc 1 162 1 is_stmt 0 view .LVU132
 824 0000 00B5     		push	{lr}
 825              	.LCFI19:
 826              		.cfi_def_cfa_offset 4
 827              		.cfi_offset 14, -4
 828 0002 83B0     		sub	sp, sp, #12
 829              	.LCFI20:
 830              		.cfi_def_cfa_offset 16
 163:Core/Src/boards/NucleoL476/sx126x-board.c ****     uint8_t data;
 831              		.loc 1 163 5 is_stmt 1 view .LVU133
 164:Core/Src/boards/NucleoL476/sx126x-board.c ****     SX126xReadRegisters( address, &data, 1 );
 832              		.loc 1 164 5 view .LVU134
 833 0004 0122     		movs	r2, #1
 834 0006 0DF10701 		add	r1, sp, #7
 835 000a FFF7FEFF 		bl	SX126xReadRegisters
 836              	.LVL77:
 165:Core/Src/boards/NucleoL476/sx126x-board.c ****     return data;
 837              		.loc 1 165 5 view .LVU135
 166:Core/Src/boards/NucleoL476/sx126x-board.c **** }
 838              		.loc 1 166 1 is_stmt 0 view .LVU136
 839 000e 9DF80700 		ldrb	r0, [sp, #7]	@ zero_extendqisi2
 840 0012 03B0     		add	sp, sp, #12
 841              	.LCFI21:
 842              		.cfi_def_cfa_offset 4
 843              		@ sp needed
 844 0014 5DF804FB 		ldr	pc, [sp], #4
 845              		.cfi_endproc
 846              	.LFE146:
 848              		.section	.text.SX126xWriteBuffer,"ax",%progbits
 849              		.align	1
 850              		.global	SX126xWriteBuffer
 851              		.syntax unified
 852              		.thumb
 853              		.thumb_func
 854              		.fpu fpv4-sp-d16
 856              	SX126xWriteBuffer:
 857              	.LVL78:
 858              	.LFB147:
 167:Core/Src/boards/NucleoL476/sx126x-board.c **** 
 168:Core/Src/boards/NucleoL476/sx126x-board.c **** void SX126xWriteBuffer( uint8_t offset, uint8_t *buffer, uint8_t size )
 169:Core/Src/boards/NucleoL476/sx126x-board.c **** {
 859              		.loc 1 169 1 is_stmt 1 view -0
 860              		.cfi_startproc
 861              		@ args = 0, pretend = 0, frame = 0
ARM GAS  C:\Users\andywei\AppData\Local\Temp\ccUe46lx.s 			page 19


 862              		@ frame_needed = 0, uses_anonymous_args = 0
 863              		.loc 1 169 1 is_stmt 0 view .LVU138
 864 0000 F8B5     		push	{r3, r4, r5, r6, r7, lr}
 865              	.LCFI22:
 866              		.cfi_def_cfa_offset 24
 867              		.cfi_offset 3, -24
 868              		.cfi_offset 4, -20
 869              		.cfi_offset 5, -16
 870              		.cfi_offset 6, -12
 871              		.cfi_offset 7, -8
 872              		.cfi_offset 14, -4
 873 0002 0746     		mov	r7, r0
 874 0004 0E46     		mov	r6, r1
 875 0006 1546     		mov	r5, r2
 170:Core/Src/boards/NucleoL476/sx126x-board.c ****     SX126xCheckDeviceReady( );
 876              		.loc 1 170 5 is_stmt 1 view .LVU139
 877 0008 FFF7FEFF 		bl	SX126xCheckDeviceReady
 878              	.LVL79:
 171:Core/Src/boards/NucleoL476/sx126x-board.c **** 
 172:Core/Src/boards/NucleoL476/sx126x-board.c ****     GpioWrite( &SX126x.Spi.Nss, 0 );
 879              		.loc 1 172 5 view .LVU140
 880 000c 0F4C     		ldr	r4, .L60
 881 000e 0021     		movs	r1, #0
 882 0010 2046     		mov	r0, r4
 883 0012 FFF7FEFF 		bl	GpioWrite
 884              	.LVL80:
 173:Core/Src/boards/NucleoL476/sx126x-board.c **** 
 174:Core/Src/boards/NucleoL476/sx126x-board.c ****     SpiInOut( &SX126x.Spi, RADIO_WRITE_BUFFER );
 885              		.loc 1 174 5 view .LVU141
 886 0016 883C     		subs	r4, r4, #136
 887 0018 0E21     		movs	r1, #14
 888 001a 2046     		mov	r0, r4
 889 001c FFF7FEFF 		bl	SpiInOut
 890              	.LVL81:
 175:Core/Src/boards/NucleoL476/sx126x-board.c ****     SpiInOut( &SX126x.Spi, offset );
 891              		.loc 1 175 5 view .LVU142
 892 0020 3946     		mov	r1, r7
 893 0022 2046     		mov	r0, r4
 894 0024 FFF7FEFF 		bl	SpiInOut
 895              	.LVL82:
 176:Core/Src/boards/NucleoL476/sx126x-board.c ****     for( uint16_t i = 0; i < size; i++ )
 896              		.loc 1 176 5 view .LVU143
 897              	.LBB6:
 898              		.loc 1 176 10 view .LVU144
 899              		.loc 1 176 19 is_stmt 0 view .LVU145
 900 0028 0024     		movs	r4, #0
 901              		.loc 1 176 5 view .LVU146
 902 002a 05E0     		b	.L57
 903              	.LVL83:
 904              	.L58:
 177:Core/Src/boards/NucleoL476/sx126x-board.c ****     {
 178:Core/Src/boards/NucleoL476/sx126x-board.c ****         SpiInOut( &SX126x.Spi, buffer[i] );
 905              		.loc 1 178 9 is_stmt 1 discriminator 3 view .LVU147
 906 002c 315D     		ldrb	r1, [r6, r4]	@ zero_extendqisi2
 907 002e 0848     		ldr	r0, .L60+4
 908 0030 FFF7FEFF 		bl	SpiInOut
 909              	.LVL84:
ARM GAS  C:\Users\andywei\AppData\Local\Temp\ccUe46lx.s 			page 20


 176:Core/Src/boards/NucleoL476/sx126x-board.c ****     for( uint16_t i = 0; i < size; i++ )
 910              		.loc 1 176 36 discriminator 3 view .LVU148
 176:Core/Src/boards/NucleoL476/sx126x-board.c ****     for( uint16_t i = 0; i < size; i++ )
 911              		.loc 1 176 37 is_stmt 0 discriminator 3 view .LVU149
 912 0034 0134     		adds	r4, r4, #1
 913              	.LVL85:
 176:Core/Src/boards/NucleoL476/sx126x-board.c ****     for( uint16_t i = 0; i < size; i++ )
 914              		.loc 1 176 37 discriminator 3 view .LVU150
 915 0036 A4B2     		uxth	r4, r4
 916              	.LVL86:
 917              	.L57:
 176:Core/Src/boards/NucleoL476/sx126x-board.c ****     for( uint16_t i = 0; i < size; i++ )
 918              		.loc 1 176 26 is_stmt 1 discriminator 1 view .LVU151
 176:Core/Src/boards/NucleoL476/sx126x-board.c ****     for( uint16_t i = 0; i < size; i++ )
 919              		.loc 1 176 28 is_stmt 0 discriminator 1 view .LVU152
 920 0038 ABB2     		uxth	r3, r5
 176:Core/Src/boards/NucleoL476/sx126x-board.c ****     for( uint16_t i = 0; i < size; i++ )
 921              		.loc 1 176 5 discriminator 1 view .LVU153
 922 003a A342     		cmp	r3, r4
 923 003c F6D8     		bhi	.L58
 924              	.LBE6:
 179:Core/Src/boards/NucleoL476/sx126x-board.c ****     }
 180:Core/Src/boards/NucleoL476/sx126x-board.c ****     GpioWrite( &SX126x.Spi.Nss, 1 );
 925              		.loc 1 180 5 is_stmt 1 view .LVU154
 926 003e 0121     		movs	r1, #1
 927 0040 0248     		ldr	r0, .L60
 928 0042 FFF7FEFF 		bl	GpioWrite
 929              	.LVL87:
 181:Core/Src/boards/NucleoL476/sx126x-board.c **** 
 182:Core/Src/boards/NucleoL476/sx126x-board.c ****     SX126xWaitOnBusy( );
 930              		.loc 1 182 5 view .LVU155
 931 0046 FFF7FEFF 		bl	SX126xWaitOnBusy
 932              	.LVL88:
 183:Core/Src/boards/NucleoL476/sx126x-board.c **** }
 933              		.loc 1 183 1 is_stmt 0 view .LVU156
 934 004a F8BD     		pop	{r3, r4, r5, r6, r7, pc}
 935              	.LVL89:
 936              	.L61:
 937              		.loc 1 183 1 view .LVU157
 938              		.align	2
 939              	.L60:
 940 004c C4000000 		.word	SX126x+196
 941 0050 3C000000 		.word	SX126x+60
 942              		.cfi_endproc
 943              	.LFE147:
 945              		.section	.text.SX126xReadBuffer,"ax",%progbits
 946              		.align	1
 947              		.global	SX126xReadBuffer
 948              		.syntax unified
 949              		.thumb
 950              		.thumb_func
 951              		.fpu fpv4-sp-d16
 953              	SX126xReadBuffer:
 954              	.LVL90:
 955              	.LFB148:
 184:Core/Src/boards/NucleoL476/sx126x-board.c **** 
 185:Core/Src/boards/NucleoL476/sx126x-board.c **** void SX126xReadBuffer( uint8_t offset, uint8_t *buffer, uint8_t size )
ARM GAS  C:\Users\andywei\AppData\Local\Temp\ccUe46lx.s 			page 21


 186:Core/Src/boards/NucleoL476/sx126x-board.c **** {
 956              		.loc 1 186 1 is_stmt 1 view -0
 957              		.cfi_startproc
 958              		@ args = 0, pretend = 0, frame = 0
 959              		@ frame_needed = 0, uses_anonymous_args = 0
 960              		.loc 1 186 1 is_stmt 0 view .LVU159
 961 0000 F8B5     		push	{r3, r4, r5, r6, r7, lr}
 962              	.LCFI23:
 963              		.cfi_def_cfa_offset 24
 964              		.cfi_offset 3, -24
 965              		.cfi_offset 4, -20
 966              		.cfi_offset 5, -16
 967              		.cfi_offset 6, -12
 968              		.cfi_offset 7, -8
 969              		.cfi_offset 14, -4
 970 0002 0746     		mov	r7, r0
 971 0004 0E46     		mov	r6, r1
 972 0006 1546     		mov	r5, r2
 187:Core/Src/boards/NucleoL476/sx126x-board.c ****     SX126xCheckDeviceReady( );
 973              		.loc 1 187 5 is_stmt 1 view .LVU160
 974 0008 FFF7FEFF 		bl	SX126xCheckDeviceReady
 975              	.LVL91:
 188:Core/Src/boards/NucleoL476/sx126x-board.c **** 
 189:Core/Src/boards/NucleoL476/sx126x-board.c ****     GpioWrite( &SX126x.Spi.Nss, 0 );
 976              		.loc 1 189 5 view .LVU161
 977 000c 124C     		ldr	r4, .L66
 978 000e 0021     		movs	r1, #0
 979 0010 2046     		mov	r0, r4
 980 0012 FFF7FEFF 		bl	GpioWrite
 981              	.LVL92:
 190:Core/Src/boards/NucleoL476/sx126x-board.c **** 
 191:Core/Src/boards/NucleoL476/sx126x-board.c ****     SpiInOut( &SX126x.Spi, RADIO_READ_BUFFER );
 982              		.loc 1 191 5 view .LVU162
 983 0016 883C     		subs	r4, r4, #136
 984 0018 1E21     		movs	r1, #30
 985 001a 2046     		mov	r0, r4
 986 001c FFF7FEFF 		bl	SpiInOut
 987              	.LVL93:
 192:Core/Src/boards/NucleoL476/sx126x-board.c ****     SpiInOut( &SX126x.Spi, offset );
 988              		.loc 1 192 5 view .LVU163
 989 0020 3946     		mov	r1, r7
 990 0022 2046     		mov	r0, r4
 991 0024 FFF7FEFF 		bl	SpiInOut
 992              	.LVL94:
 193:Core/Src/boards/NucleoL476/sx126x-board.c ****     SpiInOut( &SX126x.Spi, 0 );
 993              		.loc 1 193 5 view .LVU164
 994 0028 0021     		movs	r1, #0
 995 002a 2046     		mov	r0, r4
 996 002c FFF7FEFF 		bl	SpiInOut
 997              	.LVL95:
 194:Core/Src/boards/NucleoL476/sx126x-board.c ****     for( uint16_t i = 0; i < size; i++ )
 998              		.loc 1 194 5 view .LVU165
 999              	.LBB7:
 1000              		.loc 1 194 10 view .LVU166
 1001              		.loc 1 194 19 is_stmt 0 view .LVU167
 1002 0030 0024     		movs	r4, #0
 1003              		.loc 1 194 5 view .LVU168
ARM GAS  C:\Users\andywei\AppData\Local\Temp\ccUe46lx.s 			page 22


 1004 0032 06E0     		b	.L63
 1005              	.LVL96:
 1006              	.L64:
 195:Core/Src/boards/NucleoL476/sx126x-board.c ****     {
 196:Core/Src/boards/NucleoL476/sx126x-board.c ****         buffer[i] = SpiInOut( &SX126x.Spi, 0 );
 1007              		.loc 1 196 9 is_stmt 1 discriminator 3 view .LVU169
 1008              		.loc 1 196 21 is_stmt 0 discriminator 3 view .LVU170
 1009 0034 0021     		movs	r1, #0
 1010 0036 0948     		ldr	r0, .L66+4
 1011 0038 FFF7FEFF 		bl	SpiInOut
 1012              	.LVL97:
 1013              		.loc 1 196 19 discriminator 3 view .LVU171
 1014 003c 3055     		strb	r0, [r6, r4]
 194:Core/Src/boards/NucleoL476/sx126x-board.c ****     for( uint16_t i = 0; i < size; i++ )
 1015              		.loc 1 194 36 is_stmt 1 discriminator 3 view .LVU172
 194:Core/Src/boards/NucleoL476/sx126x-board.c ****     for( uint16_t i = 0; i < size; i++ )
 1016              		.loc 1 194 37 is_stmt 0 discriminator 3 view .LVU173
 1017 003e 0134     		adds	r4, r4, #1
 1018              	.LVL98:
 194:Core/Src/boards/NucleoL476/sx126x-board.c ****     for( uint16_t i = 0; i < size; i++ )
 1019              		.loc 1 194 37 discriminator 3 view .LVU174
 1020 0040 A4B2     		uxth	r4, r4
 1021              	.LVL99:
 1022              	.L63:
 194:Core/Src/boards/NucleoL476/sx126x-board.c ****     for( uint16_t i = 0; i < size; i++ )
 1023              		.loc 1 194 26 is_stmt 1 discriminator 1 view .LVU175
 194:Core/Src/boards/NucleoL476/sx126x-board.c ****     for( uint16_t i = 0; i < size; i++ )
 1024              		.loc 1 194 28 is_stmt 0 discriminator 1 view .LVU176
 1025 0042 ABB2     		uxth	r3, r5
 194:Core/Src/boards/NucleoL476/sx126x-board.c ****     for( uint16_t i = 0; i < size; i++ )
 1026              		.loc 1 194 5 discriminator 1 view .LVU177
 1027 0044 A342     		cmp	r3, r4
 1028 0046 F5D8     		bhi	.L64
 1029              	.LBE7:
 197:Core/Src/boards/NucleoL476/sx126x-board.c ****     }
 198:Core/Src/boards/NucleoL476/sx126x-board.c ****     GpioWrite( &SX126x.Spi.Nss, 1 );
 1030              		.loc 1 198 5 is_stmt 1 view .LVU178
 1031 0048 0121     		movs	r1, #1
 1032 004a 0348     		ldr	r0, .L66
 1033 004c FFF7FEFF 		bl	GpioWrite
 1034              	.LVL100:
 199:Core/Src/boards/NucleoL476/sx126x-board.c **** 
 200:Core/Src/boards/NucleoL476/sx126x-board.c ****     SX126xWaitOnBusy( );
 1035              		.loc 1 200 5 view .LVU179
 1036 0050 FFF7FEFF 		bl	SX126xWaitOnBusy
 1037              	.LVL101:
 201:Core/Src/boards/NucleoL476/sx126x-board.c **** }
 1038              		.loc 1 201 1 is_stmt 0 view .LVU180
 1039 0054 F8BD     		pop	{r3, r4, r5, r6, r7, pc}
 1040              	.LVL102:
 1041              	.L67:
 1042              		.loc 1 201 1 view .LVU181
 1043 0056 00BF     		.align	2
 1044              	.L66:
 1045 0058 C4000000 		.word	SX126x+196
 1046 005c 3C000000 		.word	SX126x+60
 1047              		.cfi_endproc
ARM GAS  C:\Users\andywei\AppData\Local\Temp\ccUe46lx.s 			page 23


 1048              	.LFE148:
 1050              		.section	.text.SX126xSetRfTxPower,"ax",%progbits
 1051              		.align	1
 1052              		.global	SX126xSetRfTxPower
 1053              		.syntax unified
 1054              		.thumb
 1055              		.thumb_func
 1056              		.fpu fpv4-sp-d16
 1058              	SX126xSetRfTxPower:
 1059              	.LVL103:
 1060              	.LFB149:
 202:Core/Src/boards/NucleoL476/sx126x-board.c **** 
 203:Core/Src/boards/NucleoL476/sx126x-board.c **** void SX126xSetRfTxPower( int8_t power )
 204:Core/Src/boards/NucleoL476/sx126x-board.c **** {
 1061              		.loc 1 204 1 is_stmt 1 view -0
 1062              		.cfi_startproc
 1063              		@ args = 0, pretend = 0, frame = 0
 1064              		@ frame_needed = 0, uses_anonymous_args = 0
 1065              		.loc 1 204 1 is_stmt 0 view .LVU183
 1066 0000 08B5     		push	{r3, lr}
 1067              	.LCFI24:
 1068              		.cfi_def_cfa_offset 8
 1069              		.cfi_offset 3, -8
 1070              		.cfi_offset 14, -4
 205:Core/Src/boards/NucleoL476/sx126x-board.c ****     SX126xSetTxParams( power, RADIO_RAMP_40_US );
 1071              		.loc 1 205 5 is_stmt 1 view .LVU184
 1072 0002 0221     		movs	r1, #2
 1073 0004 FFF7FEFF 		bl	SX126xSetTxParams
 1074              	.LVL104:
 206:Core/Src/boards/NucleoL476/sx126x-board.c **** }
 1075              		.loc 1 206 1 is_stmt 0 view .LVU185
 1076 0008 08BD     		pop	{r3, pc}
 1077              		.cfi_endproc
 1078              	.LFE149:
 1080              		.section	.text.SX126xGetPaSelect,"ax",%progbits
 1081              		.align	1
 1082              		.global	SX126xGetPaSelect
 1083              		.syntax unified
 1084              		.thumb
 1085              		.thumb_func
 1086              		.fpu fpv4-sp-d16
 1088              	SX126xGetPaSelect:
 1089              	.LVL105:
 1090              	.LFB150:
 207:Core/Src/boards/NucleoL476/sx126x-board.c **** 
 208:Core/Src/boards/NucleoL476/sx126x-board.c **** uint8_t SX126xGetPaSelect( uint32_t channel )
 209:Core/Src/boards/NucleoL476/sx126x-board.c **** {
 1091              		.loc 1 209 1 is_stmt 1 view -0
 1092              		.cfi_startproc
 1093              		@ args = 0, pretend = 0, frame = 0
 1094              		@ frame_needed = 0, uses_anonymous_args = 0
 1095              		@ link register save eliminated.
 210:Core/Src/boards/NucleoL476/sx126x-board.c ****     // if( GpioRead( &DeviceSel ) == 1 )
 211:Core/Src/boards/NucleoL476/sx126x-board.c ****     // {
 212:Core/Src/boards/NucleoL476/sx126x-board.c ****     //     return SX1261;
 213:Core/Src/boards/NucleoL476/sx126x-board.c ****     // }
 214:Core/Src/boards/NucleoL476/sx126x-board.c ****     // else
ARM GAS  C:\Users\andywei\AppData\Local\Temp\ccUe46lx.s 			page 24


 215:Core/Src/boards/NucleoL476/sx126x-board.c ****     {
 216:Core/Src/boards/NucleoL476/sx126x-board.c ****         return SX1262;
 1096              		.loc 1 216 9 view .LVU187
 217:Core/Src/boards/NucleoL476/sx126x-board.c ****     }
 218:Core/Src/boards/NucleoL476/sx126x-board.c **** }
 1097              		.loc 1 218 1 is_stmt 0 view .LVU188
 1098 0000 0220     		movs	r0, #2
 1099              	.LVL106:
 1100              		.loc 1 218 1 view .LVU189
 1101 0002 7047     		bx	lr
 1102              		.cfi_endproc
 1103              	.LFE150:
 1105              		.section	.text.SX126xAntSwOn,"ax",%progbits
 1106              		.align	1
 1107              		.global	SX126xAntSwOn
 1108              		.syntax unified
 1109              		.thumb
 1110              		.thumb_func
 1111              		.fpu fpv4-sp-d16
 1113              	SX126xAntSwOn:
 1114              	.LFB151:
 219:Core/Src/boards/NucleoL476/sx126x-board.c **** 
 220:Core/Src/boards/NucleoL476/sx126x-board.c **** void SX126xAntSwOn( void )
 221:Core/Src/boards/NucleoL476/sx126x-board.c **** {
 1115              		.loc 1 221 1 is_stmt 1 view -0
 1116              		.cfi_startproc
 1117              		@ args = 0, pretend = 0, frame = 0
 1118              		@ frame_needed = 0, uses_anonymous_args = 0
 1119 0000 00B5     		push	{lr}
 1120              	.LCFI25:
 1121              		.cfi_def_cfa_offset 4
 1122              		.cfi_offset 14, -4
 1123 0002 83B0     		sub	sp, sp, #12
 1124              	.LCFI26:
 1125              		.cfi_def_cfa_offset 16
 222:Core/Src/boards/NucleoL476/sx126x-board.c ****     GpioInit( &AntPow, ANT_SWITCH_POWER, PIN_OUTPUT, PIN_PUSH_PULL, PIN_PULL_UP, 1 );
 1126              		.loc 1 222 5 view .LVU191
 1127 0004 0122     		movs	r2, #1
 1128 0006 0192     		str	r2, [sp, #4]
 1129 0008 0092     		str	r2, [sp]
 1130 000a 0023     		movs	r3, #0
 1131 000c 0921     		movs	r1, #9
 1132 000e 0348     		ldr	r0, .L73
 1133 0010 FFF7FEFF 		bl	GpioInit
 1134              	.LVL107:
 223:Core/Src/boards/NucleoL476/sx126x-board.c **** }
 1135              		.loc 1 223 1 is_stmt 0 view .LVU192
 1136 0014 03B0     		add	sp, sp, #12
 1137              	.LCFI27:
 1138              		.cfi_def_cfa_offset 4
 1139              		@ sp needed
 1140 0016 5DF804FB 		ldr	pc, [sp], #4
 1141              	.L74:
 1142 001a 00BF     		.align	2
 1143              	.L73:
 1144 001c 00000000 		.word	.LANCHOR1
 1145              		.cfi_endproc
ARM GAS  C:\Users\andywei\AppData\Local\Temp\ccUe46lx.s 			page 25


 1146              	.LFE151:
 1148              		.section	.text.SX126xAntSwOff,"ax",%progbits
 1149              		.align	1
 1150              		.global	SX126xAntSwOff
 1151              		.syntax unified
 1152              		.thumb
 1153              		.thumb_func
 1154              		.fpu fpv4-sp-d16
 1156              	SX126xAntSwOff:
 1157              	.LFB152:
 224:Core/Src/boards/NucleoL476/sx126x-board.c **** 
 225:Core/Src/boards/NucleoL476/sx126x-board.c **** void SX126xAntSwOff( void )
 226:Core/Src/boards/NucleoL476/sx126x-board.c **** {
 1158              		.loc 1 226 1 is_stmt 1 view -0
 1159              		.cfi_startproc
 1160              		@ args = 0, pretend = 0, frame = 0
 1161              		@ frame_needed = 0, uses_anonymous_args = 0
 1162 0000 00B5     		push	{lr}
 1163              	.LCFI28:
 1164              		.cfi_def_cfa_offset 4
 1165              		.cfi_offset 14, -4
 1166 0002 83B0     		sub	sp, sp, #12
 1167              	.LCFI29:
 1168              		.cfi_def_cfa_offset 16
 227:Core/Src/boards/NucleoL476/sx126x-board.c ****     GpioInit( &AntPow, ANT_SWITCH_POWER, PIN_OUTPUT, PIN_PUSH_PULL, PIN_NO_PULL, 0 );
 1169              		.loc 1 227 5 view .LVU194
 1170 0004 0023     		movs	r3, #0
 1171 0006 0193     		str	r3, [sp, #4]
 1172 0008 0093     		str	r3, [sp]
 1173 000a 0122     		movs	r2, #1
 1174 000c 0921     		movs	r1, #9
 1175 000e 0348     		ldr	r0, .L77
 1176 0010 FFF7FEFF 		bl	GpioInit
 1177              	.LVL108:
 228:Core/Src/boards/NucleoL476/sx126x-board.c **** }
 1178              		.loc 1 228 1 is_stmt 0 view .LVU195
 1179 0014 03B0     		add	sp, sp, #12
 1180              	.LCFI30:
 1181              		.cfi_def_cfa_offset 4
 1182              		@ sp needed
 1183 0016 5DF804FB 		ldr	pc, [sp], #4
 1184              	.L78:
 1185 001a 00BF     		.align	2
 1186              	.L77:
 1187 001c 00000000 		.word	.LANCHOR1
 1188              		.cfi_endproc
 1189              	.LFE152:
 1191              		.section	.text.SX126xCheckRfFrequency,"ax",%progbits
 1192              		.align	1
 1193              		.global	SX126xCheckRfFrequency
 1194              		.syntax unified
 1195              		.thumb
 1196              		.thumb_func
 1197              		.fpu fpv4-sp-d16
 1199              	SX126xCheckRfFrequency:
 1200              	.LVL109:
 1201              	.LFB153:
ARM GAS  C:\Users\andywei\AppData\Local\Temp\ccUe46lx.s 			page 26


 229:Core/Src/boards/NucleoL476/sx126x-board.c **** 
 230:Core/Src/boards/NucleoL476/sx126x-board.c **** bool SX126xCheckRfFrequency( uint32_t frequency )
 231:Core/Src/boards/NucleoL476/sx126x-board.c **** {
 1202              		.loc 1 231 1 is_stmt 1 view -0
 1203              		.cfi_startproc
 1204              		@ args = 0, pretend = 0, frame = 0
 1205              		@ frame_needed = 0, uses_anonymous_args = 0
 1206              		@ link register save eliminated.
 232:Core/Src/boards/NucleoL476/sx126x-board.c ****     // Implement check. Currently all frequencies are supported
 233:Core/Src/boards/NucleoL476/sx126x-board.c ****     return true;
 1207              		.loc 1 233 5 view .LVU197
 234:Core/Src/boards/NucleoL476/sx126x-board.c **** }
 1208              		.loc 1 234 1 is_stmt 0 view .LVU198
 1209 0000 0120     		movs	r0, #1
 1210              	.LVL110:
 1211              		.loc 1 234 1 view .LVU199
 1212 0002 7047     		bx	lr
 1213              		.cfi_endproc
 1214              	.LFE153:
 1216              		.global	DeviceSel
 1217              		.global	AntPow
 1218              		.section	.bss.AntPow,"aw",%nobits
 1219              		.align	2
 1220              		.set	.LANCHOR1,. + 0
 1223              	AntPow:
 1224 0000 00000000 		.space	12
 1224      00000000 
 1224      00000000 
 1225              		.section	.bss.DeviceSel,"aw",%nobits
 1226              		.align	2
 1227              		.set	.LANCHOR0,. + 0
 1230              	DeviceSel:
 1231 0000 00000000 		.space	12
 1231      00000000 
 1231      00000000 
 1232              		.text
 1233              	.Letext0:
 1234              		.file 2 "c:\\program files (x86)\\gnu arm embedded toolchain\\10 2020-q4-major\\arm-none-eabi\\inc
 1235              		.file 3 "c:\\program files (x86)\\gnu arm embedded toolchain\\10 2020-q4-major\\arm-none-eabi\\inc
 1236              		.file 4 "Drivers/CMSIS/Device/ST/STM32L4xx/Include/stm32l476xx.h"
 1237              		.file 5 "Drivers/STM32L4xx_HAL_Driver/Inc/stm32l4xx_hal_def.h"
 1238              		.file 6 "Drivers/STM32L4xx_HAL_Driver/Inc/stm32l4xx_hal_dma.h"
 1239              		.file 7 "Drivers/STM32L4xx_HAL_Driver/Inc/stm32l4xx_hal_spi.h"
 1240              		.file 8 "Core/Src/system/gpio.h"
 1241              		.file 9 "Core/Src/boards/NucleoL476/spi-board.h"
 1242              		.file 10 "Core/Src/system/spi.h"
 1243              		.file 11 "Core/Src/radio/sx126x/sx126x.h"
 1244              		.file 12 "Core/Src/boards/NucleoL476/sx126x-board.h"
 1245              		.file 13 "Core/Src/boards/NucleoL476/board.h"
 1246              		.file 14 "Core/Src/system/delay.h"
ARM GAS  C:\Users\andywei\AppData\Local\Temp\ccUe46lx.s 			page 27


DEFINED SYMBOLS
                            *ABS*:00000000 sx126x-board.c
C:\Users\andywei\AppData\Local\Temp\ccUe46lx.s:18     .text.SX126xIoInit:00000000 $t
C:\Users\andywei\AppData\Local\Temp\ccUe46lx.s:26     .text.SX126xIoInit:00000000 SX126xIoInit
C:\Users\andywei\AppData\Local\Temp\ccUe46lx.s:89     .text.SX126xIoInit:00000050 $d
C:\Users\andywei\AppData\Local\Temp\ccUe46lx.s:95     .text.SX126xIoIrqInit:00000000 $t
C:\Users\andywei\AppData\Local\Temp\ccUe46lx.s:102    .text.SX126xIoIrqInit:00000000 SX126xIoIrqInit
C:\Users\andywei\AppData\Local\Temp\ccUe46lx.s:129    .text.SX126xIoIrqInit:00000010 $d
C:\Users\andywei\AppData\Local\Temp\ccUe46lx.s:134    .text.SX126xIoDeInit:00000000 $t
C:\Users\andywei\AppData\Local\Temp\ccUe46lx.s:141    .text.SX126xIoDeInit:00000000 SX126xIoDeInit
C:\Users\andywei\AppData\Local\Temp\ccUe46lx.s:195    .text.SX126xIoDeInit:00000044 $d
C:\Users\andywei\AppData\Local\Temp\ccUe46lx.s:200    .text.SX126xReset:00000000 $t
C:\Users\andywei\AppData\Local\Temp\ccUe46lx.s:207    .text.SX126xReset:00000000 SX126xReset
C:\Users\andywei\AppData\Local\Temp\ccUe46lx.s:263    .text.SX126xReset:00000040 $d
C:\Users\andywei\AppData\Local\Temp\ccUe46lx.s:268    .text.SX126xWaitOnBusy:00000000 $t
C:\Users\andywei\AppData\Local\Temp\ccUe46lx.s:275    .text.SX126xWaitOnBusy:00000000 SX126xWaitOnBusy
C:\Users\andywei\AppData\Local\Temp\ccUe46lx.s:301    .text.SX126xWaitOnBusy:00000010 $d
C:\Users\andywei\AppData\Local\Temp\ccUe46lx.s:306    .text.SX126xWakeup:00000000 $t
C:\Users\andywei\AppData\Local\Temp\ccUe46lx.s:313    .text.SX126xWakeup:00000000 SX126xWakeup
C:\Users\andywei\AppData\Local\Temp\ccUe46lx.s:362    .text.SX126xWakeup:00000038 $d
C:\Users\andywei\AppData\Local\Temp\ccUe46lx.s:367    .text.SX126xWriteCommand:00000000 $t
C:\Users\andywei\AppData\Local\Temp\ccUe46lx.s:374    .text.SX126xWriteCommand:00000000 SX126xWriteCommand
C:\Users\andywei\AppData\Local\Temp\ccUe46lx.s:457    .text.SX126xWriteCommand:00000048 $d
C:\Users\andywei\AppData\Local\Temp\ccUe46lx.s:463    .text.SX126xReadCommand:00000000 $t
C:\Users\andywei\AppData\Local\Temp\ccUe46lx.s:470    .text.SX126xReadCommand:00000000 SX126xReadCommand
C:\Users\andywei\AppData\Local\Temp\ccUe46lx.s:555    .text.SX126xReadCommand:0000004c $d
C:\Users\andywei\AppData\Local\Temp\ccUe46lx.s:561    .text.SX126xWriteRegisters:00000000 $t
C:\Users\andywei\AppData\Local\Temp\ccUe46lx.s:568    .text.SX126xWriteRegisters:00000000 SX126xWriteRegisters
C:\Users\andywei\AppData\Local\Temp\ccUe46lx.s:655    .text.SX126xWriteRegisters:00000054 $d
C:\Users\andywei\AppData\Local\Temp\ccUe46lx.s:661    .text.SX126xWriteRegister:00000000 $t
C:\Users\andywei\AppData\Local\Temp\ccUe46lx.s:668    .text.SX126xWriteRegister:00000000 SX126xWriteRegister
C:\Users\andywei\AppData\Local\Temp\ccUe46lx.s:701    .text.SX126xReadRegisters:00000000 $t
C:\Users\andywei\AppData\Local\Temp\ccUe46lx.s:708    .text.SX126xReadRegisters:00000000 SX126xReadRegisters
C:\Users\andywei\AppData\Local\Temp\ccUe46lx.s:803    .text.SX126xReadRegisters:0000005c $d
C:\Users\andywei\AppData\Local\Temp\ccUe46lx.s:809    .text.SX126xReadRegister:00000000 $t
C:\Users\andywei\AppData\Local\Temp\ccUe46lx.s:816    .text.SX126xReadRegister:00000000 SX126xReadRegister
C:\Users\andywei\AppData\Local\Temp\ccUe46lx.s:849    .text.SX126xWriteBuffer:00000000 $t
C:\Users\andywei\AppData\Local\Temp\ccUe46lx.s:856    .text.SX126xWriteBuffer:00000000 SX126xWriteBuffer
C:\Users\andywei\AppData\Local\Temp\ccUe46lx.s:940    .text.SX126xWriteBuffer:0000004c $d
C:\Users\andywei\AppData\Local\Temp\ccUe46lx.s:946    .text.SX126xReadBuffer:00000000 $t
C:\Users\andywei\AppData\Local\Temp\ccUe46lx.s:953    .text.SX126xReadBuffer:00000000 SX126xReadBuffer
C:\Users\andywei\AppData\Local\Temp\ccUe46lx.s:1045   .text.SX126xReadBuffer:00000058 $d
C:\Users\andywei\AppData\Local\Temp\ccUe46lx.s:1051   .text.SX126xSetRfTxPower:00000000 $t
C:\Users\andywei\AppData\Local\Temp\ccUe46lx.s:1058   .text.SX126xSetRfTxPower:00000000 SX126xSetRfTxPower
C:\Users\andywei\AppData\Local\Temp\ccUe46lx.s:1081   .text.SX126xGetPaSelect:00000000 $t
C:\Users\andywei\AppData\Local\Temp\ccUe46lx.s:1088   .text.SX126xGetPaSelect:00000000 SX126xGetPaSelect
C:\Users\andywei\AppData\Local\Temp\ccUe46lx.s:1106   .text.SX126xAntSwOn:00000000 $t
C:\Users\andywei\AppData\Local\Temp\ccUe46lx.s:1113   .text.SX126xAntSwOn:00000000 SX126xAntSwOn
C:\Users\andywei\AppData\Local\Temp\ccUe46lx.s:1144   .text.SX126xAntSwOn:0000001c $d
C:\Users\andywei\AppData\Local\Temp\ccUe46lx.s:1149   .text.SX126xAntSwOff:00000000 $t
C:\Users\andywei\AppData\Local\Temp\ccUe46lx.s:1156   .text.SX126xAntSwOff:00000000 SX126xAntSwOff
C:\Users\andywei\AppData\Local\Temp\ccUe46lx.s:1187   .text.SX126xAntSwOff:0000001c $d
C:\Users\andywei\AppData\Local\Temp\ccUe46lx.s:1192   .text.SX126xCheckRfFrequency:00000000 $t
C:\Users\andywei\AppData\Local\Temp\ccUe46lx.s:1199   .text.SX126xCheckRfFrequency:00000000 SX126xCheckRfFrequency
C:\Users\andywei\AppData\Local\Temp\ccUe46lx.s:1230   .bss.DeviceSel:00000000 DeviceSel
C:\Users\andywei\AppData\Local\Temp\ccUe46lx.s:1223   .bss.AntPow:00000000 AntPow
C:\Users\andywei\AppData\Local\Temp\ccUe46lx.s:1219   .bss.AntPow:00000000 $d
ARM GAS  C:\Users\andywei\AppData\Local\Temp\ccUe46lx.s 			page 28


C:\Users\andywei\AppData\Local\Temp\ccUe46lx.s:1226   .bss.DeviceSel:00000000 $d

UNDEFINED SYMBOLS
GpioInit
SX126x
GpioSetInterrupt
DelayMs
GpioRead
BoardDisableIrq
GpioWrite
SpiInOut
BoardEnableIrq
SX126xCheckDeviceReady
SX126xSetTxParams
